2021-11-18 11:33:41 INFO  cic.cs.unb.ca.jnetpcap.worker.TrafficFlowWorker    Pcap is listening...
2021-11-18 11:44:28 INFO  cic.cs.unb.ca.flow.ui.FlowMonitorPane    Pcap stop listening
2021-11-18 11:44:28 INFO  cic.cs.unb.ca.flow.ui.FlowMonitorPane    path:/root/PycharmProjects/final_IDS/CICFlowMeter-4.0/bin/data/daily/2021-11-18_Flow.csv
2021-11-18 11:44:29 INFO  cic.cs.unb.ca.jnetpcap.worker.TrafficFlowWorker    Pcap is listening...
2021-11-18 11:45:13 INFO  cic.cs.unb.ca.jnetpcap.worker.TrafficFlowWorker    Pcap is listening...
2021-11-18 11:46:37 DEBUG cic.cs.unb.ca.jnetpcap.FlowGenerator    FlagFIN current has 33 flow
2021-11-18 11:46:37 DEBUG cic.cs.unb.ca.jnetpcap.FlowGenerator    FlagFIN current has 33 flow
2021-11-18 11:46:39 DEBUG cic.cs.unb.ca.jnetpcap.FlowGenerator    FlagFIN current has 33 flow
2021-11-18 11:46:39 DEBUG cic.cs.unb.ca.jnetpcap.FlowGenerator    FlagFIN current has 33 flow
2021-11-18 11:47:39 DEBUG cic.cs.unb.ca.jnetpcap.FlowGenerator    FlagFIN current has 33 flow
2021-11-18 11:47:39 DEBUG cic.cs.unb.ca.jnetpcap.FlowGenerator    FlagFIN current has 33 flow
2021-11-18 11:48:18 DEBUG cic.cs.unb.ca.jnetpcap.FlowGenerator    FlagFIN current has 38 flow
2021-11-18 11:48:18 DEBUG cic.cs.unb.ca.jnetpcap.FlowGenerator    FlagFIN current has 38 flow
2021-11-18 11:48:38 DEBUG cic.cs.unb.ca.jnetpcap.FlowGenerator    FlagFIN current has 41 flow
2021-11-18 11:48:38 DEBUG cic.cs.unb.ca.jnetpcap.FlowGenerator    FlagFIN current has 41 flow
2021-11-18 11:48:57 DEBUG cic.cs.unb.ca.jnetpcap.FlowGenerator    FlagFIN current has 41 flow
2021-11-18 11:48:57 DEBUG cic.cs.unb.ca.jnetpcap.FlowGenerator    FlagFIN current has 41 flow
2021-11-18 11:49:33 DEBUG cic.cs.unb.ca.jnetpcap.FlowGenerator    FlagFIN current has 49 flow
2021-11-18 11:49:33 DEBUG cic.cs.unb.ca.jnetpcap.FlowGenerator    FlagFIN current has 49 flow
2021-11-18 11:49:33 DEBUG cic.cs.unb.ca.jnetpcap.FlowGenerator    FlagFIN current has 49 flow
2021-11-18 11:49:59 DEBUG cic.cs.unb.ca.jnetpcap.FlowGenerator    FlagFIN current has 51 flow
2021-11-18 11:49:59 DEBUG cic.cs.unb.ca.jnetpcap.FlowGenerator    FlagFIN current has 51 flow
2021-11-18 11:49:59 DEBUG cic.cs.unb.ca.jnetpcap.FlowGenerator    FlagFIN current has 51 flow
2021-11-18 11:49:59 DEBUG cic.cs.unb.ca.jnetpcap.FlowGenerator    FlagFIN current has 51 flow
2021-11-18 11:50:49 DEBUG cic.cs.unb.ca.jnetpcap.FlowGenerator    FlagFIN current has 51 flow
2021-11-18 11:50:49 DEBUG cic.cs.unb.ca.jnetpcap.FlowGenerator    FlagFIN current has 51 flow
2021-11-18 11:52:33 DEBUG cic.cs.unb.ca.jnetpcap.FlowGenerator    FlagFIN current has 62 flow
2021-11-18 11:52:39 DEBUG cic.cs.unb.ca.jnetpcap.FlowGenerator    FlagFIN current has 62 flow
2021-11-18 11:52:39 DEBUG cic.cs.unb.ca.jnetpcap.FlowGenerator    FlagFIN current has 62 flow
2021-11-18 11:52:51 DEBUG cic.cs.unb.ca.jnetpcap.FlowGenerator    FlagFIN current has 62 flow
2021-11-18 11:52:51 DEBUG cic.cs.unb.ca.jnetpcap.FlowGenerator    FlagFIN current has 62 flow
2021-11-18 11:55:33 DEBUG cic.cs.unb.ca.jnetpcap.FlowGenerator    FlagFIN current has 78 flow
2021-11-18 11:57:47 DEBUG cic.cs.unb.ca.jnetpcap.FlowGenerator    FlagFIN current has 82 flow
2021-11-18 11:57:47 DEBUG cic.cs.unb.ca.jnetpcap.FlowGenerator    FlagFIN current has 82 flow
2021-11-18 11:58:17 DEBUG cic.cs.unb.ca.jnetpcap.FlowGenerator    FlagFIN current has 84 flow
2021-11-18 11:58:17 DEBUG cic.cs.unb.ca.jnetpcap.FlowGenerator    FlagFIN current has 84 flow
2021-11-18 11:58:32 DEBUG cic.cs.unb.ca.jnetpcap.FlowGenerator    FlagFIN current has 92 flow
2021-11-18 11:58:32 DEBUG cic.cs.unb.ca.jnetpcap.FlowGenerator    FlagFIN current has 92 flow
2021-11-18 11:58:33 DEBUG cic.cs.unb.ca.jnetpcap.FlowGenerator    FlagFIN current has 92 flow
2021-11-18 12:01:26 DEBUG cic.cs.unb.ca.jnetpcap.FlowGenerator    FlagFIN current has 97 flow
2021-11-18 12:01:26 DEBUG cic.cs.unb.ca.jnetpcap.FlowGenerator    FlagFIN current has 96 flow
2021-11-18 12:01:26 DEBUG cic.cs.unb.ca.jnetpcap.FlowGenerator    FlagFIN current has 96 flow
2021-11-18 12:01:26 DEBUG cic.cs.unb.ca.jnetpcap.FlowGenerator    FlagFIN current has 97 flow
2021-11-18 12:01:34 DEBUG cic.cs.unb.ca.jnetpcap.FlowGenerator    FlagFIN current has 100 flow
2021-11-18 12:01:34 DEBUG cic.cs.unb.ca.jnetpcap.FlowGenerator    FlagFIN current has 100 flow
2021-11-18 12:01:34 DEBUG cic.cs.unb.ca.jnetpcap.FlowGenerator    FlagFIN current has 100 flow
2021-11-18 12:01:34 DEBUG cic.cs.unb.ca.jnetpcap.FlowGenerator    FlagFIN current has 99 flow
2021-11-18 12:01:48 DEBUG cic.cs.unb.ca.jnetpcap.FlowGenerator    Timeout current has 100 flow
2021-11-18 12:01:48 DEBUG cic.cs.unb.ca.jnetpcap.FlowGenerator    Timeout current has 100 flow
2021-11-18 12:01:54 DEBUG cic.cs.unb.ca.jnetpcap.FlowGenerator    Timeout current has 100 flow
2021-11-18 12:01:54 DEBUG cic.cs.unb.ca.jnetpcap.FlowGenerator    Timeout current has 100 flow
2021-11-18 12:02:38 DEBUG cic.cs.unb.ca.jnetpcap.FlowGenerator    FlagFIN current has 110 flow
2021-11-18 12:03:39 DEBUG cic.cs.unb.ca.jnetpcap.FlowGenerator    FlagFIN current has 119 flow
2021-11-18 12:03:39 DEBUG cic.cs.unb.ca.jnetpcap.FlowGenerator    FlagFIN current has 118 flow
2021-11-18 12:03:39 DEBUG cic.cs.unb.ca.jnetpcap.FlowGenerator    FlagFIN current has 117 flow
2021-11-18 12:03:39 DEBUG cic.cs.unb.ca.jnetpcap.FlowGenerator    FlagFIN current has 116 flow
2021-11-18 12:03:39 DEBUG cic.cs.unb.ca.jnetpcap.FlowGenerator    FlagFIN current has 115 flow
2021-11-18 12:03:39 DEBUG cic.cs.unb.ca.jnetpcap.FlowGenerator    FlagFIN current has 114 flow
2021-11-18 12:03:39 DEBUG cic.cs.unb.ca.jnetpcap.FlowGenerator    FlagFIN current has 113 flow
2021-11-18 12:03:39 DEBUG cic.cs.unb.ca.jnetpcap.FlowGenerator    FlagFIN current has 112 flow
2021-11-18 12:03:39 DEBUG cic.cs.unb.ca.jnetpcap.FlowGenerator    FlagFIN current has 111 flow
2021-11-18 12:03:39 DEBUG cic.cs.unb.ca.jnetpcap.FlowGenerator    FlagFIN current has 111 flow
2021-11-18 12:03:39 DEBUG cic.cs.unb.ca.jnetpcap.FlowGenerator    FlagFIN current has 112 flow
2021-11-18 12:03:39 DEBUG cic.cs.unb.ca.jnetpcap.FlowGenerator    FlagFIN current has 113 flow
2021-11-18 12:03:39 DEBUG cic.cs.unb.ca.jnetpcap.FlowGenerator    FlagFIN current has 114 flow
2021-11-18 12:03:39 DEBUG cic.cs.unb.ca.jnetpcap.FlowGenerator    FlagFIN current has 115 flow
2021-11-18 12:03:39 DEBUG cic.cs.unb.ca.jnetpcap.FlowGenerator    FlagFIN current has 116 flow
2021-11-18 12:03:39 DEBUG cic.cs.unb.ca.jnetpcap.FlowGenerator    FlagFIN current has 117 flow
2021-11-18 12:03:39 DEBUG cic.cs.unb.ca.jnetpcap.FlowGenerator    FlagFIN current has 118 flow
2021-11-18 12:03:39 DEBUG cic.cs.unb.ca.jnetpcap.FlowGenerator    FlagFIN current has 118 flow
2021-11-18 12:03:39 DEBUG cic.cs.unb.ca.jnetpcap.FlowGenerator    FlagFIN current has 119 flow
2021-11-18 12:03:39 DEBUG cic.cs.unb.ca.jnetpcap.FlowGenerator    FlagFIN current has 119 flow
2021-11-18 12:04:33 DEBUG cic.cs.unb.ca.jnetpcap.FlowGenerator    FlagFIN current has 125 flow
2021-11-18 12:04:33 DEBUG cic.cs.unb.ca.jnetpcap.FlowGenerator    FlagFIN current has 125 flow
2021-11-18 12:06:52 DEBUG cic.cs.unb.ca.jnetpcap.FlowGenerator    FlagFIN current has 137 flow
2021-11-18 12:06:52 DEBUG cic.cs.unb.ca.jnetpcap.FlowGenerator    FlagFIN current has 137 flow
2021-11-18 12:07:35 DEBUG cic.cs.unb.ca.jnetpcap.FlowGenerator    FlagFIN current has 151 flow
2021-11-18 12:07:35 DEBUG cic.cs.unb.ca.jnetpcap.FlowGenerator    FlagFIN current has 151 flow
2021-11-18 12:07:35 DEBUG cic.cs.unb.ca.jnetpcap.FlowGenerator    FlagFIN current has 151 flow
2021-11-18 12:09:47 DEBUG cic.cs.unb.ca.jnetpcap.FlowGenerator    FlagFIN current has 160 flow
2021-11-18 12:09:47 DEBUG cic.cs.unb.ca.jnetpcap.FlowGenerator    FlagFIN current has 160 flow
2021-11-18 12:09:47 DEBUG cic.cs.unb.ca.jnetpcap.FlowGenerator    FlagFIN current has 160 flow
2021-11-18 12:09:47 DEBUG cic.cs.unb.ca.jnetpcap.FlowGenerator    FlagFIN current has 160 flow
2021-11-18 12:09:47 DEBUG cic.cs.unb.ca.jnetpcap.FlowGenerator    FlagFIN current has 160 flow
2021-11-18 12:09:47 DEBUG cic.cs.unb.ca.jnetpcap.FlowGenerator    FlagFIN current has 160 flow
2021-11-18 12:10:26 DEBUG cic.cs.unb.ca.jnetpcap.FlowGenerator    FlagFIN current has 167 flow
2021-11-18 12:10:32 DEBUG cic.cs.unb.ca.jnetpcap.FlowGenerator    FlagFIN current has 167 flow
2021-11-18 12:10:32 DEBUG cic.cs.unb.ca.jnetpcap.FlowGenerator    FlagFIN current has 167 flow
2021-11-18 12:11:03 DEBUG cic.cs.unb.ca.jnetpcap.FlowGenerator    FlagFIN current has 179 flow
2021-11-18 12:11:03 DEBUG cic.cs.unb.ca.jnetpcap.FlowGenerator    FlagFIN current has 179 flow
2021-11-18 12:12:16 DEBUG cic.cs.unb.ca.jnetpcap.FlowGenerator    FlagFIN current has 196 flow
2021-11-18 12:12:16 DEBUG cic.cs.unb.ca.jnetpcap.FlowGenerator    FlagFIN current has 196 flow
2021-11-18 12:12:16 DEBUG cic.cs.unb.ca.jnetpcap.FlowGenerator    FlagFIN current has 196 flow
2021-11-18 12:12:24 DEBUG cic.cs.unb.ca.jnetpcap.FlowGenerator    FlagFIN current has 199 flow
2021-11-18 12:12:24 DEBUG cic.cs.unb.ca.jnetpcap.FlowGenerator    FlagFIN current has 199 flow
2021-11-18 12:12:50 DEBUG cic.cs.unb.ca.jnetpcap.FlowGenerator    FlagFIN current has 199 flow
2021-11-18 12:12:50 DEBUG cic.cs.unb.ca.jnetpcap.FlowGenerator    FlagFIN current has 199 flow
2021-11-18 12:12:53 DEBUG cic.cs.unb.ca.jnetpcap.FlowGenerator    FlagFIN current has 199 flow
2021-11-18 12:12:53 DEBUG cic.cs.unb.ca.jnetpcap.FlowGenerator    FlagFIN current has 199 flow
2021-11-18 12:12:53 DEBUG cic.cs.unb.ca.jnetpcap.FlowGenerator    FlagFIN current has 199 flow
2021-11-18 12:13:01 DEBUG cic.cs.unb.ca.jnetpcap.FlowGenerator    FlagFIN current has 199 flow
2021-11-18 12:13:10 DEBUG cic.cs.unb.ca.jnetpcap.FlowGenerator    FlagFIN current has 205 flow
2021-11-18 12:13:10 DEBUG cic.cs.unb.ca.jnetpcap.FlowGenerator    FlagFIN current has 205 flow
2021-11-18 12:13:35 DEBUG cic.cs.unb.ca.jnetpcap.FlowGenerator    FlagFIN current has 208 flow
2021-11-18 12:13:37 DEBUG cic.cs.unb.ca.jnetpcap.FlowGenerator    FlagFIN current has 208 flow
2021-11-18 12:14:13 DEBUG cic.cs.unb.ca.jnetpcap.FlowGenerator    FlagFIN current has 208 flow
2021-11-18 12:14:19 DEBUG cic.cs.unb.ca.jnetpcap.FlowGenerator    FlagFIN current has 208 flow
2021-11-18 12:14:20 DEBUG cic.cs.unb.ca.jnetpcap.FlowGenerator    FlagFIN current has 208 flow
2021-11-18 12:15:13 DEBUG cic.cs.unb.ca.jnetpcap.FlowGenerator    FlagFIN current has 214 flow
2021-11-18 12:15:13 DEBUG cic.cs.unb.ca.jnetpcap.FlowGenerator    FlagFIN current has 214 flow
2021-11-18 12:15:18 DEBUG cic.cs.unb.ca.jnetpcap.FlowGenerator    FlagFIN current has 214 flow
2021-11-18 12:15:18 DEBUG cic.cs.unb.ca.jnetpcap.FlowGenerator    FlagFIN current has 214 flow
2021-11-18 12:15:43 DEBUG cic.cs.unb.ca.jnetpcap.FlowGenerator    FlagFIN current has 216 flow
2021-11-18 12:15:43 DEBUG cic.cs.unb.ca.jnetpcap.FlowGenerator    FlagFIN current has 216 flow
2021-11-18 12:16:35 DEBUG cic.cs.unb.ca.jnetpcap.FlowGenerator    FlagFIN current has 219 flow
2021-11-18 12:16:35 DEBUG cic.cs.unb.ca.jnetpcap.FlowGenerator    FlagFIN current has 219 flow
2021-11-18 12:16:35 DEBUG cic.cs.unb.ca.jnetpcap.FlowGenerator    FlagFIN current has 219 flow
2021-11-18 12:16:35 DEBUG cic.cs.unb.ca.jnetpcap.FlowGenerator    FlagFIN current has 219 flow
2021-11-18 12:16:50 DEBUG cic.cs.unb.ca.jnetpcap.FlowGenerator    FlagFIN current has 219 flow
2021-11-18 12:16:50 DEBUG cic.cs.unb.ca.jnetpcap.FlowGenerator    FlagFIN current has 220 flow
2021-11-18 12:16:50 DEBUG cic.cs.unb.ca.jnetpcap.FlowGenerator    FlagFIN current has 221 flow
2021-11-18 12:16:58 DEBUG cic.cs.unb.ca.jnetpcap.FlowGenerator    FlagFIN current has 225 flow
2021-11-18 12:16:58 DEBUG cic.cs.unb.ca.jnetpcap.FlowGenerator    FlagFIN current has 225 flow
2021-11-18 12:17:44 DEBUG cic.cs.unb.ca.jnetpcap.FlowGenerator    FlagFIN current has 228 flow
2021-11-18 12:17:44 DEBUG cic.cs.unb.ca.jnetpcap.FlowGenerator    FlagFIN current has 228 flow
2021-11-18 12:18:27 DEBUG cic.cs.unb.ca.jnetpcap.FlowGenerator    FlagFIN current has 237 flow
2021-11-18 12:18:27 DEBUG cic.cs.unb.ca.jnetpcap.FlowGenerator    FlagFIN current has 237 flow
2021-11-18 12:19:35 DEBUG cic.cs.unb.ca.jnetpcap.FlowGenerator    FlagFIN current has 247 flow
2021-11-18 12:19:38 DEBUG cic.cs.unb.ca.jnetpcap.FlowGenerator    FlagFIN current has 247 flow
2021-11-18 12:19:38 DEBUG cic.cs.unb.ca.jnetpcap.FlowGenerator    FlagFIN current has 247 flow
2021-11-18 12:19:43 DEBUG cic.cs.unb.ca.jnetpcap.FlowGenerator    FlagFIN current has 247 flow
2021-11-18 12:19:43 DEBUG cic.cs.unb.ca.jnetpcap.FlowGenerator    FlagFIN current has 247 flow
2021-11-18 12:21:38 DEBUG cic.cs.unb.ca.jnetpcap.FlowGenerator    FlagFIN current has 251 flow
2021-11-18 12:22:13 DEBUG cic.cs.unb.ca.jnetpcap.FlowGenerator    FlagFIN current has 265 flow
2021-11-18 12:22:13 DEBUG cic.cs.unb.ca.jnetpcap.FlowGenerator    FlagFIN current has 265 flow
2021-11-18 12:22:14 DEBUG cic.cs.unb.ca.jnetpcap.FlowGenerator    FlagFIN current has 265 flow
2021-11-18 12:22:14 DEBUG cic.cs.unb.ca.jnetpcap.FlowGenerator    FlagFIN current has 265 flow
2021-11-18 12:22:18 DEBUG cic.cs.unb.ca.jnetpcap.FlowGenerator    FlagFIN current has 269 flow
2021-11-18 12:22:18 DEBUG cic.cs.unb.ca.jnetpcap.FlowGenerator    FlagFIN current has 269 flow
2021-11-18 12:22:34 DEBUG cic.cs.unb.ca.jnetpcap.FlowGenerator    FlagFIN current has 271 flow
2021-11-18 12:23:28 DEBUG cic.cs.unb.ca.jnetpcap.FlowGenerator    FlagFIN current has 282 flow
2021-11-18 12:23:28 DEBUG cic.cs.unb.ca.jnetpcap.FlowGenerator    FlagFIN current has 282 flow
2021-11-18 12:23:44 DEBUG cic.cs.unb.ca.jnetpcap.FlowGenerator    FlagFIN current has 282 flow
2021-11-18 12:24:02 DEBUG cic.cs.unb.ca.jnetpcap.FlowGenerator    FlagFIN current has 282 flow
2021-11-18 12:24:02 DEBUG cic.cs.unb.ca.jnetpcap.FlowGenerator    FlagFIN current has 282 flow
2021-11-18 12:24:22 DEBUG cic.cs.unb.ca.jnetpcap.FlowGenerator    FlagFIN current has 282 flow
2021-11-18 12:24:42 DEBUG cic.cs.unb.ca.jnetpcap.FlowGenerator    FlagFIN current has 282 flow
2021-11-18 12:24:42 DEBUG cic.cs.unb.ca.jnetpcap.FlowGenerator    FlagFIN current has 282 flow
2021-11-18 12:25:34 DEBUG cic.cs.unb.ca.jnetpcap.FlowGenerator    FlagFIN current has 293 flow
2021-11-18 12:25:34 DEBUG cic.cs.unb.ca.jnetpcap.FlowGenerator    FlagFIN current has 293 flow
2021-11-18 12:25:34 DEBUG cic.cs.unb.ca.jnetpcap.FlowGenerator    FlagFIN current has 293 flow
2021-11-18 12:25:42 DEBUG cic.cs.unb.ca.jnetpcap.FlowGenerator    FlagFIN current has 293 flow
2021-11-18 12:25:44 DEBUG cic.cs.unb.ca.jnetpcap.FlowGenerator    FlagFIN current has 293 flow
2021-11-18 12:25:44 DEBUG cic.cs.unb.ca.jnetpcap.FlowGenerator    FlagFIN current has 293 flow
2021-11-18 12:25:54 DEBUG cic.cs.unb.ca.jnetpcap.FlowGenerator    FlagFIN current has 295 flow
2021-11-18 12:25:54 DEBUG cic.cs.unb.ca.jnetpcap.FlowGenerator    FlagFIN current has 295 flow
2021-11-18 12:25:54 DEBUG cic.cs.unb.ca.jnetpcap.FlowGenerator    FlagFIN current has 295 flow
2021-11-18 12:28:27 DEBUG cic.cs.unb.ca.jnetpcap.FlowGenerator    FlagFIN current has 307 flow
2021-11-18 12:28:27 DEBUG cic.cs.unb.ca.jnetpcap.FlowGenerator    FlagFIN current has 307 flow
2021-11-18 12:28:53 DEBUG cic.cs.unb.ca.jnetpcap.FlowGenerator    FlagFIN current has 309 flow
2021-11-18 12:29:08 DEBUG cic.cs.unb.ca.jnetpcap.FlowGenerator    FlagFIN current has 309 flow
2021-11-18 12:29:21 DEBUG cic.cs.unb.ca.jnetpcap.FlowGenerator    FlagFIN current has 311 flow
2021-11-18 12:29:21 DEBUG cic.cs.unb.ca.jnetpcap.FlowGenerator    FlagFIN current has 311 flow
2021-11-18 12:30:49 DEBUG cic.cs.unb.ca.jnetpcap.FlowGenerator    FlagFIN current has 311 flow
2021-11-18 12:31:34 DEBUG cic.cs.unb.ca.jnetpcap.FlowGenerator    FlagFIN current has 323 flow
2021-11-18 12:31:34 DEBUG cic.cs.unb.ca.jnetpcap.FlowGenerator    FlagFIN current has 323 flow
2021-11-18 12:31:34 DEBUG cic.cs.unb.ca.jnetpcap.FlowGenerator    FlagFIN current has 323 flow
2021-11-18 12:31:34 DEBUG cic.cs.unb.ca.jnetpcap.FlowGenerator    FlagFIN current has 323 flow
2021-11-18 12:31:34 DEBUG cic.cs.unb.ca.jnetpcap.FlowGenerator    FlagFIN current has 323 flow
2021-11-18 12:31:59 DEBUG cic.cs.unb.ca.jnetpcap.FlowGenerator    FlagFIN current has 323 flow
2021-11-18 12:32:47 DEBUG cic.cs.unb.ca.jnetpcap.FlowGenerator    FlagFIN current has 323 flow
2021-11-18 12:33:16 DEBUG cic.cs.unb.ca.jnetpcap.FlowGenerator    FlagFIN current has 323 flow
2021-11-18 12:34:40 DEBUG cic.cs.unb.ca.jnetpcap.FlowGenerator    FlagFIN current has 329 flow
2021-11-18 12:34:52 DEBUG cic.cs.unb.ca.jnetpcap.FlowGenerator    FlagFIN current has 340 flow
2021-11-18 12:34:52 DEBUG cic.cs.unb.ca.jnetpcap.FlowGenerator    FlagFIN current has 340 flow
2021-11-18 12:34:54 DEBUG cic.cs.unb.ca.jnetpcap.FlowGenerator    FlagFIN current has 353 flow
2021-11-18 12:34:54 DEBUG cic.cs.unb.ca.jnetpcap.FlowGenerator    FlagFIN current has 353 flow
2021-11-18 12:34:54 DEBUG cic.cs.unb.ca.jnetpcap.FlowGenerator    FlagFIN current has 353 flow
2021-11-18 12:34:56 DEBUG cic.cs.unb.ca.jnetpcap.FlowGenerator    FlagFIN current has 364 flow
2021-11-18 12:34:56 DEBUG cic.cs.unb.ca.jnetpcap.FlowGenerator    FlagFIN current has 364 flow
2021-11-18 12:34:57 DEBUG cic.cs.unb.ca.jnetpcap.FlowGenerator    FlagFIN current has 364 flow
2021-11-18 12:34:57 DEBUG cic.cs.unb.ca.jnetpcap.FlowGenerator    FlagFIN current has 364 flow
2021-11-18 12:35:01 DEBUG cic.cs.unb.ca.jnetpcap.FlowGenerator    FlagFIN current has 364 flow
2021-11-18 12:35:04 DEBUG cic.cs.unb.ca.jnetpcap.FlowGenerator    FlagFIN current has 366 flow
2021-11-18 12:35:04 DEBUG cic.cs.unb.ca.jnetpcap.FlowGenerator    FlagFIN current has 366 flow
2021-11-18 12:35:06 DEBUG cic.cs.unb.ca.jnetpcap.FlowGenerator    FlagFIN current has 371 flow
2021-11-18 12:35:06 DEBUG cic.cs.unb.ca.jnetpcap.FlowGenerator    FlagFIN current has 371 flow
2021-11-18 12:35:10 DEBUG cic.cs.unb.ca.jnetpcap.FlowGenerator    FlagFIN current has 380 flow
2021-11-18 12:35:10 DEBUG cic.cs.unb.ca.jnetpcap.FlowGenerator    FlagFIN current has 380 flow
2021-11-18 12:35:10 DEBUG cic.cs.unb.ca.jnetpcap.FlowGenerator    FlagFIN current has 391 flow
2021-11-18 12:35:10 DEBUG cic.cs.unb.ca.jnetpcap.FlowGenerator    FlagFIN current has 392 flow
2021-11-18 12:35:10 DEBUG cic.cs.unb.ca.jnetpcap.FlowGenerator    FlagFIN current has 392 flow
2021-11-18 12:35:10 DEBUG cic.cs.unb.ca.jnetpcap.FlowGenerator    FlagFIN current has 393 flow
2021-11-18 12:35:10 DEBUG cic.cs.unb.ca.jnetpcap.FlowGenerator    FlagFIN current has 394 flow
2021-11-18 12:35:11 DEBUG cic.cs.unb.ca.jnetpcap.FlowGenerator    FlagFIN current has 396 flow
2021-11-18 12:35:18 DEBUG cic.cs.unb.ca.jnetpcap.FlowGenerator    FlagFIN current has 402 flow
2021-11-18 12:35:18 DEBUG cic.cs.unb.ca.jnetpcap.FlowGenerator    FlagFIN current has 402 flow
2021-11-18 12:35:18 DEBUG cic.cs.unb.ca.jnetpcap.FlowGenerator    FlagFIN current has 406 flow
2021-11-18 12:35:18 DEBUG cic.cs.unb.ca.jnetpcap.FlowGenerator    FlagFIN current has 406 flow
2021-11-18 12:35:21 DEBUG cic.cs.unb.ca.jnetpcap.FlowGenerator    FlagFIN current has 409 flow
2021-11-18 12:35:30 DEBUG cic.cs.unb.ca.jnetpcap.FlowGenerator    FlagFIN current has 409 flow
2021-11-18 12:35:39 DEBUG cic.cs.unb.ca.jnetpcap.FlowGenerator    FlagFIN current has 411 flow
2021-11-18 12:35:47 DEBUG cic.cs.unb.ca.jnetpcap.FlowGenerator    FlagFIN current has 418 flow
2021-11-18 12:35:47 DEBUG cic.cs.unb.ca.jnetpcap.FlowGenerator    FlagFIN current has 418 flow
2021-11-18 12:35:57 DEBUG cic.cs.unb.ca.jnetpcap.FlowGenerator    FlagFIN current has 432 flow
2021-11-18 12:35:57 DEBUG cic.cs.unb.ca.jnetpcap.FlowGenerator    FlagFIN current has 432 flow
2021-11-18 12:35:59 DEBUG cic.cs.unb.ca.jnetpcap.FlowGenerator    FlagFIN current has 432 flow
2021-11-18 12:35:59 DEBUG cic.cs.unb.ca.jnetpcap.FlowGenerator    FlagFIN current has 431 flow
2021-11-18 12:35:59 DEBUG cic.cs.unb.ca.jnetpcap.FlowGenerator    FlagFIN current has 430 flow
2021-11-18 12:35:59 DEBUG cic.cs.unb.ca.jnetpcap.FlowGenerator    FlagFIN current has 429 flow
2021-11-18 12:36:00 DEBUG cic.cs.unb.ca.jnetpcap.FlowGenerator    FlagFIN current has 429 flow
2021-11-18 12:36:00 DEBUG cic.cs.unb.ca.jnetpcap.FlowGenerator    FlagFIN current has 430 flow
2021-11-18 12:36:00 DEBUG cic.cs.unb.ca.jnetpcap.FlowGenerator    FlagFIN current has 431 flow
2021-11-18 12:36:00 DEBUG cic.cs.unb.ca.jnetpcap.FlowGenerator    FlagFIN current has 432 flow
2021-11-18 12:36:02 DEBUG cic.cs.unb.ca.jnetpcap.FlowGenerator    FlagFIN current has 432 flow
2021-11-18 12:36:10 DEBUG cic.cs.unb.ca.jnetpcap.FlowGenerator    FlagFIN current has 432 flow
2021-11-18 12:36:10 DEBUG cic.cs.unb.ca.jnetpcap.FlowGenerator    FlagFIN current has 432 flow
2021-11-18 12:36:10 DEBUG cic.cs.unb.ca.jnetpcap.FlowGenerator    FlagFIN current has 432 flow
2021-11-18 12:36:28 DEBUG cic.cs.unb.ca.jnetpcap.FlowGenerator    FlagFIN current has 439 flow
2021-11-18 12:36:28 DEBUG cic.cs.unb.ca.jnetpcap.FlowGenerator    FlagFIN current has 439 flow
2021-11-18 12:36:28 DEBUG cic.cs.unb.ca.jnetpcap.FlowGenerator    FlagFIN current has 439 flow
2021-11-18 12:36:28 DEBUG cic.cs.unb.ca.jnetpcap.FlowGenerator    FlagFIN current has 439 flow
2021-11-18 12:36:28 DEBUG cic.cs.unb.ca.jnetpcap.FlowGenerator    FlagFIN current has 438 flow
2021-11-18 12:36:28 DEBUG cic.cs.unb.ca.jnetpcap.FlowGenerator    FlagFIN current has 437 flow
2021-11-18 12:36:28 DEBUG cic.cs.unb.ca.jnetpcap.FlowGenerator    FlagFIN current has 438 flow
2021-11-18 12:36:28 DEBUG cic.cs.unb.ca.jnetpcap.FlowGenerator    FlagFIN current has 439 flow
2021-11-18 12:36:28 DEBUG cic.cs.unb.ca.jnetpcap.FlowGenerator    FlagFIN current has 439 flow
2021-11-18 12:36:28 DEBUG cic.cs.unb.ca.jnetpcap.FlowGenerator    FlagFIN current has 439 flow
2021-11-18 12:37:04 DEBUG cic.cs.unb.ca.jnetpcap.FlowGenerator    FlagFIN current has 439 flow
2021-11-18 12:37:04 DEBUG cic.cs.unb.ca.jnetpcap.FlowGenerator    FlagFIN current has 438 flow
2021-11-18 12:37:04 DEBUG cic.cs.unb.ca.jnetpcap.FlowGenerator    FlagFIN current has 438 flow
2021-11-18 12:37:04 DEBUG cic.cs.unb.ca.jnetpcap.FlowGenerator    FlagFIN current has 439 flow
2021-11-18 12:37:04 DEBUG cic.cs.unb.ca.jnetpcap.FlowGenerator    FlagFIN current has 439 flow
2021-11-18 12:37:04 DEBUG cic.cs.unb.ca.jnetpcap.FlowGenerator    FlagFIN current has 438 flow
2021-11-18 12:37:04 DEBUG cic.cs.unb.ca.jnetpcap.FlowGenerator    FlagFIN current has 439 flow
2021-11-18 12:37:04 DEBUG cic.cs.unb.ca.jnetpcap.FlowGenerator    FlagFIN current has 438 flow
2021-11-18 12:37:04 DEBUG cic.cs.unb.ca.jnetpcap.FlowGenerator    FlagFIN current has 439 flow
2021-11-18 12:37:04 DEBUG cic.cs.unb.ca.jnetpcap.FlowGenerator    FlagFIN current has 439 flow
2021-11-18 12:37:17 DEBUG cic.cs.unb.ca.jnetpcap.FlowGenerator    FlagFIN current has 439 flow
2021-11-18 12:37:17 DEBUG cic.cs.unb.ca.jnetpcap.FlowGenerator    FlagFIN current has 439 flow
2021-11-18 12:37:17 DEBUG cic.cs.unb.ca.jnetpcap.FlowGenerator    FlagFIN current has 438 flow
2021-11-18 12:37:17 DEBUG cic.cs.unb.ca.jnetpcap.FlowGenerator    FlagFIN current has 438 flow
2021-11-18 12:37:17 DEBUG cic.cs.unb.ca.jnetpcap.FlowGenerator    FlagFIN current has 439 flow
2021-11-18 12:37:50 DEBUG cic.cs.unb.ca.jnetpcap.FlowGenerator    FlagFIN current has 443 flow
2021-11-18 12:37:50 DEBUG cic.cs.unb.ca.jnetpcap.FlowGenerator    FlagFIN current has 443 flow
2021-11-18 12:37:50 DEBUG cic.cs.unb.ca.jnetpcap.FlowGenerator    FlagFIN current has 443 flow
2021-11-18 12:37:50 DEBUG cic.cs.unb.ca.jnetpcap.FlowGenerator    FlagFIN current has 443 flow
2021-11-18 12:37:50 DEBUG cic.cs.unb.ca.jnetpcap.FlowGenerator    FlagFIN current has 443 flow
2021-11-18 12:37:50 DEBUG cic.cs.unb.ca.jnetpcap.FlowGenerator    FlagFIN current has 443 flow
2021-11-18 12:37:50 DEBUG cic.cs.unb.ca.jnetpcap.FlowGenerator    FlagFIN current has 443 flow
2021-11-18 12:37:50 DEBUG cic.cs.unb.ca.jnetpcap.FlowGenerator    FlagFIN current has 443 flow
2021-11-18 12:38:03 DEBUG cic.cs.unb.ca.jnetpcap.FlowGenerator    FlagFIN current has 443 flow
2021-11-18 12:38:03 DEBUG cic.cs.unb.ca.jnetpcap.FlowGenerator    FlagFIN current has 443 flow
2021-11-18 12:38:03 DEBUG cic.cs.unb.ca.jnetpcap.FlowGenerator    FlagFIN current has 443 flow
2021-11-18 12:38:03 DEBUG cic.cs.unb.ca.jnetpcap.FlowGenerator    FlagFIN current has 443 flow
2021-11-18 12:38:03 DEBUG cic.cs.unb.ca.jnetpcap.FlowGenerator    FlagFIN current has 443 flow
2021-11-18 12:38:03 DEBUG cic.cs.unb.ca.jnetpcap.FlowGenerator    FlagFIN current has 443 flow
2021-11-18 12:38:03 DEBUG cic.cs.unb.ca.jnetpcap.FlowGenerator    FlagFIN current has 443 flow
2021-11-18 12:38:03 DEBUG cic.cs.unb.ca.jnetpcap.FlowGenerator    FlagFIN current has 443 flow
2021-11-18 12:38:03 DEBUG cic.cs.unb.ca.jnetpcap.FlowGenerator    FlagFIN current has 443 flow
2021-11-18 12:38:12 DEBUG cic.cs.unb.ca.jnetpcap.FlowGenerator    FlagFIN current has 443 flow
2021-11-18 12:38:12 DEBUG cic.cs.unb.ca.jnetpcap.FlowGenerator    FlagFIN current has 443 flow
2021-11-18 12:38:12 DEBUG cic.cs.unb.ca.jnetpcap.FlowGenerator    FlagFIN current has 443 flow
2021-11-18 12:38:12 DEBUG cic.cs.unb.ca.jnetpcap.FlowGenerator    FlagFIN current has 442 flow
2021-11-18 12:38:12 DEBUG cic.cs.unb.ca.jnetpcap.FlowGenerator    FlagFIN current has 443 flow
2021-11-18 12:38:26 DEBUG cic.cs.unb.ca.jnetpcap.FlowGenerator    FlagFIN current has 443 flow
2021-11-18 12:38:26 DEBUG cic.cs.unb.ca.jnetpcap.FlowGenerator    FlagFIN current has 443 flow
2021-11-18 12:38:49 DEBUG cic.cs.unb.ca.jnetpcap.FlowGenerator    FlagFIN current has 443 flow
2021-11-18 12:38:49 DEBUG cic.cs.unb.ca.jnetpcap.FlowGenerator    FlagFIN current has 443 flow
2021-11-18 12:38:59 DEBUG cic.cs.unb.ca.jnetpcap.FlowGenerator    FlagFIN current has 443 flow
2021-11-18 12:39:00 DEBUG cic.cs.unb.ca.jnetpcap.FlowGenerator    FlagFIN current has 443 flow
2021-11-18 12:39:09 DEBUG cic.cs.unb.ca.jnetpcap.FlowGenerator    FlagFIN current has 443 flow
2021-11-18 12:39:10 DEBUG cic.cs.unb.ca.jnetpcap.FlowGenerator    FlagFIN current has 443 flow
2021-11-18 12:39:10 DEBUG cic.cs.unb.ca.jnetpcap.FlowGenerator    FlagFIN current has 443 flow
2021-11-18 12:39:10 DEBUG cic.cs.unb.ca.jnetpcap.FlowGenerator    FlagFIN current has 443 flow
2021-11-18 12:39:10 DEBUG cic.cs.unb.ca.jnetpcap.FlowGenerator    FlagFIN current has 443 flow
2021-11-18 12:39:13 DEBUG cic.cs.unb.ca.jnetpcap.FlowGenerator    FlagFIN current has 443 flow
2021-11-18 12:40:32 DEBUG cic.cs.unb.ca.jnetpcap.FlowGenerator    FlagFIN current has 448 flow
2021-11-18 12:40:32 DEBUG cic.cs.unb.ca.jnetpcap.FlowGenerator    FlagFIN current has 448 flow
2021-11-18 12:40:32 DEBUG cic.cs.unb.ca.jnetpcap.FlowGenerator    FlagFIN current has 448 flow
2021-11-18 12:40:33 DEBUG cic.cs.unb.ca.jnetpcap.FlowGenerator    FlagFIN current has 448 flow
2021-11-18 12:41:36 DEBUG cic.cs.unb.ca.jnetpcap.FlowGenerator    FlagFIN current has 448 flow
2021-11-18 12:41:36 DEBUG cic.cs.unb.ca.jnetpcap.FlowGenerator    FlagFIN current has 448 flow
2021-11-18 12:42:14 DEBUG cic.cs.unb.ca.jnetpcap.FlowGenerator    FlagFIN current has 453 flow
2021-11-18 12:42:14 DEBUG cic.cs.unb.ca.jnetpcap.FlowGenerator    FlagFIN current has 453 flow
2021-11-18 12:42:49 DEBUG cic.cs.unb.ca.jnetpcap.FlowGenerator    FlagFIN current has 453 flow
2021-11-18 12:43:34 DEBUG cic.cs.unb.ca.jnetpcap.FlowGenerator    FlagFIN current has 455 flow
2021-11-18 12:43:43 DEBUG cic.cs.unb.ca.jnetpcap.FlowGenerator    FlagFIN current has 457 flow
2021-11-18 12:43:43 DEBUG cic.cs.unb.ca.jnetpcap.FlowGenerator    FlagFIN current has 457 flow
2021-11-18 12:44:46 DEBUG cic.cs.unb.ca.jnetpcap.FlowGenerator    FlagFIN current has 457 flow
2021-11-18 12:44:46 DEBUG cic.cs.unb.ca.jnetpcap.FlowGenerator    FlagFIN current has 457 flow
2021-11-18 12:44:46 DEBUG cic.cs.unb.ca.jnetpcap.FlowGenerator    FlagFIN current has 457 flow
2021-11-18 12:44:46 DEBUG cic.cs.unb.ca.jnetpcap.FlowGenerator    FlagFIN current has 457 flow
2021-11-18 12:44:46 DEBUG cic.cs.unb.ca.jnetpcap.FlowGenerator    FlagFIN current has 457 flow
2021-11-18 12:44:46 DEBUG cic.cs.unb.ca.jnetpcap.FlowGenerator    FlagFIN current has 457 flow
2021-11-18 12:46:37 DEBUG cic.cs.unb.ca.jnetpcap.FlowGenerator    FlagFIN current has 469 flow
2021-11-18 12:48:24 DEBUG cic.cs.unb.ca.jnetpcap.FlowGenerator    FlagFIN current has 469 flow
2021-11-18 12:48:24 DEBUG cic.cs.unb.ca.jnetpcap.FlowGenerator    FlagFIN current has 469 flow
2021-11-18 12:48:59 DEBUG cic.cs.unb.ca.jnetpcap.FlowGenerator    FlagFIN current has 471 flow
2021-11-18 12:48:59 DEBUG cic.cs.unb.ca.jnetpcap.FlowGenerator    FlagFIN current has 471 flow
2021-11-18 12:49:00 DEBUG cic.cs.unb.ca.jnetpcap.FlowGenerator    FlagFIN current has 471 flow
2021-11-18 12:49:08 DEBUG cic.cs.unb.ca.jnetpcap.FlowGenerator    FlagFIN current has 474 flow
2021-11-18 12:49:08 DEBUG cic.cs.unb.ca.jnetpcap.FlowGenerator    FlagFIN current has 474 flow
2021-11-18 12:49:33 DEBUG cic.cs.unb.ca.jnetpcap.FlowGenerator    FlagFIN current has 479 flow
2021-11-18 12:49:33 DEBUG cic.cs.unb.ca.jnetpcap.FlowGenerator    FlagFIN current has 479 flow
2021-11-18 12:49:33 DEBUG cic.cs.unb.ca.jnetpcap.FlowGenerator    FlagFIN current has 479 flow
2021-11-18 12:49:34 DEBUG cic.cs.unb.ca.jnetpcap.FlowGenerator    FlagFIN current has 479 flow
2021-11-18 12:50:13 DEBUG cic.cs.unb.ca.jnetpcap.FlowGenerator    FlagFIN current has 483 flow
2021-11-18 12:50:13 DEBUG cic.cs.unb.ca.jnetpcap.FlowGenerator    FlagFIN current has 483 flow
2021-11-18 12:50:13 DEBUG cic.cs.unb.ca.jnetpcap.FlowGenerator    FlagFIN current has 483 flow
2021-11-18 12:50:13 DEBUG cic.cs.unb.ca.jnetpcap.FlowGenerator    FlagFIN current has 483 flow
2021-11-18 12:50:16 DEBUG cic.cs.unb.ca.jnetpcap.FlowGenerator    FlagFIN current has 483 flow
2021-11-18 12:51:31 DEBUG cic.cs.unb.ca.jnetpcap.FlowGenerator    FlagFIN current has 483 flow
2021-11-18 12:51:31 DEBUG cic.cs.unb.ca.jnetpcap.FlowGenerator    FlagFIN current has 483 flow
2021-11-18 12:52:34 DEBUG cic.cs.unb.ca.jnetpcap.FlowGenerator    FlagFIN current has 485 flow
2021-11-18 12:52:40 DEBUG cic.cs.unb.ca.jnetpcap.FlowGenerator    FlagFIN current has 485 flow
2021-11-18 12:52:40 DEBUG cic.cs.unb.ca.jnetpcap.FlowGenerator    FlagFIN current has 485 flow
2021-11-18 12:56:16 DEBUG cic.cs.unb.ca.jnetpcap.FlowGenerator    FlagFIN current has 492 flow
2021-11-18 12:56:16 DEBUG cic.cs.unb.ca.jnetpcap.FlowGenerator    FlagFIN current has 492 flow
2021-11-18 12:56:16 DEBUG cic.cs.unb.ca.jnetpcap.FlowGenerator    FlagFIN current has 492 flow
2021-11-18 12:56:16 DEBUG cic.cs.unb.ca.jnetpcap.FlowGenerator    FlagFIN current has 492 flow
2021-11-18 12:56:16 DEBUG cic.cs.unb.ca.jnetpcap.FlowGenerator    FlagFIN current has 492 flow
2021-11-18 12:56:16 DEBUG cic.cs.unb.ca.jnetpcap.FlowGenerator    FlagFIN current has 492 flow
2021-11-18 12:56:16 DEBUG cic.cs.unb.ca.jnetpcap.FlowGenerator    FlagFIN current has 492 flow
2021-11-18 12:58:32 DEBUG cic.cs.unb.ca.jnetpcap.FlowGenerator    FlagFIN current has 501 flow
2021-11-18 13:00:18 DEBUG cic.cs.unb.ca.jnetpcap.FlowGenerator    FlagFIN current has 501 flow
2021-11-18 13:00:18 DEBUG cic.cs.unb.ca.jnetpcap.FlowGenerator    FlagFIN current has 501 flow
2021-11-18 13:00:22 DEBUG cic.cs.unb.ca.jnetpcap.FlowGenerator    FlagFIN current has 501 flow
2021-11-18 13:00:22 DEBUG cic.cs.unb.ca.jnetpcap.FlowGenerator    FlagFIN current has 501 flow
2021-11-18 13:01:39 DEBUG cic.cs.unb.ca.jnetpcap.FlowGenerator    FlagFIN current has 505 flow
2021-11-18 13:04:03 DEBUG cic.cs.unb.ca.jnetpcap.FlowGenerator    FlagFIN current has 505 flow
2021-11-18 13:04:03 DEBUG cic.cs.unb.ca.jnetpcap.FlowGenerator    FlagFIN current has 505 flow
2021-11-18 13:04:36 DEBUG cic.cs.unb.ca.jnetpcap.FlowGenerator    FlagFIN current has 508 flow
2021-11-18 13:04:36 DEBUG cic.cs.unb.ca.jnetpcap.FlowGenerator    FlagFIN current has 508 flow
2021-11-18 13:04:36 DEBUG cic.cs.unb.ca.jnetpcap.FlowGenerator    FlagFIN current has 508 flow
2021-11-18 13:04:36 DEBUG cic.cs.unb.ca.jnetpcap.FlowGenerator    FlagFIN current has 508 flow
2021-11-18 13:07:37 DEBUG cic.cs.unb.ca.jnetpcap.FlowGenerator    FlagFIN current has 510 flow
2021-11-18 13:10:35 DEBUG cic.cs.unb.ca.jnetpcap.FlowGenerator    FlagFIN current has 516 flow
2021-11-18 13:11:12 INFO  cic.cs.unb.ca.flow.ui.FlowMonitorPane    Pcap stop listening
2021-11-18 13:11:12 INFO  cic.cs.unb.ca.flow.ui.FlowMonitorPane    path:/root/PycharmProjects/final_IDS/CICFlowMeter-4.0/bin/data/daily/2021-11-18_Flow.csv
2021-11-18 13:11:16 DEBUG cic.cs.unb.ca.jnetpcap.worker.TrafficFlowWorker    break Packet loop
2021-11-18 13:20:00 INFO  cic.cs.unb.ca.jnetpcap.worker.TrafficFlowWorker    Pcap is listening...
2021-11-18 13:21:33 DEBUG cic.cs.unb.ca.jnetpcap.FlowGenerator    FlagFIN current has 13 flow
2021-11-18 13:21:33 DEBUG cic.cs.unb.ca.jnetpcap.FlowGenerator    FlagFIN current has 13 flow
2021-11-18 13:22:18 DEBUG cic.cs.unb.ca.jnetpcap.FlowGenerator    FlagFIN current has 29 flow
2021-11-18 13:22:18 DEBUG cic.cs.unb.ca.jnetpcap.FlowGenerator    FlagFIN current has 29 flow
2021-11-18 13:22:18 DEBUG cic.cs.unb.ca.jnetpcap.FlowGenerator    FlagFIN current has 29 flow
2021-11-18 13:22:18 DEBUG cic.cs.unb.ca.jnetpcap.FlowGenerator    FlagFIN current has 28 flow
2021-11-18 13:22:18 DEBUG cic.cs.unb.ca.jnetpcap.FlowGenerator    FlagFIN current has 29 flow
2021-11-18 13:22:18 DEBUG cic.cs.unb.ca.jnetpcap.FlowGenerator    FlagFIN current has 29 flow
2021-11-18 13:22:18 DEBUG cic.cs.unb.ca.jnetpcap.FlowGenerator    FlagFIN current has 29 flow
2021-11-18 13:22:18 DEBUG cic.cs.unb.ca.jnetpcap.FlowGenerator    FlagFIN current has 29 flow
2021-11-18 13:22:18 DEBUG cic.cs.unb.ca.jnetpcap.FlowGenerator    FlagFIN current has 29 flow
2021-11-18 13:22:18 DEBUG cic.cs.unb.ca.jnetpcap.FlowGenerator    FlagFIN current has 29 flow
2021-11-18 13:22:24 DEBUG cic.cs.unb.ca.jnetpcap.FlowGenerator    FlagFIN current has 29 flow
2021-11-18 13:22:24 DEBUG cic.cs.unb.ca.jnetpcap.FlowGenerator    FlagFIN current has 29 flow
2021-11-18 13:22:24 DEBUG cic.cs.unb.ca.jnetpcap.FlowGenerator    FlagFIN current has 31 flow
2021-11-18 13:22:24 DEBUG cic.cs.unb.ca.jnetpcap.FlowGenerator    FlagFIN current has 33 flow
2021-11-18 13:22:37 DEBUG cic.cs.unb.ca.jnetpcap.FlowGenerator    FlagFIN current has 39 flow
2021-11-18 13:23:00 DEBUG cic.cs.unb.ca.jnetpcap.FlowGenerator    FlagFIN current has 39 flow
2021-11-18 13:23:00 DEBUG cic.cs.unb.ca.jnetpcap.FlowGenerator    FlagFIN current has 39 flow
2021-11-18 13:23:33 DEBUG cic.cs.unb.ca.jnetpcap.FlowGenerator    FlagFIN current has 39 flow
2021-11-18 13:23:33 DEBUG cic.cs.unb.ca.jnetpcap.FlowGenerator    FlagFIN current has 39 flow
2021-11-18 13:23:41 DEBUG cic.cs.unb.ca.jnetpcap.FlowGenerator    FlagFIN current has 39 flow
2021-11-18 13:23:41 DEBUG cic.cs.unb.ca.jnetpcap.FlowGenerator    FlagFIN current has 39 flow
2021-11-18 13:24:00 DEBUG cic.cs.unb.ca.jnetpcap.FlowGenerator    FlagFIN current has 53 flow
2021-11-18 13:24:00 DEBUG cic.cs.unb.ca.jnetpcap.FlowGenerator    FlagFIN current has 52 flow
2021-11-18 13:24:00 DEBUG cic.cs.unb.ca.jnetpcap.FlowGenerator    FlagFIN current has 52 flow
2021-11-18 13:24:00 DEBUG cic.cs.unb.ca.jnetpcap.FlowGenerator    FlagFIN current has 52 flow
2021-11-18 13:24:00 DEBUG cic.cs.unb.ca.jnetpcap.FlowGenerator    FlagFIN current has 52 flow
2021-11-18 13:24:00 DEBUG cic.cs.unb.ca.jnetpcap.FlowGenerator    FlagFIN current has 52 flow
2021-11-18 13:24:00 DEBUG cic.cs.unb.ca.jnetpcap.FlowGenerator    FlagFIN current has 52 flow
2021-11-18 13:24:00 DEBUG cic.cs.unb.ca.jnetpcap.FlowGenerator    FlagFIN current has 52 flow
2021-11-18 13:24:00 DEBUG cic.cs.unb.ca.jnetpcap.FlowGenerator    FlagFIN current has 52 flow
2021-11-18 13:24:00 DEBUG cic.cs.unb.ca.jnetpcap.FlowGenerator    FlagFIN current has 52 flow
2021-11-18 13:24:00 DEBUG cic.cs.unb.ca.jnetpcap.FlowGenerator    FlagFIN current has 52 flow
2021-11-18 13:24:00 DEBUG cic.cs.unb.ca.jnetpcap.FlowGenerator    FlagFIN current has 52 flow
2021-11-18 13:24:00 DEBUG cic.cs.unb.ca.jnetpcap.FlowGenerator    FlagFIN current has 52 flow
2021-11-18 13:24:00 DEBUG cic.cs.unb.ca.jnetpcap.FlowGenerator    FlagFIN current has 52 flow
2021-11-18 13:24:00 DEBUG cic.cs.unb.ca.jnetpcap.FlowGenerator    FlagFIN current has 52 flow
2021-11-18 13:24:00 DEBUG cic.cs.unb.ca.jnetpcap.FlowGenerator    FlagFIN current has 53 flow
2021-11-18 13:24:08 DEBUG cic.cs.unb.ca.jnetpcap.FlowGenerator    FlagFIN current has 56 flow
2021-11-18 13:24:08 DEBUG cic.cs.unb.ca.jnetpcap.FlowGenerator    FlagFIN current has 56 flow
2021-11-18 13:24:09 DEBUG cic.cs.unb.ca.jnetpcap.FlowGenerator    FlagFIN current has 62 flow
2021-11-18 13:24:09 DEBUG cic.cs.unb.ca.jnetpcap.FlowGenerator    FlagFIN current has 62 flow
2021-11-18 13:24:12 DEBUG cic.cs.unb.ca.jnetpcap.FlowGenerator    FlagFIN current has 72 flow
2021-11-18 13:24:13 DEBUG cic.cs.unb.ca.jnetpcap.FlowGenerator    FlagFIN current has 72 flow
2021-11-18 13:24:13 DEBUG cic.cs.unb.ca.jnetpcap.FlowGenerator    FlagFIN current has 72 flow
2021-11-18 13:24:13 DEBUG cic.cs.unb.ca.jnetpcap.FlowGenerator    FlagFIN current has 72 flow
2021-11-18 13:24:13 DEBUG cic.cs.unb.ca.jnetpcap.FlowGenerator    FlagFIN current has 72 flow
2021-11-18 13:24:13 DEBUG cic.cs.unb.ca.jnetpcap.FlowGenerator    FlagFIN current has 72 flow
2021-11-18 13:24:18 DEBUG cic.cs.unb.ca.jnetpcap.FlowGenerator    FlagFIN current has 93 flow
2021-11-18 13:24:18 DEBUG cic.cs.unb.ca.jnetpcap.FlowGenerator    FlagFIN current has 93 flow
2021-11-18 13:24:23 DEBUG cic.cs.unb.ca.jnetpcap.FlowGenerator    FlagFIN current has 97 flow
2021-11-18 13:24:23 DEBUG cic.cs.unb.ca.jnetpcap.FlowGenerator    FlagFIN current has 98 flow
2021-11-18 13:24:29 DEBUG cic.cs.unb.ca.jnetpcap.FlowGenerator    FlagFIN current has 101 flow
2021-11-18 13:24:29 DEBUG cic.cs.unb.ca.jnetpcap.FlowGenerator    FlagFIN current has 101 flow
2021-11-18 13:24:29 DEBUG cic.cs.unb.ca.jnetpcap.FlowGenerator    FlagFIN current has 101 flow
2021-11-18 13:24:29 DEBUG cic.cs.unb.ca.jnetpcap.FlowGenerator    FlagFIN current has 101 flow
2021-11-18 13:24:32 DEBUG cic.cs.unb.ca.jnetpcap.FlowGenerator    FlagFIN current has 104 flow
2021-11-18 13:25:09 DEBUG cic.cs.unb.ca.jnetpcap.FlowGenerator    FlagFIN current has 106 flow
2021-11-18 13:25:09 DEBUG cic.cs.unb.ca.jnetpcap.FlowGenerator    FlagFIN current has 107 flow
2021-11-18 13:25:16 DEBUG cic.cs.unb.ca.jnetpcap.FlowGenerator    FlagFIN current has 108 flow
2021-11-18 13:25:16 DEBUG cic.cs.unb.ca.jnetpcap.FlowGenerator    FlagFIN current has 108 flow
2021-11-18 13:25:16 DEBUG cic.cs.unb.ca.jnetpcap.FlowGenerator    FlagFIN current has 108 flow
2021-11-18 13:25:26 DEBUG cic.cs.unb.ca.jnetpcap.FlowGenerator    FlagFIN current has 108 flow
2021-11-18 13:25:26 DEBUG cic.cs.unb.ca.jnetpcap.FlowGenerator    FlagFIN current has 108 flow
2021-11-18 13:25:26 DEBUG cic.cs.unb.ca.jnetpcap.FlowGenerator    FlagFIN current has 108 flow
2021-11-18 13:25:26 DEBUG cic.cs.unb.ca.jnetpcap.FlowGenerator    FlagFIN current has 108 flow
2021-11-18 13:25:26 DEBUG cic.cs.unb.ca.jnetpcap.FlowGenerator    FlagFIN current has 107 flow
2021-11-18 13:25:26 DEBUG cic.cs.unb.ca.jnetpcap.FlowGenerator    FlagFIN current has 106 flow
2021-11-18 13:25:26 DEBUG cic.cs.unb.ca.jnetpcap.FlowGenerator    FlagFIN current has 107 flow
2021-11-18 13:25:26 DEBUG cic.cs.unb.ca.jnetpcap.FlowGenerator    FlagFIN current has 108 flow
2021-11-18 13:25:26 DEBUG cic.cs.unb.ca.jnetpcap.FlowGenerator    FlagFIN current has 108 flow
2021-11-18 13:25:26 DEBUG cic.cs.unb.ca.jnetpcap.FlowGenerator    FlagFIN current has 108 flow
2021-11-18 13:25:34 DEBUG cic.cs.unb.ca.jnetpcap.FlowGenerator    FlagFIN current has 110 flow
2021-11-18 13:25:34 DEBUG cic.cs.unb.ca.jnetpcap.FlowGenerator    FlagFIN current has 110 flow
2021-11-18 13:25:34 DEBUG cic.cs.unb.ca.jnetpcap.FlowGenerator    FlagFIN current has 110 flow
2021-11-18 13:26:19 DEBUG cic.cs.unb.ca.jnetpcap.FlowGenerator    FlagFIN current has 110 flow
2021-11-18 13:26:35 DEBUG cic.cs.unb.ca.jnetpcap.FlowGenerator    FlagFIN current has 110 flow
2021-11-18 13:26:35 DEBUG cic.cs.unb.ca.jnetpcap.FlowGenerator    FlagFIN current has 110 flow
2021-11-18 13:26:50 DEBUG cic.cs.unb.ca.jnetpcap.FlowGenerator    FlagFIN current has 110 flow
2021-11-18 13:26:50 DEBUG cic.cs.unb.ca.jnetpcap.FlowGenerator    FlagFIN current has 110 flow
2021-11-18 13:27:05 DEBUG cic.cs.unb.ca.jnetpcap.FlowGenerator    FlagFIN current has 110 flow
2021-11-18 13:27:05 DEBUG cic.cs.unb.ca.jnetpcap.FlowGenerator    FlagFIN current has 110 flow
2021-11-18 13:27:05 DEBUG cic.cs.unb.ca.jnetpcap.FlowGenerator    FlagFIN current has 110 flow
2021-11-18 13:27:11 DEBUG cic.cs.unb.ca.jnetpcap.FlowGenerator    FlagFIN current has 110 flow
2021-11-18 13:27:11 DEBUG cic.cs.unb.ca.jnetpcap.FlowGenerator    FlagFIN current has 110 flow
2021-11-18 13:27:11 DEBUG cic.cs.unb.ca.jnetpcap.FlowGenerator    FlagFIN current has 110 flow
2021-11-18 13:27:11 DEBUG cic.cs.unb.ca.jnetpcap.FlowGenerator    FlagFIN current has 110 flow
2021-11-18 13:27:11 DEBUG cic.cs.unb.ca.jnetpcap.FlowGenerator    FlagFIN current has 109 flow
2021-11-18 13:27:11 DEBUG cic.cs.unb.ca.jnetpcap.FlowGenerator    FlagFIN current has 110 flow
2021-11-18 13:27:11 DEBUG cic.cs.unb.ca.jnetpcap.FlowGenerator    FlagFIN current has 110 flow
2021-11-18 13:27:11 DEBUG cic.cs.unb.ca.jnetpcap.FlowGenerator    FlagFIN current has 110 flow
2021-11-18 13:27:11 DEBUG cic.cs.unb.ca.jnetpcap.FlowGenerator    FlagFIN current has 110 flow
2021-11-18 13:27:26 DEBUG cic.cs.unb.ca.jnetpcap.FlowGenerator    FlagFIN current has 110 flow
2021-11-18 13:28:35 DEBUG cic.cs.unb.ca.jnetpcap.FlowGenerator    FlagFIN current has 112 flow
2021-11-18 13:29:45 DEBUG cic.cs.unb.ca.jnetpcap.FlowGenerator    FlagFIN current has 123 flow
2021-11-18 13:31:40 DEBUG cic.cs.unb.ca.jnetpcap.FlowGenerator    FlagFIN current has 126 flow
2021-11-18 13:31:40 DEBUG cic.cs.unb.ca.jnetpcap.FlowGenerator    FlagFIN current has 126 flow
2021-11-18 13:32:34 DEBUG cic.cs.unb.ca.jnetpcap.FlowGenerator    FlagFIN current has 126 flow
2021-11-18 13:33:08 DEBUG cic.cs.unb.ca.jnetpcap.FlowGenerator    FlagFIN current has 126 flow
2021-11-18 13:33:08 DEBUG cic.cs.unb.ca.jnetpcap.FlowGenerator    FlagFIN current has 126 flow
2021-11-18 13:34:39 DEBUG cic.cs.unb.ca.jnetpcap.FlowGenerator    FlagFIN current has 129 flow
2021-11-18 13:34:39 DEBUG cic.cs.unb.ca.jnetpcap.FlowGenerator    FlagFIN current has 129 flow
2021-11-18 13:34:39 DEBUG cic.cs.unb.ca.jnetpcap.FlowGenerator    FlagFIN current has 129 flow
2021-11-18 13:35:02 DEBUG cic.cs.unb.ca.jnetpcap.FlowGenerator    FlagFIN current has 137 flow
2021-11-18 13:35:02 DEBUG cic.cs.unb.ca.jnetpcap.FlowGenerator    FlagFIN current has 137 flow
2021-11-18 13:35:02 DEBUG cic.cs.unb.ca.jnetpcap.FlowGenerator    FlagFIN current has 137 flow
2021-11-18 13:35:02 DEBUG cic.cs.unb.ca.jnetpcap.FlowGenerator    FlagFIN current has 141 flow
2021-11-18 13:35:02 DEBUG cic.cs.unb.ca.jnetpcap.FlowGenerator    FlagFIN current has 141 flow
2021-11-18 13:35:35 DEBUG cic.cs.unb.ca.jnetpcap.FlowGenerator    FlagFIN current has 142 flow
2021-11-18 13:35:35 DEBUG cic.cs.unb.ca.jnetpcap.FlowGenerator    FlagFIN current has 142 flow
2021-11-18 13:37:06 DEBUG cic.cs.unb.ca.jnetpcap.FlowGenerator    FlagFIN current has 144 flow
2021-11-18 13:37:37 DEBUG cic.cs.unb.ca.jnetpcap.FlowGenerator    FlagFIN current has 146 flow
2021-11-18 13:37:48 DEBUG cic.cs.unb.ca.jnetpcap.FlowGenerator    FlagFIN current has 146 flow
2021-11-18 13:37:48 DEBUG cic.cs.unb.ca.jnetpcap.FlowGenerator    FlagFIN current has 146 flow
2021-11-18 13:37:55 DEBUG cic.cs.unb.ca.jnetpcap.FlowGenerator    FlagFIN current has 146 flow
2021-11-18 13:37:55 DEBUG cic.cs.unb.ca.jnetpcap.FlowGenerator    FlagFIN current has 146 flow
2021-11-18 13:38:27 DEBUG cic.cs.unb.ca.jnetpcap.FlowGenerator    FlagFIN current has 148 flow
2021-11-18 13:38:43 DEBUG cic.cs.unb.ca.jnetpcap.FlowGenerator    FlagFIN current has 150 flow
2021-11-18 13:39:45 DEBUG cic.cs.unb.ca.jnetpcap.FlowGenerator    Timeout current has 150 flow
2021-11-18 13:39:45 DEBUG cic.cs.unb.ca.jnetpcap.FlowGenerator    FlagFIN current has 150 flow
2021-11-18 13:39:45 DEBUG cic.cs.unb.ca.jnetpcap.FlowGenerator    FlagFIN current has 150 flow
2021-11-18 13:39:53 DEBUG cic.cs.unb.ca.jnetpcap.FlowGenerator    FlagFIN current has 152 flow
2021-11-18 13:40:38 DEBUG cic.cs.unb.ca.jnetpcap.FlowGenerator    FlagFIN current has 154 flow
2021-11-18 13:43:37 DEBUG cic.cs.unb.ca.jnetpcap.FlowGenerator    FlagFIN current has 159 flow
2021-11-18 13:43:37 DEBUG cic.cs.unb.ca.jnetpcap.FlowGenerator    FlagFIN current has 159 flow
2021-11-18 13:43:37 DEBUG cic.cs.unb.ca.jnetpcap.FlowGenerator    FlagFIN current has 159 flow
2021-11-18 13:43:37 DEBUG cic.cs.unb.ca.jnetpcap.FlowGenerator    FlagFIN current has 159 flow
2021-11-18 13:45:08 DEBUG cic.cs.unb.ca.jnetpcap.FlowGenerator    FlagFIN current has 165 flow
2021-11-18 13:45:08 DEBUG cic.cs.unb.ca.jnetpcap.FlowGenerator    FlagFIN current has 165 flow
2021-11-18 13:45:15 DEBUG cic.cs.unb.ca.jnetpcap.FlowGenerator    FlagFIN current has 169 flow
2021-11-18 13:45:15 DEBUG cic.cs.unb.ca.jnetpcap.FlowGenerator    FlagFIN current has 169 flow
2021-11-18 13:46:43 DEBUG cic.cs.unb.ca.jnetpcap.FlowGenerator    FlagFIN current has 175 flow
2021-11-18 13:47:05 DEBUG cic.cs.unb.ca.jnetpcap.FlowGenerator    FlagFIN current has 175 flow
2021-11-18 13:47:05 DEBUG cic.cs.unb.ca.jnetpcap.FlowGenerator    FlagFIN current has 175 flow
2021-11-18 13:48:01 DEBUG cic.cs.unb.ca.jnetpcap.FlowGenerator    FlagFIN current has 175 flow
2021-11-18 13:48:01 DEBUG cic.cs.unb.ca.jnetpcap.FlowGenerator    FlagFIN current has 175 flow
2021-11-18 13:48:37 DEBUG cic.cs.unb.ca.jnetpcap.FlowGenerator    FlagFIN current has 178 flow
2021-11-18 13:49:34 DEBUG cic.cs.unb.ca.jnetpcap.FlowGenerator    FlagFIN current has 181 flow
2021-11-18 13:50:21 DEBUG cic.cs.unb.ca.jnetpcap.FlowGenerator    FlagFIN current has 184 flow
2021-11-18 13:50:21 DEBUG cic.cs.unb.ca.jnetpcap.FlowGenerator    FlagFIN current has 184 flow
2021-11-18 13:51:32 DEBUG cic.cs.unb.ca.jnetpcap.FlowGenerator    FlagFIN current has 186 flow
2021-11-18 13:51:32 DEBUG cic.cs.unb.ca.jnetpcap.FlowGenerator    FlagFIN current has 186 flow
2021-11-18 13:52:35 DEBUG cic.cs.unb.ca.jnetpcap.FlowGenerator    FlagFIN current has 191 flow
2021-11-18 13:53:24 DEBUG cic.cs.unb.ca.jnetpcap.FlowGenerator    FlagFIN current has 191 flow
2021-11-18 13:53:24 DEBUG cic.cs.unb.ca.jnetpcap.FlowGenerator    FlagFIN current has 191 flow
2021-11-18 13:55:17 DEBUG cic.cs.unb.ca.jnetpcap.FlowGenerator    FlagFIN current has 198 flow
2021-11-18 13:55:24 DEBUG cic.cs.unb.ca.jnetpcap.FlowGenerator    FlagFIN current has 202 flow
2021-11-18 13:55:24 DEBUG cic.cs.unb.ca.jnetpcap.FlowGenerator    FlagFIN current has 202 flow
2021-11-18 13:55:46 DEBUG cic.cs.unb.ca.jnetpcap.FlowGenerator    FlagFIN current has 206 flow
2021-11-18 13:55:46 DEBUG cic.cs.unb.ca.jnetpcap.FlowGenerator    FlagFIN current has 206 flow
2021-11-18 13:55:46 DEBUG cic.cs.unb.ca.jnetpcap.FlowGenerator    FlagFIN current has 206 flow
2021-11-18 13:55:46 DEBUG cic.cs.unb.ca.jnetpcap.FlowGenerator    FlagFIN current has 206 flow
2021-11-18 13:57:08 DEBUG cic.cs.unb.ca.jnetpcap.FlowGenerator    FlagFIN current has 206 flow
2021-11-18 13:57:08 DEBUG cic.cs.unb.ca.jnetpcap.FlowGenerator    FlagFIN current has 206 flow
2021-11-18 13:58:03 DEBUG cic.cs.unb.ca.jnetpcap.FlowGenerator    FlagFIN current has 206 flow
2021-11-18 13:58:16 DEBUG cic.cs.unb.ca.jnetpcap.FlowGenerator    FlagFIN current has 206 flow
2021-11-18 13:58:49 DEBUG cic.cs.unb.ca.jnetpcap.FlowGenerator    FlagFIN current has 208 flow
2021-11-18 13:58:49 DEBUG cic.cs.unb.ca.jnetpcap.FlowGenerator    FlagFIN current has 208 flow
2021-11-18 13:58:49 DEBUG cic.cs.unb.ca.jnetpcap.FlowGenerator    FlagFIN current has 208 flow
2021-11-18 14:01:42 DEBUG cic.cs.unb.ca.jnetpcap.FlowGenerator    FlagFIN current has 214 flow
2021-11-18 14:01:42 DEBUG cic.cs.unb.ca.jnetpcap.FlowGenerator    FlagFIN current has 214 flow
2021-11-18 14:01:42 DEBUG cic.cs.unb.ca.jnetpcap.FlowGenerator    FlagFIN current has 214 flow
2021-11-18 14:01:42 DEBUG cic.cs.unb.ca.jnetpcap.FlowGenerator    FlagFIN current has 214 flow
2021-11-18 14:04:48 DEBUG cic.cs.unb.ca.jnetpcap.FlowGenerator    FlagFIN current has 218 flow
2021-11-18 14:05:14 DEBUG cic.cs.unb.ca.jnetpcap.FlowGenerator    FlagFIN current has 222 flow
2021-11-18 14:05:14 DEBUG cic.cs.unb.ca.jnetpcap.FlowGenerator    FlagFIN current has 223 flow
2021-11-18 14:05:40 DEBUG cic.cs.unb.ca.jnetpcap.FlowGenerator    FlagFIN current has 223 flow
2021-11-18 14:05:40 DEBUG cic.cs.unb.ca.jnetpcap.FlowGenerator    FlagFIN current has 229 flow
2021-11-18 14:05:40 DEBUG cic.cs.unb.ca.jnetpcap.FlowGenerator    FlagFIN current has 229 flow
2021-11-18 14:05:40 DEBUG cic.cs.unb.ca.jnetpcap.FlowGenerator    FlagFIN current has 229 flow
2021-11-18 14:05:51 DEBUG cic.cs.unb.ca.jnetpcap.FlowGenerator    FlagFIN current has 232 flow
2021-11-18 14:05:51 DEBUG cic.cs.unb.ca.jnetpcap.FlowGenerator    FlagFIN current has 232 flow
2021-11-18 14:07:47 DEBUG cic.cs.unb.ca.jnetpcap.FlowGenerator    FlagFIN current has 235 flow
2021-11-18 14:08:16 DEBUG cic.cs.unb.ca.jnetpcap.FlowGenerator    FlagFIN current has 235 flow
2021-11-18 14:08:16 DEBUG cic.cs.unb.ca.jnetpcap.FlowGenerator    FlagFIN current has 235 flow
2021-11-18 14:08:16 DEBUG cic.cs.unb.ca.jnetpcap.FlowGenerator    FlagFIN current has 235 flow
2021-11-18 14:08:16 DEBUG cic.cs.unb.ca.jnetpcap.FlowGenerator    FlagFIN current has 235 flow
2021-11-18 14:08:16 DEBUG cic.cs.unb.ca.jnetpcap.FlowGenerator    FlagFIN current has 235 flow
2021-11-18 14:09:36 INFO  cic.cs.unb.ca.flow.ui.FlowMonitorPane    Pcap stop listening
2021-11-18 14:09:36 INFO  cic.cs.unb.ca.flow.ui.FlowMonitorPane    path:/root/PycharmProjects/final_IDS/CICFlowMeter-4.0/bin/data/daily/2021-11-18_Flow.csv
2021-11-18 14:09:46 DEBUG cic.cs.unb.ca.jnetpcap.worker.TrafficFlowWorker    break Packet loop
