2022-02-02 00:01:03 DEBUG cic.cs.unb.ca.jnetpcap.FlowGenerator    FlagFIN current has 15122 flow
2022-02-02 00:01:03 DEBUG cic.cs.unb.ca.jnetpcap.FlowGenerator    FlagFIN current has 15122 flow
2022-02-02 00:01:03 DEBUG cic.cs.unb.ca.jnetpcap.FlowGenerator    FlagFIN current has 15122 flow
2022-02-02 00:01:03 DEBUG cic.cs.unb.ca.jnetpcap.FlowGenerator    FlagFIN current has 15122 flow
2022-02-02 00:02:04 DEBUG cic.cs.unb.ca.jnetpcap.FlowGenerator    FlagFIN current has 15126 flow
2022-02-02 00:02:04 DEBUG cic.cs.unb.ca.jnetpcap.FlowGenerator    FlagFIN current has 15126 flow
2022-02-02 00:02:04 DEBUG cic.cs.unb.ca.jnetpcap.FlowGenerator    FlagFIN current has 15126 flow
2022-02-02 00:02:04 DEBUG cic.cs.unb.ca.jnetpcap.FlowGenerator    FlagFIN current has 15126 flow
2022-02-02 00:02:04 DEBUG cic.cs.unb.ca.jnetpcap.FlowGenerator    FlagFIN current has 15126 flow
2022-02-02 00:05:09 DEBUG cic.cs.unb.ca.jnetpcap.FlowGenerator    FlagFIN current has 15132 flow
2022-02-02 00:05:09 DEBUG cic.cs.unb.ca.jnetpcap.FlowGenerator    FlagFIN current has 15132 flow
2022-02-02 00:05:09 DEBUG cic.cs.unb.ca.jnetpcap.FlowGenerator    FlagFIN current has 15136 flow
2022-02-02 00:05:09 DEBUG cic.cs.unb.ca.jnetpcap.FlowGenerator    FlagFIN current has 15135 flow
2022-02-02 00:05:09 DEBUG cic.cs.unb.ca.jnetpcap.FlowGenerator    FlagFIN current has 15134 flow
2022-02-02 00:05:09 DEBUG cic.cs.unb.ca.jnetpcap.FlowGenerator    FlagFIN current has 15133 flow
2022-02-02 00:05:09 DEBUG cic.cs.unb.ca.jnetpcap.FlowGenerator    FlagFIN current has 15132 flow
2022-02-02 00:05:09 DEBUG cic.cs.unb.ca.jnetpcap.FlowGenerator    FlagFIN current has 15132 flow
2022-02-02 00:05:09 DEBUG cic.cs.unb.ca.jnetpcap.FlowGenerator    FlagFIN current has 15133 flow
2022-02-02 00:05:09 DEBUG cic.cs.unb.ca.jnetpcap.FlowGenerator    FlagFIN current has 15134 flow
2022-02-02 00:05:09 DEBUG cic.cs.unb.ca.jnetpcap.FlowGenerator    FlagFIN current has 15136 flow
2022-02-02 00:05:09 DEBUG cic.cs.unb.ca.jnetpcap.FlowGenerator    FlagFIN current has 15136 flow
2022-02-02 14:05:25 INFO  cic.cs.unb.ca.jnetpcap.worker.TrafficFlowWorker    Pcap is listening...
2022-02-02 14:07:02 INFO  cic.cs.unb.ca.jnetpcap.worker.TrafficFlowWorker    Pcap is listening...
2022-02-02 14:09:56 INFO  cic.cs.unb.ca.jnetpcap.worker.TrafficFlowWorker    Pcap is listening...
2022-02-02 14:10:05 INFO  cic.cs.unb.ca.flow.ui.FlowMonitorPane    Pcap stop listening
2022-02-02 14:10:05 INFO  cic.cs.unb.ca.flow.ui.FlowMonitorPane    path:/root/PycharmProjects/final_IDS/CICFlowMeter-4.0/bin/data/daily/2022-02-02_Flow.csv
2022-02-02 14:10:06 INFO  cic.cs.unb.ca.jnetpcap.worker.TrafficFlowWorker    Pcap is listening...
2022-02-02 14:18:59 INFO  cic.cs.unb.ca.jnetpcap.worker.TrafficFlowWorker    Pcap is listening...
2022-02-02 14:19:12 DEBUG cic.cs.unb.ca.jnetpcap.FlowGenerator    FlagFIN current has 19 flow
2022-02-02 14:19:13 DEBUG cic.cs.unb.ca.jnetpcap.FlowGenerator    FlagFIN current has 19 flow
2022-02-02 14:19:13 DEBUG cic.cs.unb.ca.jnetpcap.FlowGenerator    FlagFIN current has 21 flow
2022-02-02 14:19:15 DEBUG cic.cs.unb.ca.jnetpcap.FlowGenerator    FlagFIN current has 34 flow
2022-02-02 14:19:15 DEBUG cic.cs.unb.ca.jnetpcap.FlowGenerator    FlagFIN current has 34 flow
2022-02-02 14:19:15 DEBUG cic.cs.unb.ca.jnetpcap.FlowGenerator    FlagFIN current has 34 flow
2022-02-02 14:19:16 DEBUG cic.cs.unb.ca.jnetpcap.FlowGenerator    FlagFIN current has 47 flow
2022-02-02 14:19:16 DEBUG cic.cs.unb.ca.jnetpcap.FlowGenerator    FlagFIN current has 47 flow
2022-02-02 14:19:19 DEBUG cic.cs.unb.ca.jnetpcap.FlowGenerator    FlagFIN current has 62 flow
2022-02-02 14:19:19 DEBUG cic.cs.unb.ca.jnetpcap.FlowGenerator    FlagFIN current has 62 flow
2022-02-02 14:19:19 DEBUG cic.cs.unb.ca.jnetpcap.FlowGenerator    FlagFIN current has 65 flow
2022-02-02 14:19:19 DEBUG cic.cs.unb.ca.jnetpcap.FlowGenerator    FlagFIN current has 66 flow
2022-02-02 14:19:19 DEBUG cic.cs.unb.ca.jnetpcap.FlowGenerator    FlagFIN current has 66 flow
2022-02-02 14:19:26 DEBUG cic.cs.unb.ca.jnetpcap.FlowGenerator    FlagFIN current has 82 flow
2022-02-02 14:19:26 DEBUG cic.cs.unb.ca.jnetpcap.FlowGenerator    FlagFIN current has 82 flow
2022-02-02 14:19:30 DEBUG cic.cs.unb.ca.jnetpcap.FlowGenerator    FlagFIN current has 87 flow
2022-02-02 14:19:30 DEBUG cic.cs.unb.ca.jnetpcap.FlowGenerator    FlagFIN current has 87 flow
2022-02-02 14:19:40 DEBUG cic.cs.unb.ca.jnetpcap.FlowGenerator    FlagFIN current has 89 flow
2022-02-02 14:19:40 DEBUG cic.cs.unb.ca.jnetpcap.FlowGenerator    FlagFIN current has 89 flow
2022-02-02 14:19:40 DEBUG cic.cs.unb.ca.jnetpcap.FlowGenerator    FlagFIN current has 89 flow
2022-02-02 14:19:40 DEBUG cic.cs.unb.ca.jnetpcap.FlowGenerator    FlagFIN current has 89 flow
2022-02-02 14:19:40 DEBUG cic.cs.unb.ca.jnetpcap.FlowGenerator    FlagFIN current has 88 flow
2022-02-02 14:19:40 DEBUG cic.cs.unb.ca.jnetpcap.FlowGenerator    FlagFIN current has 88 flow
2022-02-02 14:20:02 DEBUG cic.cs.unb.ca.jnetpcap.FlowGenerator    FlagFIN current has 96 flow
2022-02-02 14:20:02 DEBUG cic.cs.unb.ca.jnetpcap.FlowGenerator    FlagFIN current has 96 flow
2022-02-02 14:20:11 DEBUG cic.cs.unb.ca.jnetpcap.FlowGenerator    FlagFIN current has 100 flow
2022-02-02 14:20:11 DEBUG cic.cs.unb.ca.jnetpcap.FlowGenerator    FlagFIN current has 100 flow
2022-02-02 14:20:25 DEBUG cic.cs.unb.ca.jnetpcap.FlowGenerator    FlagFIN current has 101 flow
2022-02-02 14:20:25 DEBUG cic.cs.unb.ca.jnetpcap.FlowGenerator    FlagFIN current has 101 flow
2022-02-02 14:20:28 DEBUG cic.cs.unb.ca.jnetpcap.FlowGenerator    FlagFIN current has 102 flow
2022-02-02 14:20:28 DEBUG cic.cs.unb.ca.jnetpcap.FlowGenerator    FlagFIN current has 102 flow
2022-02-02 14:20:28 DEBUG cic.cs.unb.ca.jnetpcap.FlowGenerator    FlagFIN current has 102 flow
2022-02-02 14:20:28 DEBUG cic.cs.unb.ca.jnetpcap.FlowGenerator    FlagFIN current has 102 flow
2022-02-02 14:20:33 DEBUG cic.cs.unb.ca.jnetpcap.FlowGenerator    FlagFIN current has 102 flow
2022-02-02 14:20:33 DEBUG cic.cs.unb.ca.jnetpcap.FlowGenerator    FlagFIN current has 102 flow
2022-02-02 14:20:33 DEBUG cic.cs.unb.ca.jnetpcap.FlowGenerator    FlagFIN current has 104 flow
2022-02-02 14:20:33 DEBUG cic.cs.unb.ca.jnetpcap.FlowGenerator    FlagFIN current has 104 flow
2022-02-02 14:21:02 DEBUG cic.cs.unb.ca.jnetpcap.FlowGenerator    FlagFIN current has 115 flow
2022-02-02 14:21:12 DEBUG cic.cs.unb.ca.jnetpcap.FlowGenerator    FlagFIN current has 118 flow
2022-02-02 14:21:12 DEBUG cic.cs.unb.ca.jnetpcap.FlowGenerator    FlagFIN current has 118 flow
2022-02-02 14:21:17 DEBUG cic.cs.unb.ca.jnetpcap.FlowGenerator    FlagFIN current has 118 flow
2022-02-02 14:21:17 DEBUG cic.cs.unb.ca.jnetpcap.FlowGenerator    FlagFIN current has 118 flow
2022-02-02 14:21:21 DEBUG cic.cs.unb.ca.jnetpcap.FlowGenerator    FlagFIN current has 119 flow
2022-02-02 14:21:21 DEBUG cic.cs.unb.ca.jnetpcap.FlowGenerator    FlagFIN current has 119 flow
2022-02-02 14:21:34 DEBUG cic.cs.unb.ca.jnetpcap.FlowGenerator    FlagFIN current has 121 flow
2022-02-02 14:21:34 DEBUG cic.cs.unb.ca.jnetpcap.FlowGenerator    FlagFIN current has 120 flow
2022-02-02 14:21:34 DEBUG cic.cs.unb.ca.jnetpcap.FlowGenerator    FlagFIN current has 120 flow
2022-02-02 14:21:34 DEBUG cic.cs.unb.ca.jnetpcap.FlowGenerator    FlagFIN current has 121 flow
2022-02-02 14:21:34 DEBUG cic.cs.unb.ca.jnetpcap.FlowGenerator    FlagFIN current has 121 flow
2022-02-02 14:21:34 DEBUG cic.cs.unb.ca.jnetpcap.FlowGenerator    FlagFIN current has 121 flow
2022-02-02 14:21:39 DEBUG cic.cs.unb.ca.jnetpcap.FlowGenerator    FlagFIN current has 121 flow
2022-02-02 14:21:39 DEBUG cic.cs.unb.ca.jnetpcap.FlowGenerator    FlagFIN current has 121 flow
2022-02-02 14:22:06 DEBUG cic.cs.unb.ca.jnetpcap.FlowGenerator    FlagFIN current has 128 flow
2022-02-02 14:22:06 DEBUG cic.cs.unb.ca.jnetpcap.FlowGenerator    FlagFIN current has 127 flow
2022-02-02 14:22:06 DEBUG cic.cs.unb.ca.jnetpcap.FlowGenerator    FlagFIN current has 126 flow
2022-02-02 14:22:06 DEBUG cic.cs.unb.ca.jnetpcap.FlowGenerator    FlagFIN current has 127 flow
2022-02-02 14:22:06 DEBUG cic.cs.unb.ca.jnetpcap.FlowGenerator    FlagFIN current has 127 flow
2022-02-02 14:22:06 DEBUG cic.cs.unb.ca.jnetpcap.FlowGenerator    FlagFIN current has 128 flow
2022-02-02 14:22:07 DEBUG cic.cs.unb.ca.jnetpcap.FlowGenerator    FlagFIN current has 133 flow
2022-02-02 14:22:07 DEBUG cic.cs.unb.ca.jnetpcap.FlowGenerator    FlagFIN current has 133 flow
2022-02-02 14:22:07 DEBUG cic.cs.unb.ca.jnetpcap.FlowGenerator    FlagFIN current has 133 flow
2022-02-02 14:22:07 DEBUG cic.cs.unb.ca.jnetpcap.FlowGenerator    FlagFIN current has 132 flow
2022-02-02 14:22:07 DEBUG cic.cs.unb.ca.jnetpcap.FlowGenerator    FlagFIN current has 132 flow
2022-02-02 14:22:07 DEBUG cic.cs.unb.ca.jnetpcap.FlowGenerator    FlagFIN current has 133 flow
2022-02-02 14:22:11 DEBUG cic.cs.unb.ca.jnetpcap.FlowGenerator    FlagFIN current has 133 flow
2022-02-02 14:22:11 DEBUG cic.cs.unb.ca.jnetpcap.FlowGenerator    FlagFIN current has 133 flow
2022-02-02 14:22:11 DEBUG cic.cs.unb.ca.jnetpcap.FlowGenerator    FlagFIN current has 133 flow
2022-02-02 14:22:11 DEBUG cic.cs.unb.ca.jnetpcap.FlowGenerator    FlagFIN current has 132 flow
2022-02-02 14:22:11 DEBUG cic.cs.unb.ca.jnetpcap.FlowGenerator    FlagFIN current has 131 flow
2022-02-02 14:22:11 DEBUG cic.cs.unb.ca.jnetpcap.FlowGenerator    FlagFIN current has 130 flow
2022-02-02 14:22:11 DEBUG cic.cs.unb.ca.jnetpcap.FlowGenerator    FlagFIN current has 130 flow
2022-02-02 14:22:11 DEBUG cic.cs.unb.ca.jnetpcap.FlowGenerator    FlagFIN current has 131 flow
2022-02-02 14:22:11 DEBUG cic.cs.unb.ca.jnetpcap.FlowGenerator    FlagFIN current has 132 flow
2022-02-02 14:22:11 DEBUG cic.cs.unb.ca.jnetpcap.FlowGenerator    FlagFIN current has 133 flow
2022-02-02 14:22:11 DEBUG cic.cs.unb.ca.jnetpcap.FlowGenerator    FlagFIN current has 133 flow
2022-02-02 14:22:11 DEBUG cic.cs.unb.ca.jnetpcap.FlowGenerator    FlagFIN current has 132 flow
2022-02-02 14:22:11 DEBUG cic.cs.unb.ca.jnetpcap.FlowGenerator    FlagFIN current has 132 flow
2022-02-02 14:22:11 DEBUG cic.cs.unb.ca.jnetpcap.FlowGenerator    FlagFIN current has 133 flow
2022-02-02 14:22:16 DEBUG cic.cs.unb.ca.jnetpcap.FlowGenerator    FlagFIN current has 133 flow
2022-02-02 14:22:16 DEBUG cic.cs.unb.ca.jnetpcap.FlowGenerator    FlagFIN current has 133 flow
2022-02-02 14:22:16 DEBUG cic.cs.unb.ca.jnetpcap.FlowGenerator    FlagFIN current has 133 flow
2022-02-02 14:22:16 DEBUG cic.cs.unb.ca.jnetpcap.FlowGenerator    FlagFIN current has 133 flow
2022-02-02 14:23:19 DEBUG cic.cs.unb.ca.jnetpcap.FlowGenerator    FlagFIN current has 138 flow
2022-02-02 14:23:19 DEBUG cic.cs.unb.ca.jnetpcap.FlowGenerator    FlagFIN current has 138 flow
2022-02-02 14:24:04 DEBUG cic.cs.unb.ca.jnetpcap.FlowGenerator    FlagFIN current has 151 flow
2022-02-02 14:26:03 INFO  cic.cs.unb.ca.jnetpcap.worker.TrafficFlowWorker    Pcap is listening...
2022-02-02 14:26:24 DEBUG cic.cs.unb.ca.jnetpcap.FlowGenerator    FlagFIN current has 42 flow
2022-02-02 14:26:25 DEBUG cic.cs.unb.ca.jnetpcap.FlowGenerator    FlagFIN current has 42 flow
2022-02-02 14:26:27 DEBUG cic.cs.unb.ca.jnetpcap.FlowGenerator    FlagFIN current has 46 flow
2022-02-02 14:26:27 DEBUG cic.cs.unb.ca.jnetpcap.FlowGenerator    FlagFIN current has 46 flow
2022-02-02 14:26:46 DEBUG cic.cs.unb.ca.jnetpcap.FlowGenerator    FlagFIN current has 62 flow
2022-02-02 14:26:46 DEBUG cic.cs.unb.ca.jnetpcap.FlowGenerator    FlagFIN current has 62 flow
2022-02-02 14:27:03 DEBUG cic.cs.unb.ca.jnetpcap.FlowGenerator    FlagFIN current has 66 flow
2022-02-02 14:27:17 DEBUG cic.cs.unb.ca.jnetpcap.FlowGenerator    FlagFIN current has 67 flow
2022-02-02 14:27:17 DEBUG cic.cs.unb.ca.jnetpcap.FlowGenerator    FlagFIN current has 67 flow
2022-02-02 14:27:22 DEBUG cic.cs.unb.ca.jnetpcap.FlowGenerator    FlagFIN current has 67 flow
2022-02-02 14:27:22 DEBUG cic.cs.unb.ca.jnetpcap.FlowGenerator    FlagFIN current has 67 flow
2022-02-02 14:29:15 DEBUG cic.cs.unb.ca.jnetpcap.FlowGenerator    FlagFIN current has 420 flow
2022-02-02 14:29:15 DEBUG cic.cs.unb.ca.jnetpcap.FlowGenerator    FlagFIN current has 425 flow
2022-02-02 14:29:17 DEBUG cic.cs.unb.ca.jnetpcap.FlowGenerator    FlagFIN current has 447 flow
2022-02-02 14:29:17 DEBUG cic.cs.unb.ca.jnetpcap.FlowGenerator    FlagFIN current has 446 flow
2022-02-02 14:29:17 DEBUG cic.cs.unb.ca.jnetpcap.FlowGenerator    FlagFIN current has 445 flow
2022-02-02 14:29:17 DEBUG cic.cs.unb.ca.jnetpcap.FlowGenerator    FlagFIN current has 444 flow
2022-02-02 14:29:17 DEBUG cic.cs.unb.ca.jnetpcap.FlowGenerator    FlagFIN current has 443 flow
2022-02-02 14:29:17 DEBUG cic.cs.unb.ca.jnetpcap.FlowGenerator    FlagFIN current has 443 flow
2022-02-02 14:29:17 DEBUG cic.cs.unb.ca.jnetpcap.FlowGenerator    FlagFIN current has 443 flow
2022-02-02 14:29:17 DEBUG cic.cs.unb.ca.jnetpcap.FlowGenerator    FlagFIN current has 443 flow
2022-02-02 14:29:17 DEBUG cic.cs.unb.ca.jnetpcap.FlowGenerator    FlagFIN current has 443 flow
2022-02-02 14:29:17 DEBUG cic.cs.unb.ca.jnetpcap.FlowGenerator    FlagFIN current has 443 flow
2022-02-02 14:29:19 DEBUG cic.cs.unb.ca.jnetpcap.FlowGenerator    FlagFIN current has 459 flow
2022-02-02 14:29:19 DEBUG cic.cs.unb.ca.jnetpcap.FlowGenerator    FlagFIN current has 459 flow
2022-02-02 14:29:19 DEBUG cic.cs.unb.ca.jnetpcap.FlowGenerator    FlagFIN current has 459 flow
2022-02-02 14:29:31 DEBUG cic.cs.unb.ca.jnetpcap.FlowGenerator    FlagFIN current has 459 flow
2022-02-02 14:29:31 DEBUG cic.cs.unb.ca.jnetpcap.FlowGenerator    FlagFIN current has 465 flow
2022-02-02 14:29:31 DEBUG cic.cs.unb.ca.jnetpcap.FlowGenerator    FlagFIN current has 464 flow
2022-02-02 14:29:31 DEBUG cic.cs.unb.ca.jnetpcap.FlowGenerator    FlagFIN current has 463 flow
2022-02-02 14:29:31 DEBUG cic.cs.unb.ca.jnetpcap.FlowGenerator    FlagFIN current has 468 flow
2022-02-02 14:29:34 DEBUG cic.cs.unb.ca.jnetpcap.FlowGenerator    FlagFIN current has 471 flow
2022-02-02 14:29:35 DEBUG cic.cs.unb.ca.jnetpcap.FlowGenerator    FlagFIN current has 470 flow
2022-02-02 14:29:35 DEBUG cic.cs.unb.ca.jnetpcap.FlowGenerator    FlagFIN current has 469 flow
2022-02-02 14:29:38 DEBUG cic.cs.unb.ca.jnetpcap.FlowGenerator    FlagFIN current has 473 flow
2022-02-02 14:29:38 DEBUG cic.cs.unb.ca.jnetpcap.FlowGenerator    FlagFIN current has 473 flow
2022-02-02 14:29:38 DEBUG cic.cs.unb.ca.jnetpcap.FlowGenerator    FlagFIN current has 473 flow
2022-02-02 14:29:43 DEBUG cic.cs.unb.ca.jnetpcap.FlowGenerator    FlagFIN current has 473 flow
2022-02-02 14:29:44 DEBUG cic.cs.unb.ca.jnetpcap.FlowGenerator    FlagFIN current has 478 flow
2022-02-02 14:29:44 DEBUG cic.cs.unb.ca.jnetpcap.FlowGenerator    FlagFIN current has 478 flow
2022-02-02 14:29:44 DEBUG cic.cs.unb.ca.jnetpcap.FlowGenerator    FlagFIN current has 477 flow
2022-02-02 14:29:44 DEBUG cic.cs.unb.ca.jnetpcap.FlowGenerator    FlagFIN current has 476 flow
2022-02-02 14:29:48 DEBUG cic.cs.unb.ca.jnetpcap.FlowGenerator    FlagFIN current has 477 flow
2022-02-02 14:29:52 DEBUG cic.cs.unb.ca.jnetpcap.FlowGenerator    FlagFIN current has 477 flow
2022-02-02 14:29:57 DEBUG cic.cs.unb.ca.jnetpcap.FlowGenerator    FlagFIN current has 482 flow
2022-02-02 14:30:05 DEBUG cic.cs.unb.ca.jnetpcap.FlowGenerator    FlagFIN current has 487 flow
2022-02-02 14:30:22 DEBUG cic.cs.unb.ca.jnetpcap.FlowGenerator    FlagFIN current has 496 flow
2022-02-02 14:30:22 DEBUG cic.cs.unb.ca.jnetpcap.FlowGenerator    FlagFIN current has 495 flow
2022-02-02 14:30:22 DEBUG cic.cs.unb.ca.jnetpcap.FlowGenerator    FlagFIN current has 494 flow
2022-02-02 14:30:35 DEBUG cic.cs.unb.ca.jnetpcap.FlowGenerator    FlagFIN current has 493 flow
2022-02-02 14:30:40 DEBUG cic.cs.unb.ca.jnetpcap.FlowGenerator    FlagFIN current has 493 flow
2022-02-02 14:31:01 DEBUG cic.cs.unb.ca.jnetpcap.FlowGenerator    FlagFIN current has 499 flow
2022-02-02 14:31:14 DEBUG cic.cs.unb.ca.jnetpcap.FlowGenerator    FlagFIN current has 503 flow
2022-02-02 14:31:14 DEBUG cic.cs.unb.ca.jnetpcap.FlowGenerator    FlagFIN current has 502 flow
2022-02-02 14:31:59 DEBUG cic.cs.unb.ca.jnetpcap.FlowGenerator    FlagFIN current has 514 flow
2022-02-02 14:31:59 DEBUG cic.cs.unb.ca.jnetpcap.FlowGenerator    FlagFIN current has 514 flow
2022-02-02 14:31:59 DEBUG cic.cs.unb.ca.jnetpcap.FlowGenerator    FlagFIN current has 515 flow
2022-02-02 14:31:59 DEBUG cic.cs.unb.ca.jnetpcap.FlowGenerator    FlagFIN current has 515 flow
2022-02-02 14:32:05 DEBUG cic.cs.unb.ca.jnetpcap.FlowGenerator    FlagFIN current has 524 flow
2022-02-02 14:32:05 DEBUG cic.cs.unb.ca.jnetpcap.FlowGenerator    FlagFIN current has 524 flow
2022-02-02 14:32:16 DEBUG cic.cs.unb.ca.jnetpcap.FlowGenerator    FlagFIN current has 529 flow
2022-02-02 14:32:16 DEBUG cic.cs.unb.ca.jnetpcap.FlowGenerator    FlagFIN current has 529 flow
2022-02-02 14:32:27 DEBUG cic.cs.unb.ca.jnetpcap.FlowGenerator    FlagFIN current has 530 flow
2022-02-02 14:32:27 DEBUG cic.cs.unb.ca.jnetpcap.FlowGenerator    FlagFIN current has 530 flow
2022-02-02 14:32:27 DEBUG cic.cs.unb.ca.jnetpcap.FlowGenerator    FlagFIN current has 532 flow
2022-02-02 14:32:27 DEBUG cic.cs.unb.ca.jnetpcap.FlowGenerator    FlagFIN current has 532 flow
2022-02-02 14:32:27 DEBUG cic.cs.unb.ca.jnetpcap.FlowGenerator    FlagFIN current has 532 flow
2022-02-02 14:32:27 DEBUG cic.cs.unb.ca.jnetpcap.FlowGenerator    FlagFIN current has 532 flow
2022-02-02 14:33:03 DEBUG cic.cs.unb.ca.jnetpcap.FlowGenerator    FlagFIN current has 545 flow
2022-02-02 14:33:08 DEBUG cic.cs.unb.ca.jnetpcap.FlowGenerator    FlagFIN current has 547 flow
2022-02-02 14:33:08 DEBUG cic.cs.unb.ca.jnetpcap.FlowGenerator    FlagFIN current has 547 flow
2022-02-02 14:34:25 DEBUG cic.cs.unb.ca.jnetpcap.FlowGenerator    FlagFIN current has 571 flow
2022-02-02 14:34:27 DEBUG cic.cs.unb.ca.jnetpcap.FlowGenerator    FlagFIN current has 571 flow
2022-02-02 14:34:39 DEBUG cic.cs.unb.ca.jnetpcap.FlowGenerator    FlagFIN current has 576 flow
2022-02-02 14:34:40 DEBUG cic.cs.unb.ca.jnetpcap.FlowGenerator    FlagFIN current has 576 flow
2022-02-02 14:36:04 DEBUG cic.cs.unb.ca.jnetpcap.FlowGenerator    FlagFIN current has 585 flow
2022-02-02 14:36:45 DEBUG cic.cs.unb.ca.jnetpcap.FlowGenerator    FlagFIN current has 594 flow
2022-02-02 14:36:45 DEBUG cic.cs.unb.ca.jnetpcap.FlowGenerator    FlagFIN current has 594 flow
2022-02-02 14:37:39 DEBUG cic.cs.unb.ca.jnetpcap.FlowGenerator    FlagFIN current has 602 flow
2022-02-02 14:37:39 DEBUG cic.cs.unb.ca.jnetpcap.FlowGenerator    FlagFIN current has 602 flow
2022-02-02 14:39:05 DEBUG cic.cs.unb.ca.jnetpcap.FlowGenerator    FlagFIN current has 609 flow
2022-02-02 14:39:05 DEBUG cic.cs.unb.ca.jnetpcap.FlowGenerator    FlagFIN current has 609 flow
2022-02-02 14:39:05 DEBUG cic.cs.unb.ca.jnetpcap.FlowGenerator    FlagFIN current has 609 flow
2022-02-02 14:39:53 DEBUG cic.cs.unb.ca.jnetpcap.FlowGenerator    FlagFIN current has 621 flow
2022-02-02 14:39:53 DEBUG cic.cs.unb.ca.jnetpcap.FlowGenerator    FlagFIN current has 628 flow
2022-02-02 14:39:53 DEBUG cic.cs.unb.ca.jnetpcap.FlowGenerator    FlagFIN current has 627 flow
2022-02-02 14:39:53 DEBUG cic.cs.unb.ca.jnetpcap.FlowGenerator    FlagFIN current has 626 flow
2022-02-02 14:39:53 DEBUG cic.cs.unb.ca.jnetpcap.FlowGenerator    FlagFIN current has 629 flow
2022-02-02 14:39:54 DEBUG cic.cs.unb.ca.jnetpcap.FlowGenerator    FlagFIN current has 636 flow
2022-02-02 14:39:54 DEBUG cic.cs.unb.ca.jnetpcap.FlowGenerator    FlagFIN current has 642 flow
2022-02-02 14:39:54 DEBUG cic.cs.unb.ca.jnetpcap.FlowGenerator    FlagFIN current has 642 flow
2022-02-02 14:39:54 DEBUG cic.cs.unb.ca.jnetpcap.FlowGenerator    FlagFIN current has 641 flow
2022-02-02 14:39:54 DEBUG cic.cs.unb.ca.jnetpcap.FlowGenerator    FlagFIN current has 640 flow
2022-02-02 14:39:54 DEBUG cic.cs.unb.ca.jnetpcap.FlowGenerator    FlagFIN current has 639 flow
2022-02-02 14:39:54 DEBUG cic.cs.unb.ca.jnetpcap.FlowGenerator    FlagFIN current has 642 flow
2022-02-02 14:39:58 DEBUG cic.cs.unb.ca.jnetpcap.FlowGenerator    FlagFIN current has 644 flow
2022-02-02 14:41:00 DEBUG cic.cs.unb.ca.jnetpcap.FlowGenerator    FlagFIN current has 650 flow
2022-02-02 14:41:00 DEBUG cic.cs.unb.ca.jnetpcap.FlowGenerator    Timeout current has 650 flow
2022-02-02 14:41:08 DEBUG cic.cs.unb.ca.jnetpcap.FlowGenerator    Timeout current has 650 flow
2022-02-02 14:41:15 DEBUG cic.cs.unb.ca.jnetpcap.FlowGenerator    Timeout current has 650 flow
2022-02-02 14:41:15 DEBUG cic.cs.unb.ca.jnetpcap.FlowGenerator    Timeout current has 650 flow
2022-02-02 14:41:15 DEBUG cic.cs.unb.ca.jnetpcap.FlowGenerator    Timeout current has 650 flow
2022-02-02 14:41:15 DEBUG cic.cs.unb.ca.jnetpcap.FlowGenerator    Timeout current has 650 flow
2022-02-02 14:41:19 DEBUG cic.cs.unb.ca.jnetpcap.FlowGenerator    Timeout current has 650 flow
2022-02-02 14:41:19 DEBUG cic.cs.unb.ca.jnetpcap.FlowGenerator    Timeout current has 650 flow
2022-02-02 14:41:19 DEBUG cic.cs.unb.ca.jnetpcap.FlowGenerator    Timeout current has 650 flow
2022-02-02 14:41:19 DEBUG cic.cs.unb.ca.jnetpcap.FlowGenerator    Timeout current has 650 flow
2022-02-02 14:41:24 DEBUG cic.cs.unb.ca.jnetpcap.FlowGenerator    Timeout current has 650 flow
2022-02-02 14:41:28 DEBUG cic.cs.unb.ca.jnetpcap.FlowGenerator    Timeout current has 650 flow
2022-02-02 14:41:33 DEBUG cic.cs.unb.ca.jnetpcap.FlowGenerator    Timeout current has 650 flow
2022-02-02 14:41:55 DEBUG cic.cs.unb.ca.jnetpcap.FlowGenerator    FlagFIN current has 660 flow
2022-02-02 14:41:55 DEBUG cic.cs.unb.ca.jnetpcap.FlowGenerator    FlagFIN current has 659 flow
2022-02-02 14:41:55 DEBUG cic.cs.unb.ca.jnetpcap.FlowGenerator    FlagFIN current has 658 flow
2022-02-02 14:41:55 DEBUG cic.cs.unb.ca.jnetpcap.FlowGenerator    FlagFIN current has 658 flow
2022-02-02 14:41:55 DEBUG cic.cs.unb.ca.jnetpcap.FlowGenerator    FlagFIN current has 659 flow
2022-02-02 14:41:55 DEBUG cic.cs.unb.ca.jnetpcap.FlowGenerator    FlagFIN current has 660 flow
2022-02-02 14:42:04 DEBUG cic.cs.unb.ca.jnetpcap.FlowGenerator    FlagFIN current has 662 flow
2022-02-02 14:42:04 DEBUG cic.cs.unb.ca.jnetpcap.FlowGenerator    FlagFIN current has 662 flow
2022-02-02 14:42:04 DEBUG cic.cs.unb.ca.jnetpcap.FlowGenerator    FlagFIN current has 662 flow
2022-02-02 14:42:08 DEBUG cic.cs.unb.ca.jnetpcap.FlowGenerator    FlagFIN current has 662 flow
2022-02-02 14:42:08 DEBUG cic.cs.unb.ca.jnetpcap.FlowGenerator    FlagFIN current has 661 flow
2022-02-02 14:42:08 DEBUG cic.cs.unb.ca.jnetpcap.FlowGenerator    FlagFIN current has 661 flow
2022-02-02 14:42:08 DEBUG cic.cs.unb.ca.jnetpcap.FlowGenerator    FlagFIN current has 662 flow
2022-02-02 14:42:10 DEBUG cic.cs.unb.ca.jnetpcap.FlowGenerator    FlagFIN current has 662 flow
2022-02-02 14:42:10 DEBUG cic.cs.unb.ca.jnetpcap.FlowGenerator    FlagFIN current has 661 flow
2022-02-02 14:42:10 DEBUG cic.cs.unb.ca.jnetpcap.FlowGenerator    FlagFIN current has 662 flow
2022-02-02 14:42:22 DEBUG cic.cs.unb.ca.jnetpcap.FlowGenerator    FlagFIN current has 664 flow
2022-02-02 14:42:32 DEBUG cic.cs.unb.ca.jnetpcap.FlowGenerator    FlagFIN current has 666 flow
2022-02-02 14:42:32 DEBUG cic.cs.unb.ca.jnetpcap.FlowGenerator    FlagFIN current has 666 flow
2022-02-02 14:42:43 DEBUG cic.cs.unb.ca.jnetpcap.FlowGenerator    FlagFIN current has 669 flow
2022-02-02 14:42:47 DEBUG cic.cs.unb.ca.jnetpcap.FlowGenerator    FlagFIN current has 669 flow
2022-02-02 14:42:47 DEBUG cic.cs.unb.ca.jnetpcap.FlowGenerator    FlagFIN current has 669 flow
2022-02-02 14:42:47 DEBUG cic.cs.unb.ca.jnetpcap.FlowGenerator    FlagFIN current has 669 flow
2022-02-02 14:42:48 DEBUG cic.cs.unb.ca.jnetpcap.FlowGenerator    FlagFIN current has 669 flow
2022-02-02 14:42:48 DEBUG cic.cs.unb.ca.jnetpcap.FlowGenerator    FlagFIN current has 669 flow
2022-02-02 14:42:48 DEBUG cic.cs.unb.ca.jnetpcap.FlowGenerator    FlagFIN current has 669 flow
2022-02-02 14:42:52 DEBUG cic.cs.unb.ca.jnetpcap.FlowGenerator    FlagFIN current has 669 flow
2022-02-02 14:42:52 DEBUG cic.cs.unb.ca.jnetpcap.FlowGenerator    FlagFIN current has 669 flow
2022-02-02 14:42:52 DEBUG cic.cs.unb.ca.jnetpcap.FlowGenerator    FlagFIN current has 669 flow
2022-02-02 14:42:52 DEBUG cic.cs.unb.ca.jnetpcap.FlowGenerator    FlagFIN current has 669 flow
2022-02-02 14:43:01 DEBUG cic.cs.unb.ca.jnetpcap.FlowGenerator    FlagFIN current has 669 flow
2022-02-02 14:43:30 DEBUG cic.cs.unb.ca.jnetpcap.FlowGenerator    FlagFIN current has 669 flow
2022-02-02 14:43:30 DEBUG cic.cs.unb.ca.jnetpcap.FlowGenerator    FlagFIN current has 670 flow
2022-02-02 14:43:30 DEBUG cic.cs.unb.ca.jnetpcap.FlowGenerator    FlagFIN current has 670 flow
2022-02-02 14:45:06 DEBUG cic.cs.unb.ca.jnetpcap.FlowGenerator    FlagFIN current has 691 flow
2022-02-02 14:45:38 DEBUG cic.cs.unb.ca.jnetpcap.FlowGenerator    FlagFIN current has 698 flow
2022-02-02 14:45:38 DEBUG cic.cs.unb.ca.jnetpcap.FlowGenerator    FlagFIN current has 698 flow
2022-02-02 14:45:38 DEBUG cic.cs.unb.ca.jnetpcap.FlowGenerator    FlagFIN current has 698 flow
2022-02-02 14:45:38 DEBUG cic.cs.unb.ca.jnetpcap.FlowGenerator    FlagFIN current has 698 flow
2022-02-02 14:46:03 DEBUG cic.cs.unb.ca.jnetpcap.FlowGenerator    Timeout current has 700 flow
2022-02-02 14:46:08 DEBUG cic.cs.unb.ca.jnetpcap.FlowGenerator    Timeout current has 700 flow
2022-02-02 14:46:19 DEBUG cic.cs.unb.ca.jnetpcap.FlowGenerator    Timeout current has 700 flow
2022-02-02 14:46:26 DEBUG cic.cs.unb.ca.jnetpcap.FlowGenerator    Timeout current has 700 flow
2022-02-02 14:46:28 DEBUG cic.cs.unb.ca.jnetpcap.FlowGenerator    FlagFIN current has 702 flow
2022-02-02 14:46:28 DEBUG cic.cs.unb.ca.jnetpcap.FlowGenerator    FlagFIN current has 702 flow
2022-02-02 14:46:28 DEBUG cic.cs.unb.ca.jnetpcap.FlowGenerator    FlagFIN current has 704 flow
2022-02-02 14:46:31 DEBUG cic.cs.unb.ca.jnetpcap.FlowGenerator    FlagFIN current has 704 flow
2022-02-02 14:47:26 DEBUG cic.cs.unb.ca.jnetpcap.FlowGenerator    FlagFIN current has 712 flow
2022-02-02 14:47:26 DEBUG cic.cs.unb.ca.jnetpcap.FlowGenerator    FlagFIN current has 712 flow
2022-02-02 14:48:03 DEBUG cic.cs.unb.ca.jnetpcap.FlowGenerator    FlagFIN current has 716 flow
2022-02-02 14:48:25 DEBUG cic.cs.unb.ca.jnetpcap.FlowGenerator    FlagFIN current has 720 flow
2022-02-02 14:48:25 DEBUG cic.cs.unb.ca.jnetpcap.FlowGenerator    FlagFIN current has 720 flow
2022-02-02 14:48:47 DEBUG cic.cs.unb.ca.jnetpcap.FlowGenerator    FlagFIN current has 725 flow
2022-02-02 14:48:47 DEBUG cic.cs.unb.ca.jnetpcap.FlowGenerator    FlagFIN current has 727 flow
2022-02-02 14:49:27 DEBUG cic.cs.unb.ca.jnetpcap.FlowGenerator    FlagFIN current has 737 flow
2022-02-02 14:50:31 DEBUG cic.cs.unb.ca.jnetpcap.FlowGenerator    FlagFIN current has 745 flow
2022-02-02 14:50:31 DEBUG cic.cs.unb.ca.jnetpcap.FlowGenerator    FlagFIN current has 745 flow
2022-02-02 14:50:59 DEBUG cic.cs.unb.ca.jnetpcap.FlowGenerator    Timeout current has 750 flow
2022-02-02 14:51:03 DEBUG cic.cs.unb.ca.jnetpcap.FlowGenerator    FlagFIN current has 750 flow
2022-02-02 14:53:05 DEBUG cic.cs.unb.ca.jnetpcap.FlowGenerator    FlagFIN current has 899 flow
2022-02-02 14:53:05 DEBUG cic.cs.unb.ca.jnetpcap.FlowGenerator    FlagFIN current has 899 flow
2022-02-02 14:53:05 DEBUG cic.cs.unb.ca.jnetpcap.FlowGenerator    FlagFIN current has 898 flow
2022-02-02 14:53:05 DEBUG cic.cs.unb.ca.jnetpcap.FlowGenerator    FlagFIN current has 898 flow
2022-02-02 14:53:05 DEBUG cic.cs.unb.ca.jnetpcap.FlowGenerator    FlagFIN current has 899 flow
2022-02-02 14:53:05 DEBUG cic.cs.unb.ca.jnetpcap.FlowGenerator    FlagFIN current has 898 flow
2022-02-02 14:53:05 DEBUG cic.cs.unb.ca.jnetpcap.FlowGenerator    Timeout current has 900 flow
2022-02-02 14:53:05 DEBUG cic.cs.unb.ca.jnetpcap.FlowGenerator    FlagFIN current has 914 flow
2022-02-02 14:53:05 DEBUG cic.cs.unb.ca.jnetpcap.FlowGenerator    FlagFIN current has 915 flow
2022-02-02 14:53:05 DEBUG cic.cs.unb.ca.jnetpcap.FlowGenerator    FlagFIN current has 917 flow
2022-02-02 14:53:10 DEBUG cic.cs.unb.ca.jnetpcap.FlowGenerator    FlagFIN current has 920 flow
2022-02-02 14:53:18 DEBUG cic.cs.unb.ca.jnetpcap.FlowGenerator    FlagFIN current has 920 flow
2022-02-02 14:53:48 DEBUG cic.cs.unb.ca.jnetpcap.FlowGenerator    FlagFIN current has 926 flow
2022-02-02 14:53:48 DEBUG cic.cs.unb.ca.jnetpcap.FlowGenerator    FlagFIN current has 927 flow
2022-02-02 14:54:01 DEBUG cic.cs.unb.ca.jnetpcap.FlowGenerator    FlagFIN current has 928 flow
2022-02-02 14:54:05 DEBUG cic.cs.unb.ca.jnetpcap.FlowGenerator    FlagFIN current has 930 flow
2022-02-02 14:54:11 DEBUG cic.cs.unb.ca.jnetpcap.FlowGenerator    FlagFIN current has 936 flow
2022-02-02 14:54:17 DEBUG cic.cs.unb.ca.jnetpcap.FlowGenerator    FlagFIN current has 941 flow
2022-02-02 14:54:17 DEBUG cic.cs.unb.ca.jnetpcap.FlowGenerator    FlagFIN current has 941 flow
2022-02-02 14:54:30 DEBUG cic.cs.unb.ca.jnetpcap.FlowGenerator    FlagFIN current has 947 flow
2022-02-02 14:54:31 DEBUG cic.cs.unb.ca.jnetpcap.FlowGenerator    FlagFIN current has 967 flow
2022-02-02 14:57:04 DEBUG cic.cs.unb.ca.jnetpcap.FlowGenerator    FlagFIN current has 1039 flow
2022-02-02 14:57:08 DEBUG cic.cs.unb.ca.jnetpcap.FlowGenerator    FlagFIN current has 1040 flow
2022-02-02 14:57:08 DEBUG cic.cs.unb.ca.jnetpcap.FlowGenerator    FlagFIN current has 1039 flow
2022-02-02 14:57:08 DEBUG cic.cs.unb.ca.jnetpcap.FlowGenerator    FlagFIN current has 1039 flow
2022-02-02 14:57:08 DEBUG cic.cs.unb.ca.jnetpcap.FlowGenerator    FlagFIN current has 1040 flow
2022-02-02 14:57:12 DEBUG cic.cs.unb.ca.jnetpcap.FlowGenerator    FlagFIN current has 1040 flow
2022-02-02 14:57:12 DEBUG cic.cs.unb.ca.jnetpcap.FlowGenerator    FlagFIN current has 1040 flow
2022-02-02 14:57:19 DEBUG cic.cs.unb.ca.jnetpcap.FlowGenerator    FlagFIN current has 1040 flow
2022-02-02 14:57:19 DEBUG cic.cs.unb.ca.jnetpcap.FlowGenerator    FlagFIN current has 1040 flow
2022-02-02 14:57:22 DEBUG cic.cs.unb.ca.jnetpcap.FlowGenerator    FlagFIN current has 1040 flow
2022-02-02 14:57:22 DEBUG cic.cs.unb.ca.jnetpcap.FlowGenerator    FlagFIN current has 1040 flow
2022-02-02 14:58:26 DEBUG cic.cs.unb.ca.jnetpcap.FlowGenerator    Timeout current has 1050 flow
2022-02-02 14:58:55 DEBUG cic.cs.unb.ca.jnetpcap.FlowGenerator    FlagFIN current has 1053 flow
2022-02-02 14:58:55 DEBUG cic.cs.unb.ca.jnetpcap.FlowGenerator    FlagFIN current has 1053 flow
2022-02-02 15:00:05 DEBUG cic.cs.unb.ca.jnetpcap.FlowGenerator    FlagFIN current has 1059 flow
2022-02-02 15:00:27 DEBUG cic.cs.unb.ca.jnetpcap.FlowGenerator    FlagFIN current has 1060 flow
2022-02-02 15:00:27 DEBUG cic.cs.unb.ca.jnetpcap.FlowGenerator    FlagFIN current has 1060 flow
2022-02-02 15:00:49 DEBUG cic.cs.unb.ca.jnetpcap.FlowGenerator    FlagFIN current has 1060 flow
2022-02-02 15:00:49 DEBUG cic.cs.unb.ca.jnetpcap.FlowGenerator    FlagFIN current has 1060 flow
2022-02-02 15:02:25 DEBUG cic.cs.unb.ca.jnetpcap.FlowGenerator    FlagFIN current has 1078 flow
2022-02-02 15:02:25 DEBUG cic.cs.unb.ca.jnetpcap.FlowGenerator    FlagFIN current has 1078 flow
2022-02-02 15:02:28 DEBUG cic.cs.unb.ca.jnetpcap.FlowGenerator    FlagFIN current has 1079 flow
2022-02-02 15:02:29 DEBUG cic.cs.unb.ca.jnetpcap.FlowGenerator    FlagFIN current has 1080 flow
2022-02-02 15:02:32 DEBUG cic.cs.unb.ca.jnetpcap.FlowGenerator    FlagFIN current has 1083 flow
2022-02-02 15:02:32 DEBUG cic.cs.unb.ca.jnetpcap.FlowGenerator    FlagFIN current has 1083 flow
2022-02-02 15:02:32 DEBUG cic.cs.unb.ca.jnetpcap.FlowGenerator    FlagFIN current has 1084 flow
2022-02-02 15:02:32 DEBUG cic.cs.unb.ca.jnetpcap.FlowGenerator    FlagFIN current has 1084 flow
2022-02-02 15:02:33 DEBUG cic.cs.unb.ca.jnetpcap.FlowGenerator    FlagFIN current has 1098 flow
2022-02-02 15:02:33 DEBUG cic.cs.unb.ca.jnetpcap.FlowGenerator    FlagFIN current has 1097 flow
2022-02-02 15:02:33 DEBUG cic.cs.unb.ca.jnetpcap.FlowGenerator    FlagFIN current has 1096 flow
2022-02-02 15:02:33 DEBUG cic.cs.unb.ca.jnetpcap.FlowGenerator    FlagFIN current has 1095 flow
2022-02-02 15:02:33 DEBUG cic.cs.unb.ca.jnetpcap.FlowGenerator    FlagFIN current has 1098 flow
2022-02-02 15:02:34 DEBUG cic.cs.unb.ca.jnetpcap.FlowGenerator    FlagFIN current has 1102 flow
2022-02-02 15:02:34 DEBUG cic.cs.unb.ca.jnetpcap.FlowGenerator    FlagFIN current has 1102 flow
2022-02-02 15:02:34 DEBUG cic.cs.unb.ca.jnetpcap.FlowGenerator    FlagFIN current has 1102 flow
2022-02-02 15:02:34 DEBUG cic.cs.unb.ca.jnetpcap.FlowGenerator    FlagFIN current has 1102 flow
2022-02-02 15:02:34 DEBUG cic.cs.unb.ca.jnetpcap.FlowGenerator    FlagFIN current has 1104 flow
2022-02-02 15:02:34 DEBUG cic.cs.unb.ca.jnetpcap.FlowGenerator    FlagFIN current has 1104 flow
2022-02-02 15:02:34 DEBUG cic.cs.unb.ca.jnetpcap.FlowGenerator    FlagFIN current has 1106 flow
2022-02-02 15:02:34 DEBUG cic.cs.unb.ca.jnetpcap.FlowGenerator    FlagFIN current has 1106 flow
2022-02-02 15:02:35 DEBUG cic.cs.unb.ca.jnetpcap.FlowGenerator    FlagFIN current has 1108 flow
2022-02-02 15:02:35 DEBUG cic.cs.unb.ca.jnetpcap.FlowGenerator    FlagFIN current has 1108 flow
2022-02-02 15:03:05 DEBUG cic.cs.unb.ca.jnetpcap.FlowGenerator    FlagFIN current has 1128 flow
2022-02-02 15:03:40 DEBUG cic.cs.unb.ca.jnetpcap.FlowGenerator    FlagFIN current has 1132 flow
2022-02-02 15:03:40 DEBUG cic.cs.unb.ca.jnetpcap.FlowGenerator    FlagFIN current has 1131 flow
2022-02-02 15:03:40 DEBUG cic.cs.unb.ca.jnetpcap.FlowGenerator    FlagFIN current has 1132 flow
2022-02-02 15:03:58 DEBUG cic.cs.unb.ca.jnetpcap.FlowGenerator    FlagFIN current has 1136 flow
2022-02-02 15:03:58 DEBUG cic.cs.unb.ca.jnetpcap.FlowGenerator    FlagFIN current has 1135 flow
2022-02-02 15:03:58 DEBUG cic.cs.unb.ca.jnetpcap.FlowGenerator    FlagFIN current has 1135 flow
2022-02-02 15:03:58 DEBUG cic.cs.unb.ca.jnetpcap.FlowGenerator    FlagFIN current has 1136 flow
2022-02-02 15:05:12 DEBUG cic.cs.unb.ca.jnetpcap.FlowGenerator    FlagFIN current has 1142 flow
2022-02-02 15:05:12 DEBUG cic.cs.unb.ca.jnetpcap.FlowGenerator    FlagFIN current has 1142 flow
2022-02-02 15:05:15 DEBUG cic.cs.unb.ca.jnetpcap.FlowGenerator    FlagFIN current has 1142 flow
2022-02-02 15:05:15 DEBUG cic.cs.unb.ca.jnetpcap.FlowGenerator    FlagFIN current has 1142 flow
2022-02-02 15:05:15 DEBUG cic.cs.unb.ca.jnetpcap.FlowGenerator    FlagFIN current has 1142 flow
2022-02-02 15:05:15 DEBUG cic.cs.unb.ca.jnetpcap.FlowGenerator    FlagFIN current has 1141 flow
2022-02-02 15:05:15 DEBUG cic.cs.unb.ca.jnetpcap.FlowGenerator    FlagFIN current has 1141 flow
2022-02-02 15:05:15 DEBUG cic.cs.unb.ca.jnetpcap.FlowGenerator    FlagFIN current has 1142 flow
2022-02-02 15:05:18 DEBUG cic.cs.unb.ca.jnetpcap.FlowGenerator    FlagFIN current has 1142 flow
2022-02-02 15:05:18 DEBUG cic.cs.unb.ca.jnetpcap.FlowGenerator    FlagFIN current has 1142 flow
2022-02-02 15:05:26 DEBUG cic.cs.unb.ca.jnetpcap.FlowGenerator    FlagFIN current has 1142 flow
2022-02-02 15:05:26 DEBUG cic.cs.unb.ca.jnetpcap.FlowGenerator    FlagFIN current has 1142 flow
2022-02-02 15:05:26 DEBUG cic.cs.unb.ca.jnetpcap.FlowGenerator    FlagFIN current has 1142 flow
2022-02-02 15:05:26 DEBUG cic.cs.unb.ca.jnetpcap.FlowGenerator    FlagFIN current has 1142 flow
2022-02-02 15:05:29 DEBUG cic.cs.unb.ca.jnetpcap.FlowGenerator    FlagFIN current has 1142 flow
2022-02-02 15:05:29 DEBUG cic.cs.unb.ca.jnetpcap.FlowGenerator    FlagFIN current has 1142 flow
2022-02-02 15:05:29 DEBUG cic.cs.unb.ca.jnetpcap.FlowGenerator    FlagFIN current has 1142 flow
2022-02-02 15:05:29 DEBUG cic.cs.unb.ca.jnetpcap.FlowGenerator    FlagFIN current has 1142 flow
2022-02-02 15:05:47 DEBUG cic.cs.unb.ca.jnetpcap.FlowGenerator    FlagFIN current has 1144 flow
2022-02-02 15:05:47 DEBUG cic.cs.unb.ca.jnetpcap.FlowGenerator    FlagFIN current has 1144 flow
2022-02-02 15:05:47 DEBUG cic.cs.unb.ca.jnetpcap.FlowGenerator    FlagFIN current has 1144 flow
2022-02-02 15:05:47 DEBUG cic.cs.unb.ca.jnetpcap.FlowGenerator    FlagFIN current has 1144 flow
2022-02-02 15:05:47 DEBUG cic.cs.unb.ca.jnetpcap.FlowGenerator    FlagFIN current has 1144 flow
2022-02-02 15:05:47 DEBUG cic.cs.unb.ca.jnetpcap.FlowGenerator    FlagFIN current has 1143 flow
2022-02-02 15:05:47 DEBUG cic.cs.unb.ca.jnetpcap.FlowGenerator    FlagFIN current has 1143 flow
2022-02-02 15:05:47 DEBUG cic.cs.unb.ca.jnetpcap.FlowGenerator    FlagFIN current has 1144 flow
2022-02-02 15:05:47 DEBUG cic.cs.unb.ca.jnetpcap.FlowGenerator    FlagFIN current has 1144 flow
2022-02-02 15:05:47 DEBUG cic.cs.unb.ca.jnetpcap.FlowGenerator    FlagFIN current has 1144 flow
2022-02-02 15:05:47 DEBUG cic.cs.unb.ca.jnetpcap.FlowGenerator    FlagFIN current has 1144 flow
2022-02-02 15:05:47 DEBUG cic.cs.unb.ca.jnetpcap.FlowGenerator    FlagFIN current has 1144 flow
2022-02-02 15:05:56 DEBUG cic.cs.unb.ca.jnetpcap.FlowGenerator    FlagFIN current has 1149 flow
2022-02-02 15:05:56 DEBUG cic.cs.unb.ca.jnetpcap.FlowGenerator    FlagFIN current has 1149 flow
2022-02-02 15:06:03 DEBUG cic.cs.unb.ca.jnetpcap.FlowGenerator    FlagFIN current has 1152 flow
2022-02-02 15:06:32 DEBUG cic.cs.unb.ca.jnetpcap.FlowGenerator    FlagFIN current has 1155 flow
2022-02-02 15:06:32 DEBUG cic.cs.unb.ca.jnetpcap.FlowGenerator    FlagFIN current has 1155 flow
2022-02-02 15:07:22 DEBUG cic.cs.unb.ca.jnetpcap.FlowGenerator    FlagFIN current has 1182 flow
2022-02-02 15:07:22 DEBUG cic.cs.unb.ca.jnetpcap.FlowGenerator    FlagFIN current has 1181 flow
2022-02-02 15:07:22 DEBUG cic.cs.unb.ca.jnetpcap.FlowGenerator    FlagFIN current has 1182 flow
2022-02-02 15:07:22 DEBUG cic.cs.unb.ca.jnetpcap.FlowGenerator    FlagFIN current has 1183 flow
2022-02-02 15:07:22 DEBUG cic.cs.unb.ca.jnetpcap.FlowGenerator    FlagFIN current has 1183 flow
2022-02-02 15:07:23 DEBUG cic.cs.unb.ca.jnetpcap.FlowGenerator    FlagFIN current has 1183 flow
2022-02-02 15:07:23 DEBUG cic.cs.unb.ca.jnetpcap.FlowGenerator    FlagFIN current has 1184 flow
2022-02-02 15:07:23 DEBUG cic.cs.unb.ca.jnetpcap.FlowGenerator    FlagFIN current has 1184 flow
2022-02-02 15:07:28 DEBUG cic.cs.unb.ca.jnetpcap.FlowGenerator    FlagFIN current has 1190 flow
2022-02-02 15:07:28 DEBUG cic.cs.unb.ca.jnetpcap.FlowGenerator    FlagFIN current has 1190 flow
2022-02-02 15:07:28 DEBUG cic.cs.unb.ca.jnetpcap.FlowGenerator    FlagFIN current has 1201 flow
2022-02-02 15:07:28 DEBUG cic.cs.unb.ca.jnetpcap.FlowGenerator    FlagFIN current has 1201 flow
2022-02-02 15:07:28 DEBUG cic.cs.unb.ca.jnetpcap.FlowGenerator    FlagFIN current has 1202 flow
2022-02-02 15:08:24 DEBUG cic.cs.unb.ca.jnetpcap.FlowGenerator    FlagFIN current has 1207 flow
2022-02-02 15:08:24 DEBUG cic.cs.unb.ca.jnetpcap.FlowGenerator    FlagFIN current has 1207 flow
2022-02-02 15:08:24 DEBUG cic.cs.unb.ca.jnetpcap.FlowGenerator    FlagFIN current has 1206 flow
2022-02-02 15:08:24 DEBUG cic.cs.unb.ca.jnetpcap.FlowGenerator    FlagFIN current has 1206 flow
2022-02-02 15:08:27 DEBUG cic.cs.unb.ca.jnetpcap.FlowGenerator    FlagFIN current has 1207 flow
2022-02-02 15:08:30 DEBUG cic.cs.unb.ca.jnetpcap.FlowGenerator    FlagFIN current has 1215 flow
2022-02-02 15:08:30 DEBUG cic.cs.unb.ca.jnetpcap.FlowGenerator    FlagFIN current has 1215 flow
2022-02-02 15:08:34 DEBUG cic.cs.unb.ca.jnetpcap.FlowGenerator    FlagFIN current has 1216 flow
2022-02-02 15:08:34 DEBUG cic.cs.unb.ca.jnetpcap.FlowGenerator    FlagFIN current has 1216 flow
2022-02-02 15:08:46 DEBUG cic.cs.unb.ca.jnetpcap.FlowGenerator    FlagFIN current has 1219 flow
2022-02-02 15:08:46 DEBUG cic.cs.unb.ca.jnetpcap.FlowGenerator    FlagFIN current has 1218 flow
2022-02-02 15:08:46 DEBUG cic.cs.unb.ca.jnetpcap.FlowGenerator    FlagFIN current has 1218 flow
2022-02-02 15:08:46 DEBUG cic.cs.unb.ca.jnetpcap.FlowGenerator    FlagFIN current has 1219 flow
2022-02-02 15:08:52 DEBUG cic.cs.unb.ca.jnetpcap.FlowGenerator    FlagFIN current has 1219 flow
2022-02-02 15:08:52 DEBUG cic.cs.unb.ca.jnetpcap.FlowGenerator    FlagFIN current has 1219 flow
2022-02-02 15:09:04 DEBUG cic.cs.unb.ca.jnetpcap.FlowGenerator    FlagFIN current has 1222 flow
2022-02-02 15:09:13 DEBUG cic.cs.unb.ca.jnetpcap.FlowGenerator    FlagFIN current has 1222 flow
2022-02-02 15:09:13 DEBUG cic.cs.unb.ca.jnetpcap.FlowGenerator    FlagFIN current has 1222 flow
2022-02-02 15:09:17 DEBUG cic.cs.unb.ca.jnetpcap.FlowGenerator    FlagFIN current has 1222 flow
2022-02-02 15:09:17 DEBUG cic.cs.unb.ca.jnetpcap.FlowGenerator    FlagFIN current has 1221 flow
2022-02-02 15:09:42 DEBUG cic.cs.unb.ca.jnetpcap.FlowGenerator    FlagFIN current has 1222 flow
2022-02-02 15:09:42 DEBUG cic.cs.unb.ca.jnetpcap.FlowGenerator    FlagFIN current has 1222 flow
2022-02-02 15:09:52 DEBUG cic.cs.unb.ca.jnetpcap.FlowGenerator    FlagFIN current has 1223 flow
2022-02-02 15:09:52 DEBUG cic.cs.unb.ca.jnetpcap.FlowGenerator    FlagFIN current has 1223 flow
2022-02-02 15:09:56 DEBUG cic.cs.unb.ca.jnetpcap.FlowGenerator    FlagFIN current has 1223 flow
2022-02-02 15:09:56 DEBUG cic.cs.unb.ca.jnetpcap.FlowGenerator    FlagFIN current has 1223 flow
2022-02-02 15:10:05 DEBUG cic.cs.unb.ca.jnetpcap.FlowGenerator    FlagFIN current has 1223 flow
2022-02-02 15:10:05 DEBUG cic.cs.unb.ca.jnetpcap.FlowGenerator    FlagFIN current has 1222 flow
2022-02-02 15:10:05 DEBUG cic.cs.unb.ca.jnetpcap.FlowGenerator    FlagFIN current has 1222 flow
2022-02-02 15:10:05 DEBUG cic.cs.unb.ca.jnetpcap.FlowGenerator    FlagFIN current has 1223 flow
2022-02-02 15:10:08 DEBUG cic.cs.unb.ca.jnetpcap.FlowGenerator    FlagFIN current has 1223 flow
2022-02-02 15:10:08 DEBUG cic.cs.unb.ca.jnetpcap.FlowGenerator    FlagFIN current has 1223 flow
2022-02-02 15:10:16 DEBUG cic.cs.unb.ca.jnetpcap.FlowGenerator    FlagFIN current has 1226 flow
2022-02-02 15:10:16 DEBUG cic.cs.unb.ca.jnetpcap.FlowGenerator    FlagFIN current has 1226 flow
2022-02-02 15:10:16 DEBUG cic.cs.unb.ca.jnetpcap.FlowGenerator    FlagFIN current has 1226 flow
2022-02-02 15:10:16 DEBUG cic.cs.unb.ca.jnetpcap.FlowGenerator    FlagFIN current has 1226 flow
2022-02-02 15:10:18 DEBUG cic.cs.unb.ca.jnetpcap.FlowGenerator    FlagFIN current has 1227 flow
2022-02-02 15:10:18 DEBUG cic.cs.unb.ca.jnetpcap.FlowGenerator    FlagFIN current has 1227 flow
2022-02-02 15:10:19 DEBUG cic.cs.unb.ca.jnetpcap.FlowGenerator    FlagFIN current has 1229 flow
2022-02-02 15:10:19 DEBUG cic.cs.unb.ca.jnetpcap.FlowGenerator    FlagFIN current has 1228 flow
2022-02-02 15:10:19 DEBUG cic.cs.unb.ca.jnetpcap.FlowGenerator    FlagFIN current has 1227 flow
2022-02-02 15:10:19 DEBUG cic.cs.unb.ca.jnetpcap.FlowGenerator    FlagFIN current has 1226 flow
2022-02-02 15:10:19 DEBUG cic.cs.unb.ca.jnetpcap.FlowGenerator    FlagFIN current has 1225 flow
2022-02-02 15:10:19 DEBUG cic.cs.unb.ca.jnetpcap.FlowGenerator    FlagFIN current has 1224 flow
2022-02-02 15:10:19 DEBUG cic.cs.unb.ca.jnetpcap.FlowGenerator    FlagFIN current has 1224 flow
2022-02-02 15:10:19 DEBUG cic.cs.unb.ca.jnetpcap.FlowGenerator    FlagFIN current has 1225 flow
2022-02-02 15:10:19 DEBUG cic.cs.unb.ca.jnetpcap.FlowGenerator    FlagFIN current has 1226 flow
2022-02-02 15:10:19 DEBUG cic.cs.unb.ca.jnetpcap.FlowGenerator    FlagFIN current has 1227 flow
2022-02-02 15:10:19 DEBUG cic.cs.unb.ca.jnetpcap.FlowGenerator    FlagFIN current has 1228 flow
2022-02-02 15:10:19 DEBUG cic.cs.unb.ca.jnetpcap.FlowGenerator    FlagFIN current has 1229 flow
2022-02-02 15:10:22 DEBUG cic.cs.unb.ca.jnetpcap.FlowGenerator    FlagFIN current has 1229 flow
2022-02-02 15:10:22 DEBUG cic.cs.unb.ca.jnetpcap.FlowGenerator    FlagFIN current has 1229 flow
2022-02-02 15:10:24 DEBUG cic.cs.unb.ca.jnetpcap.FlowGenerator    FlagFIN current has 1229 flow
2022-02-02 15:10:24 DEBUG cic.cs.unb.ca.jnetpcap.FlowGenerator    FlagFIN current has 1229 flow
2022-02-02 15:10:29 DEBUG cic.cs.unb.ca.jnetpcap.FlowGenerator    FlagFIN current has 1231 flow
2022-02-02 15:10:29 DEBUG cic.cs.unb.ca.jnetpcap.FlowGenerator    FlagFIN current has 1230 flow
2022-02-02 15:10:29 DEBUG cic.cs.unb.ca.jnetpcap.FlowGenerator    FlagFIN current has 1229 flow
2022-02-02 15:10:29 DEBUG cic.cs.unb.ca.jnetpcap.FlowGenerator    FlagFIN current has 1232 flow
2022-02-02 15:10:29 DEBUG cic.cs.unb.ca.jnetpcap.FlowGenerator    FlagFIN current has 1232 flow
2022-02-02 15:10:37 DEBUG cic.cs.unb.ca.jnetpcap.FlowGenerator    FlagFIN current has 1240 flow
2022-02-02 15:10:37 DEBUG cic.cs.unb.ca.jnetpcap.FlowGenerator    FlagFIN current has 1240 flow
2022-02-02 15:10:41 DEBUG cic.cs.unb.ca.jnetpcap.FlowGenerator    FlagFIN current has 1245 flow
2022-02-02 15:10:47 DEBUG cic.cs.unb.ca.jnetpcap.FlowGenerator    FlagFIN current has 1251 flow
2022-02-02 15:10:47 DEBUG cic.cs.unb.ca.jnetpcap.FlowGenerator    FlagFIN current has 1251 flow
2022-02-02 15:11:17 DEBUG cic.cs.unb.ca.jnetpcap.FlowGenerator    FlagFIN current has 1260 flow
2022-02-02 15:11:17 DEBUG cic.cs.unb.ca.jnetpcap.FlowGenerator    FlagFIN current has 1260 flow
2022-02-02 15:11:19 DEBUG cic.cs.unb.ca.jnetpcap.FlowGenerator    FlagFIN current has 1260 flow
2022-02-02 15:11:19 DEBUG cic.cs.unb.ca.jnetpcap.FlowGenerator    FlagFIN current has 1260 flow
2022-02-02 15:11:19 DEBUG cic.cs.unb.ca.jnetpcap.FlowGenerator    FlagFIN current has 1260 flow
2022-02-02 15:11:19 DEBUG cic.cs.unb.ca.jnetpcap.FlowGenerator    FlagFIN current has 1259 flow
2022-02-02 15:11:19 DEBUG cic.cs.unb.ca.jnetpcap.FlowGenerator    FlagFIN current has 1258 flow
2022-02-02 15:11:19 DEBUG cic.cs.unb.ca.jnetpcap.FlowGenerator    FlagFIN current has 1257 flow
2022-02-02 15:11:19 DEBUG cic.cs.unb.ca.jnetpcap.FlowGenerator    FlagFIN current has 1257 flow
2022-02-02 15:11:19 DEBUG cic.cs.unb.ca.jnetpcap.FlowGenerator    FlagFIN current has 1258 flow
2022-02-02 15:11:19 DEBUG cic.cs.unb.ca.jnetpcap.FlowGenerator    FlagFIN current has 1259 flow
2022-02-02 15:11:19 DEBUG cic.cs.unb.ca.jnetpcap.FlowGenerator    FlagFIN current has 1260 flow
2022-02-02 15:11:23 DEBUG cic.cs.unb.ca.jnetpcap.FlowGenerator    FlagFIN current has 1260 flow
2022-02-02 15:11:23 DEBUG cic.cs.unb.ca.jnetpcap.FlowGenerator    FlagFIN current has 1260 flow
2022-02-02 15:11:31 DEBUG cic.cs.unb.ca.jnetpcap.FlowGenerator    FlagFIN current has 1260 flow
2022-02-02 15:11:31 DEBUG cic.cs.unb.ca.jnetpcap.FlowGenerator    FlagFIN current has 1260 flow
2022-02-02 15:11:44 DEBUG cic.cs.unb.ca.jnetpcap.FlowGenerator    FlagFIN current has 1262 flow
2022-02-02 15:11:44 DEBUG cic.cs.unb.ca.jnetpcap.FlowGenerator    FlagFIN current has 1262 flow
2022-02-02 15:11:48 DEBUG cic.cs.unb.ca.jnetpcap.FlowGenerator    FlagFIN current has 1267 flow
2022-02-02 15:11:48 DEBUG cic.cs.unb.ca.jnetpcap.FlowGenerator    FlagFIN current has 1267 flow
2022-02-02 15:12:03 DEBUG cic.cs.unb.ca.jnetpcap.FlowGenerator    FlagFIN current has 1270 flow
2022-02-02 15:12:12 DEBUG cic.cs.unb.ca.jnetpcap.FlowGenerator    FlagFIN current has 1277 flow
2022-02-02 15:12:12 DEBUG cic.cs.unb.ca.jnetpcap.FlowGenerator    FlagFIN current has 1279 flow
2022-02-02 15:12:15 DEBUG cic.cs.unb.ca.jnetpcap.FlowGenerator    FlagFIN current has 1279 flow
2022-02-02 15:12:15 DEBUG cic.cs.unb.ca.jnetpcap.FlowGenerator    FlagFIN current has 1280 flow
2022-02-02 15:12:15 DEBUG cic.cs.unb.ca.jnetpcap.FlowGenerator    FlagFIN current has 1282 flow
2022-02-02 15:12:17 DEBUG cic.cs.unb.ca.jnetpcap.FlowGenerator    FlagFIN current has 1283 flow
2022-02-02 15:12:17 DEBUG cic.cs.unb.ca.jnetpcap.FlowGenerator    FlagFIN current has 1283 flow
2022-02-02 15:12:29 DEBUG cic.cs.unb.ca.jnetpcap.FlowGenerator    FlagFIN current has 1294 flow
2022-02-02 15:12:29 DEBUG cic.cs.unb.ca.jnetpcap.FlowGenerator    FlagFIN current has 1294 flow
2022-02-02 15:12:31 DEBUG cic.cs.unb.ca.jnetpcap.FlowGenerator    FlagFIN current has 1300 flow
2022-02-02 15:12:37 DEBUG cic.cs.unb.ca.jnetpcap.FlowGenerator    FlagFIN current has 1307 flow
2022-02-02 15:12:37 DEBUG cic.cs.unb.ca.jnetpcap.FlowGenerator    FlagFIN current has 1307 flow
2022-02-02 15:12:37 DEBUG cic.cs.unb.ca.jnetpcap.FlowGenerator    FlagFIN current has 1307 flow
2022-02-02 15:12:42 DEBUG cic.cs.unb.ca.jnetpcap.FlowGenerator    FlagFIN current has 1318 flow
2022-02-02 15:12:42 DEBUG cic.cs.unb.ca.jnetpcap.FlowGenerator    FlagFIN current has 1318 flow
2022-02-02 15:12:42 DEBUG cic.cs.unb.ca.jnetpcap.FlowGenerator    FlagFIN current has 1318 flow
2022-02-02 15:12:46 DEBUG cic.cs.unb.ca.jnetpcap.FlowGenerator    FlagFIN current has 1318 flow
2022-02-02 15:12:46 DEBUG cic.cs.unb.ca.jnetpcap.FlowGenerator    FlagFIN current has 1318 flow
2022-02-02 15:12:46 DEBUG cic.cs.unb.ca.jnetpcap.FlowGenerator    FlagFIN current has 1318 flow
2022-02-02 15:12:49 DEBUG cic.cs.unb.ca.jnetpcap.FlowGenerator    FlagFIN current has 1318 flow
2022-02-02 15:12:49 DEBUG cic.cs.unb.ca.jnetpcap.FlowGenerator    FlagFIN current has 1319 flow
2022-02-02 15:12:49 DEBUG cic.cs.unb.ca.jnetpcap.FlowGenerator    FlagFIN current has 1319 flow
2022-02-02 15:12:53 DEBUG cic.cs.unb.ca.jnetpcap.FlowGenerator    FlagFIN current has 1322 flow
2022-02-02 15:12:53 DEBUG cic.cs.unb.ca.jnetpcap.FlowGenerator    FlagFIN current has 1322 flow
2022-02-02 15:12:53 DEBUG cic.cs.unb.ca.jnetpcap.FlowGenerator    FlagFIN current has 1322 flow
2022-02-02 15:13:02 DEBUG cic.cs.unb.ca.jnetpcap.FlowGenerator    FlagFIN current has 1324 flow
2022-02-02 15:13:02 DEBUG cic.cs.unb.ca.jnetpcap.FlowGenerator    FlagFIN current has 1324 flow
2022-02-02 15:13:02 DEBUG cic.cs.unb.ca.jnetpcap.FlowGenerator    FlagFIN current has 1324 flow
2022-02-02 15:13:02 DEBUG cic.cs.unb.ca.jnetpcap.FlowGenerator    FlagFIN current has 1323 flow
2022-02-02 15:13:02 DEBUG cic.cs.unb.ca.jnetpcap.FlowGenerator    FlagFIN current has 1323 flow
2022-02-02 15:13:02 DEBUG cic.cs.unb.ca.jnetpcap.FlowGenerator    FlagFIN current has 1324 flow
2022-02-02 15:13:07 DEBUG cic.cs.unb.ca.jnetpcap.FlowGenerator    FlagFIN current has 1330 flow
2022-02-02 15:13:07 DEBUG cic.cs.unb.ca.jnetpcap.FlowGenerator    FlagFIN current has 1329 flow
2022-02-02 15:13:07 DEBUG cic.cs.unb.ca.jnetpcap.FlowGenerator    FlagFIN current has 1329 flow
2022-02-02 15:13:07 DEBUG cic.cs.unb.ca.jnetpcap.FlowGenerator    FlagFIN current has 1329 flow
2022-02-02 15:13:07 DEBUG cic.cs.unb.ca.jnetpcap.FlowGenerator    FlagFIN current has 1330 flow
2022-02-02 15:13:07 DEBUG cic.cs.unb.ca.jnetpcap.FlowGenerator    FlagFIN current has 1329 flow
2022-02-02 15:13:07 DEBUG cic.cs.unb.ca.jnetpcap.FlowGenerator    FlagFIN current has 1328 flow
2022-02-02 15:13:07 DEBUG cic.cs.unb.ca.jnetpcap.FlowGenerator    FlagFIN current has 1328 flow
2022-02-02 15:13:07 DEBUG cic.cs.unb.ca.jnetpcap.FlowGenerator    FlagFIN current has 1328 flow
2022-02-02 15:13:07 DEBUG cic.cs.unb.ca.jnetpcap.FlowGenerator    FlagFIN current has 1328 flow
2022-02-02 15:13:08 DEBUG cic.cs.unb.ca.jnetpcap.FlowGenerator    FlagFIN current has 1334 flow
2022-02-02 15:13:08 DEBUG cic.cs.unb.ca.jnetpcap.FlowGenerator    FlagFIN current has 1333 flow
2022-02-02 15:13:08 DEBUG cic.cs.unb.ca.jnetpcap.FlowGenerator    FlagFIN current has 1333 flow
2022-02-02 15:13:08 DEBUG cic.cs.unb.ca.jnetpcap.FlowGenerator    FlagFIN current has 1333 flow
2022-02-02 15:13:11 DEBUG cic.cs.unb.ca.jnetpcap.FlowGenerator    FlagFIN current has 1334 flow
2022-02-02 15:13:11 DEBUG cic.cs.unb.ca.jnetpcap.FlowGenerator    FlagFIN current has 1334 flow
2022-02-02 15:13:19 DEBUG cic.cs.unb.ca.jnetpcap.FlowGenerator    FlagFIN current has 1335 flow
2022-02-02 15:13:19 DEBUG cic.cs.unb.ca.jnetpcap.FlowGenerator    FlagFIN current has 1335 flow
2022-02-02 15:13:19 DEBUG cic.cs.unb.ca.jnetpcap.FlowGenerator    FlagFIN current has 1338 flow
2022-02-02 15:13:24 DEBUG cic.cs.unb.ca.jnetpcap.FlowGenerator    FlagFIN current has 1338 flow
2022-02-02 15:13:29 DEBUG cic.cs.unb.ca.jnetpcap.FlowGenerator    FlagFIN current has 1338 flow
2022-02-02 15:13:29 DEBUG cic.cs.unb.ca.jnetpcap.FlowGenerator    FlagFIN current has 1338 flow
2022-02-02 15:13:37 DEBUG cic.cs.unb.ca.jnetpcap.FlowGenerator    FlagFIN current has 1338 flow
2022-02-02 15:13:37 DEBUG cic.cs.unb.ca.jnetpcap.FlowGenerator    FlagFIN current has 1337 flow
2022-02-02 15:13:37 DEBUG cic.cs.unb.ca.jnetpcap.FlowGenerator    FlagFIN current has 1336 flow
2022-02-02 15:13:37 DEBUG cic.cs.unb.ca.jnetpcap.FlowGenerator    FlagFIN current has 1336 flow
2022-02-02 15:13:37 DEBUG cic.cs.unb.ca.jnetpcap.FlowGenerator    FlagFIN current has 1337 flow
2022-02-02 15:13:37 DEBUG cic.cs.unb.ca.jnetpcap.FlowGenerator    FlagFIN current has 1338 flow
2022-02-02 15:13:37 DEBUG cic.cs.unb.ca.jnetpcap.FlowGenerator    FlagFIN current has 1338 flow
2022-02-02 15:13:37 DEBUG cic.cs.unb.ca.jnetpcap.FlowGenerator    FlagFIN current has 1337 flow
2022-02-02 15:13:37 DEBUG cic.cs.unb.ca.jnetpcap.FlowGenerator    FlagFIN current has 1337 flow
2022-02-02 15:13:37 DEBUG cic.cs.unb.ca.jnetpcap.FlowGenerator    FlagFIN current has 1338 flow
2022-02-02 15:13:41 DEBUG cic.cs.unb.ca.jnetpcap.FlowGenerator    FlagFIN current has 1338 flow
2022-02-02 15:13:41 DEBUG cic.cs.unb.ca.jnetpcap.FlowGenerator    FlagFIN current has 1338 flow
2022-02-02 15:13:53 DEBUG cic.cs.unb.ca.jnetpcap.FlowGenerator    FlagFIN current has 1340 flow
2022-02-02 15:13:53 DEBUG cic.cs.unb.ca.jnetpcap.FlowGenerator    FlagFIN current has 1340 flow
2022-02-02 15:14:04 DEBUG cic.cs.unb.ca.jnetpcap.FlowGenerator    FlagFIN current has 1351 flow
2022-02-02 15:14:23 DEBUG cic.cs.unb.ca.jnetpcap.FlowGenerator    FlagFIN current has 1357 flow
2022-02-02 15:14:23 DEBUG cic.cs.unb.ca.jnetpcap.FlowGenerator    FlagFIN current has 1357 flow
2022-02-02 15:14:24 DEBUG cic.cs.unb.ca.jnetpcap.FlowGenerator    FlagFIN current has 1357 flow
2022-02-02 15:14:35 DEBUG cic.cs.unb.ca.jnetpcap.FlowGenerator    FlagFIN current has 1360 flow
2022-02-02 15:14:35 DEBUG cic.cs.unb.ca.jnetpcap.FlowGenerator    FlagFIN current has 1360 flow
2022-02-02 15:14:35 DEBUG cic.cs.unb.ca.jnetpcap.FlowGenerator    FlagFIN current has 1360 flow
2022-02-02 15:14:35 DEBUG cic.cs.unb.ca.jnetpcap.FlowGenerator    FlagFIN current has 1360 flow
2022-02-02 15:14:35 DEBUG cic.cs.unb.ca.jnetpcap.FlowGenerator    FlagFIN current has 1360 flow
2022-02-02 15:14:35 DEBUG cic.cs.unb.ca.jnetpcap.FlowGenerator    FlagFIN current has 1360 flow
2022-02-02 15:14:52 DEBUG cic.cs.unb.ca.jnetpcap.FlowGenerator    FlagFIN current has 1362 flow
2022-02-02 15:14:52 DEBUG cic.cs.unb.ca.jnetpcap.FlowGenerator    FlagFIN current has 1362 flow
2022-02-02 15:14:56 DEBUG cic.cs.unb.ca.jnetpcap.FlowGenerator    FlagFIN current has 1366 flow
2022-02-02 15:14:56 DEBUG cic.cs.unb.ca.jnetpcap.FlowGenerator    FlagFIN current has 1366 flow
2022-02-02 15:15:05 DEBUG cic.cs.unb.ca.jnetpcap.FlowGenerator    FlagFIN current has 1369 flow
2022-02-02 15:15:05 DEBUG cic.cs.unb.ca.jnetpcap.FlowGenerator    FlagFIN current has 1368 flow
2022-02-02 15:15:05 DEBUG cic.cs.unb.ca.jnetpcap.FlowGenerator    FlagFIN current has 1368 flow
2022-02-02 15:15:05 DEBUG cic.cs.unb.ca.jnetpcap.FlowGenerator    FlagFIN current has 1369 flow
2022-02-02 15:15:05 DEBUG cic.cs.unb.ca.jnetpcap.FlowGenerator    FlagFIN current has 1369 flow
2022-02-02 15:15:05 DEBUG cic.cs.unb.ca.jnetpcap.FlowGenerator    FlagFIN current has 1369 flow
2022-02-02 15:15:05 DEBUG cic.cs.unb.ca.jnetpcap.FlowGenerator    FlagFIN current has 1369 flow
2022-02-02 15:15:05 DEBUG cic.cs.unb.ca.jnetpcap.FlowGenerator    FlagFIN current has 1369 flow
2022-02-02 15:15:05 DEBUG cic.cs.unb.ca.jnetpcap.FlowGenerator    FlagFIN current has 1369 flow
2022-02-02 15:15:19 DEBUG cic.cs.unb.ca.jnetpcap.FlowGenerator    FlagFIN current has 1371 flow
2022-02-02 15:15:20 DEBUG cic.cs.unb.ca.jnetpcap.FlowGenerator    FlagFIN current has 1370 flow
2022-02-02 15:15:20 DEBUG cic.cs.unb.ca.jnetpcap.FlowGenerator    FlagFIN current has 1370 flow
2022-02-02 15:15:20 DEBUG cic.cs.unb.ca.jnetpcap.FlowGenerator    FlagFIN current has 1371 flow
2022-02-02 15:15:20 DEBUG cic.cs.unb.ca.jnetpcap.FlowGenerator    FlagFIN current has 1372 flow
2022-02-02 15:15:24 DEBUG cic.cs.unb.ca.jnetpcap.FlowGenerator    FlagFIN current has 1372 flow
2022-02-02 15:15:24 DEBUG cic.cs.unb.ca.jnetpcap.FlowGenerator    FlagFIN current has 1372 flow
2022-02-02 15:15:24 DEBUG cic.cs.unb.ca.jnetpcap.FlowGenerator    FlagFIN current has 1373 flow
2022-02-02 15:15:24 DEBUG cic.cs.unb.ca.jnetpcap.FlowGenerator    FlagFIN current has 1373 flow
2022-02-02 15:15:24 DEBUG cic.cs.unb.ca.jnetpcap.FlowGenerator    FlagFIN current has 1383 flow
2022-02-02 15:15:24 DEBUG cic.cs.unb.ca.jnetpcap.FlowGenerator    FlagFIN current has 1382 flow
2022-02-02 15:15:24 DEBUG cic.cs.unb.ca.jnetpcap.FlowGenerator    FlagFIN current has 1381 flow
2022-02-02 15:15:24 DEBUG cic.cs.unb.ca.jnetpcap.FlowGenerator    FlagFIN current has 1380 flow
2022-02-02 15:15:24 DEBUG cic.cs.unb.ca.jnetpcap.FlowGenerator    FlagFIN current has 1380 flow
2022-02-02 15:15:24 DEBUG cic.cs.unb.ca.jnetpcap.FlowGenerator    FlagFIN current has 1380 flow
2022-02-02 15:15:24 DEBUG cic.cs.unb.ca.jnetpcap.FlowGenerator    FlagFIN current has 1380 flow
2022-02-02 15:15:24 DEBUG cic.cs.unb.ca.jnetpcap.FlowGenerator    FlagFIN current has 1380 flow
2022-02-02 15:15:24 DEBUG cic.cs.unb.ca.jnetpcap.FlowGenerator    FlagFIN current has 1379 flow
2022-02-02 15:15:24 DEBUG cic.cs.unb.ca.jnetpcap.FlowGenerator    FlagFIN current has 1383 flow
2022-02-02 15:15:28 DEBUG cic.cs.unb.ca.jnetpcap.FlowGenerator    FlagFIN current has 1383 flow
2022-02-02 15:15:28 DEBUG cic.cs.unb.ca.jnetpcap.FlowGenerator    FlagFIN current has 1383 flow
2022-02-02 15:15:28 DEBUG cic.cs.unb.ca.jnetpcap.FlowGenerator    FlagFIN current has 1383 flow
2022-02-02 15:15:28 DEBUG cic.cs.unb.ca.jnetpcap.FlowGenerator    FlagFIN current has 1382 flow
2022-02-02 15:15:28 DEBUG cic.cs.unb.ca.jnetpcap.FlowGenerator    FlagFIN current has 1382 flow
2022-02-02 15:15:28 DEBUG cic.cs.unb.ca.jnetpcap.FlowGenerator    FlagFIN current has 1383 flow
2022-02-02 15:15:28 DEBUG cic.cs.unb.ca.jnetpcap.FlowGenerator    FlagFIN current has 1383 flow
2022-02-02 15:15:28 DEBUG cic.cs.unb.ca.jnetpcap.FlowGenerator    FlagFIN current has 1383 flow
2022-02-02 15:15:32 DEBUG cic.cs.unb.ca.jnetpcap.FlowGenerator    FlagFIN current has 1383 flow
2022-02-02 15:15:32 DEBUG cic.cs.unb.ca.jnetpcap.FlowGenerator    FlagFIN current has 1383 flow
2022-02-02 15:15:32 DEBUG cic.cs.unb.ca.jnetpcap.FlowGenerator    FlagFIN current has 1383 flow
2022-02-02 15:15:32 DEBUG cic.cs.unb.ca.jnetpcap.FlowGenerator    FlagFIN current has 1383 flow
2022-02-02 15:15:32 DEBUG cic.cs.unb.ca.jnetpcap.FlowGenerator    FlagFIN current has 1383 flow
2022-02-02 15:15:32 DEBUG cic.cs.unb.ca.jnetpcap.FlowGenerator    FlagFIN current has 1383 flow
2022-02-02 15:15:41 DEBUG cic.cs.unb.ca.jnetpcap.FlowGenerator    FlagFIN current has 1384 flow
2022-02-02 15:15:41 DEBUG cic.cs.unb.ca.jnetpcap.FlowGenerator    FlagFIN current has 1383 flow
2022-02-02 15:15:41 DEBUG cic.cs.unb.ca.jnetpcap.FlowGenerator    FlagFIN current has 1382 flow
2022-02-02 15:15:41 DEBUG cic.cs.unb.ca.jnetpcap.FlowGenerator    FlagFIN current has 1382 flow
2022-02-02 15:15:41 DEBUG cic.cs.unb.ca.jnetpcap.FlowGenerator    FlagFIN current has 1383 flow
2022-02-02 15:15:41 DEBUG cic.cs.unb.ca.jnetpcap.FlowGenerator    FlagFIN current has 1384 flow
2022-02-02 15:15:54 DEBUG cic.cs.unb.ca.jnetpcap.FlowGenerator    FlagFIN current has 1386 flow
2022-02-02 15:15:54 DEBUG cic.cs.unb.ca.jnetpcap.FlowGenerator    FlagFIN current has 1386 flow
2022-02-02 15:15:54 DEBUG cic.cs.unb.ca.jnetpcap.FlowGenerator    FlagFIN current has 1388 flow
2022-02-02 15:15:54 DEBUG cic.cs.unb.ca.jnetpcap.FlowGenerator    FlagFIN current has 1388 flow
2022-02-02 15:15:59 DEBUG cic.cs.unb.ca.jnetpcap.FlowGenerator    FlagFIN current has 1388 flow
2022-02-02 15:15:59 DEBUG cic.cs.unb.ca.jnetpcap.FlowGenerator    FlagFIN current has 1387 flow
2022-02-02 15:16:26 DEBUG cic.cs.unb.ca.jnetpcap.FlowGenerator    FlagFIN current has 1395 flow
2022-02-02 15:16:26 DEBUG cic.cs.unb.ca.jnetpcap.FlowGenerator    FlagFIN current has 1395 flow
2022-02-02 15:16:26 DEBUG cic.cs.unb.ca.jnetpcap.FlowGenerator    FlagFIN current has 1395 flow
2022-02-02 15:16:26 DEBUG cic.cs.unb.ca.jnetpcap.FlowGenerator    FlagFIN current has 1395 flow
2022-02-02 15:16:44 DEBUG cic.cs.unb.ca.jnetpcap.FlowGenerator    FlagFIN current has 1397 flow
2022-02-02 15:16:44 DEBUG cic.cs.unb.ca.jnetpcap.FlowGenerator    FlagFIN current has 1397 flow
2022-02-02 15:16:55 DEBUG cic.cs.unb.ca.jnetpcap.FlowGenerator    FlagFIN current has 1400 flow
2022-02-02 15:16:55 DEBUG cic.cs.unb.ca.jnetpcap.FlowGenerator    FlagFIN current has 1400 flow
2022-02-02 15:17:05 DEBUG cic.cs.unb.ca.jnetpcap.FlowGenerator    FlagFIN current has 1403 flow
2022-02-02 15:17:05 DEBUG cic.cs.unb.ca.jnetpcap.FlowGenerator    FlagFIN current has 1403 flow
2022-02-02 15:17:26 DEBUG cic.cs.unb.ca.jnetpcap.FlowGenerator    FlagFIN current has 1406 flow
2022-02-02 15:17:26 DEBUG cic.cs.unb.ca.jnetpcap.FlowGenerator    FlagFIN current has 1406 flow
2022-02-02 15:17:48 DEBUG cic.cs.unb.ca.jnetpcap.FlowGenerator    FlagFIN current has 1406 flow
2022-02-02 15:17:48 DEBUG cic.cs.unb.ca.jnetpcap.FlowGenerator    FlagFIN current has 1406 flow
2022-02-02 15:18:07 DEBUG cic.cs.unb.ca.jnetpcap.FlowGenerator    FlagFIN current has 1411 flow
2022-02-02 15:18:11 DEBUG cic.cs.unb.ca.jnetpcap.FlowGenerator    FlagFIN current has 1413 flow
2022-02-02 15:18:11 DEBUG cic.cs.unb.ca.jnetpcap.FlowGenerator    FlagFIN current has 1412 flow
2022-02-02 15:18:11 DEBUG cic.cs.unb.ca.jnetpcap.FlowGenerator    FlagFIN current has 1412 flow
2022-02-02 15:18:11 DEBUG cic.cs.unb.ca.jnetpcap.FlowGenerator    FlagFIN current has 1413 flow
2022-02-02 15:18:15 DEBUG cic.cs.unb.ca.jnetpcap.FlowGenerator    FlagFIN current has 1414 flow
2022-02-02 15:18:15 DEBUG cic.cs.unb.ca.jnetpcap.FlowGenerator    FlagFIN current has 1414 flow
2022-02-02 15:18:18 DEBUG cic.cs.unb.ca.jnetpcap.FlowGenerator    FlagFIN current has 1416 flow
2022-02-02 15:18:18 DEBUG cic.cs.unb.ca.jnetpcap.FlowGenerator    FlagFIN current has 1417 flow
2022-02-02 15:18:18 DEBUG cic.cs.unb.ca.jnetpcap.FlowGenerator    FlagFIN current has 1417 flow
2022-02-02 15:18:18 DEBUG cic.cs.unb.ca.jnetpcap.FlowGenerator    FlagFIN current has 1417 flow
2022-02-02 15:18:18 DEBUG cic.cs.unb.ca.jnetpcap.FlowGenerator    FlagFIN current has 1417 flow
2022-02-02 15:18:18 DEBUG cic.cs.unb.ca.jnetpcap.FlowGenerator    FlagFIN current has 1417 flow
2022-02-02 15:18:24 DEBUG cic.cs.unb.ca.jnetpcap.FlowGenerator    FlagFIN current has 1420 flow
2022-02-02 15:18:24 DEBUG cic.cs.unb.ca.jnetpcap.FlowGenerator    FlagFIN current has 1420 flow
2022-02-02 15:18:24 DEBUG cic.cs.unb.ca.jnetpcap.FlowGenerator    FlagFIN current has 1421 flow
2022-02-02 15:18:24 DEBUG cic.cs.unb.ca.jnetpcap.FlowGenerator    FlagFIN current has 1421 flow
2022-02-02 15:18:31 DEBUG cic.cs.unb.ca.jnetpcap.FlowGenerator    FlagFIN current has 1423 flow
2022-02-02 15:18:34 DEBUG cic.cs.unb.ca.jnetpcap.FlowGenerator    FlagFIN current has 1424 flow
2022-02-02 15:18:40 DEBUG cic.cs.unb.ca.jnetpcap.FlowGenerator    FlagFIN current has 1432 flow
2022-02-02 15:18:40 DEBUG cic.cs.unb.ca.jnetpcap.FlowGenerator    FlagFIN current has 1431 flow
2022-02-02 15:18:40 DEBUG cic.cs.unb.ca.jnetpcap.FlowGenerator    FlagFIN current has 1433 flow
2022-02-02 15:18:40 DEBUG cic.cs.unb.ca.jnetpcap.FlowGenerator    FlagFIN current has 1433 flow
2022-02-02 15:18:40 DEBUG cic.cs.unb.ca.jnetpcap.FlowGenerator    FlagFIN current has 1433 flow
2022-02-02 15:18:44 DEBUG cic.cs.unb.ca.jnetpcap.FlowGenerator    FlagFIN current has 1435 flow
2022-02-02 15:18:45 DEBUG cic.cs.unb.ca.jnetpcap.FlowGenerator    FlagFIN current has 1441 flow
2022-02-02 15:18:45 DEBUG cic.cs.unb.ca.jnetpcap.FlowGenerator    FlagFIN current has 1441 flow
2022-02-02 15:18:49 DEBUG cic.cs.unb.ca.jnetpcap.FlowGenerator    FlagFIN current has 1442 flow
2022-02-02 15:18:49 DEBUG cic.cs.unb.ca.jnetpcap.FlowGenerator    FlagFIN current has 1442 flow
2022-02-02 15:18:49 DEBUG cic.cs.unb.ca.jnetpcap.FlowGenerator    FlagFIN current has 1445 flow
2022-02-02 15:18:49 DEBUG cic.cs.unb.ca.jnetpcap.FlowGenerator    FlagFIN current has 1444 flow
2022-02-02 15:18:49 DEBUG cic.cs.unb.ca.jnetpcap.FlowGenerator    FlagFIN current has 1445 flow
2022-02-02 15:18:57 DEBUG cic.cs.unb.ca.jnetpcap.FlowGenerator    FlagFIN current has 1449 flow
2022-02-02 15:18:57 DEBUG cic.cs.unb.ca.jnetpcap.FlowGenerator    FlagFIN current has 1448 flow
2022-02-02 15:18:57 DEBUG cic.cs.unb.ca.jnetpcap.FlowGenerator    FlagFIN current has 1449 flow
2022-02-02 15:19:00 DEBUG cic.cs.unb.ca.jnetpcap.FlowGenerator    FlagFIN current has 1471 flow
2022-02-02 15:19:00 DEBUG cic.cs.unb.ca.jnetpcap.FlowGenerator    FlagFIN current has 1471 flow
2022-02-02 15:19:00 DEBUG cic.cs.unb.ca.jnetpcap.FlowGenerator    FlagFIN current has 1470 flow
2022-02-02 15:19:00 DEBUG cic.cs.unb.ca.jnetpcap.FlowGenerator    FlagFIN current has 1469 flow
2022-02-02 15:19:00 DEBUG cic.cs.unb.ca.jnetpcap.FlowGenerator    FlagFIN current has 1471 flow
2022-02-02 15:19:00 DEBUG cic.cs.unb.ca.jnetpcap.FlowGenerator    FlagFIN current has 1474 flow
2022-02-02 15:19:00 DEBUG cic.cs.unb.ca.jnetpcap.FlowGenerator    FlagFIN current has 1473 flow
2022-02-02 15:19:02 DEBUG cic.cs.unb.ca.jnetpcap.FlowGenerator    FlagFIN current has 1477 flow
2022-02-02 15:19:21 DEBUG cic.cs.unb.ca.jnetpcap.FlowGenerator    FlagFIN current has 1482 flow
2022-02-02 15:19:21 DEBUG cic.cs.unb.ca.jnetpcap.FlowGenerator    FlagFIN current has 1482 flow
2022-02-02 15:19:54 DEBUG cic.cs.unb.ca.jnetpcap.FlowGenerator    FlagFIN current has 1491 flow
2022-02-02 15:19:59 DEBUG cic.cs.unb.ca.jnetpcap.FlowGenerator    FlagFIN current has 1493 flow
2022-02-02 15:20:03 DEBUG cic.cs.unb.ca.jnetpcap.FlowGenerator    FlagFIN current has 1497 flow
2022-02-02 15:20:03 DEBUG cic.cs.unb.ca.jnetpcap.FlowGenerator    FlagFIN current has 1496 flow
2022-02-02 15:20:10 DEBUG cic.cs.unb.ca.jnetpcap.FlowGenerator    FlagFIN current has 1503 flow
2022-02-02 15:20:10 DEBUG cic.cs.unb.ca.jnetpcap.FlowGenerator    FlagFIN current has 1510 flow
2022-02-02 15:20:10 DEBUG cic.cs.unb.ca.jnetpcap.FlowGenerator    FlagFIN current has 1510 flow
2022-02-02 15:20:10 DEBUG cic.cs.unb.ca.jnetpcap.FlowGenerator    FlagFIN current has 1509 flow
2022-02-02 15:20:10 DEBUG cic.cs.unb.ca.jnetpcap.FlowGenerator    FlagFIN current has 1508 flow
2022-02-02 15:20:17 DEBUG cic.cs.unb.ca.jnetpcap.FlowGenerator    FlagFIN current has 1518 flow
2022-02-02 15:20:17 DEBUG cic.cs.unb.ca.jnetpcap.FlowGenerator    FlagFIN current has 1517 flow
2022-02-02 15:20:17 DEBUG cic.cs.unb.ca.jnetpcap.FlowGenerator    FlagFIN current has 1516 flow
2022-02-02 15:20:25 DEBUG cic.cs.unb.ca.jnetpcap.FlowGenerator    FlagFIN current has 1519 flow
2022-02-02 15:20:25 DEBUG cic.cs.unb.ca.jnetpcap.FlowGenerator    FlagFIN current has 1518 flow
2022-02-02 15:20:37 DEBUG cic.cs.unb.ca.jnetpcap.FlowGenerator    FlagFIN current has 1519 flow
2022-02-02 15:20:37 DEBUG cic.cs.unb.ca.jnetpcap.FlowGenerator    FlagFIN current has 1518 flow
2022-02-02 15:21:06 DEBUG cic.cs.unb.ca.jnetpcap.FlowGenerator    FlagFIN current has 1523 flow
2022-02-02 15:21:25 DEBUG cic.cs.unb.ca.jnetpcap.FlowGenerator    FlagFIN current has 1526 flow
2022-02-02 15:21:25 DEBUG cic.cs.unb.ca.jnetpcap.FlowGenerator    FlagFIN current has 1526 flow
2022-02-02 15:21:25 DEBUG cic.cs.unb.ca.jnetpcap.FlowGenerator    FlagFIN current has 1526 flow
2022-02-02 15:21:28 DEBUG cic.cs.unb.ca.jnetpcap.FlowGenerator    FlagFIN current has 1526 flow
2022-02-02 15:21:32 DEBUG cic.cs.unb.ca.jnetpcap.FlowGenerator    FlagFIN current has 1526 flow
2022-02-02 15:21:32 DEBUG cic.cs.unb.ca.jnetpcap.FlowGenerator    FlagFIN current has 1526 flow
2022-02-02 15:21:36 DEBUG cic.cs.unb.ca.jnetpcap.FlowGenerator    FlagFIN current has 1526 flow
2022-02-02 15:21:56 DEBUG cic.cs.unb.ca.jnetpcap.FlowGenerator    FlagFIN current has 1526 flow
2022-02-02 15:21:56 DEBUG cic.cs.unb.ca.jnetpcap.FlowGenerator    FlagFIN current has 1527 flow
2022-02-02 15:21:56 DEBUG cic.cs.unb.ca.jnetpcap.FlowGenerator    FlagFIN current has 1527 flow
2022-02-02 15:21:58 DEBUG cic.cs.unb.ca.jnetpcap.FlowGenerator    FlagFIN current has 1528 flow
2022-02-02 15:21:58 DEBUG cic.cs.unb.ca.jnetpcap.FlowGenerator    FlagFIN current has 1528 flow
2022-02-02 15:22:56 DEBUG cic.cs.unb.ca.jnetpcap.FlowGenerator    FlagFIN current has 1534 flow
2022-02-02 15:22:56 DEBUG cic.cs.unb.ca.jnetpcap.FlowGenerator    FlagFIN current has 1535 flow
2022-02-02 15:23:25 DEBUG cic.cs.unb.ca.jnetpcap.FlowGenerator    FlagFIN current has 1543 flow
2022-02-02 15:23:25 DEBUG cic.cs.unb.ca.jnetpcap.FlowGenerator    FlagFIN current has 1544 flow
2022-02-02 15:23:44 DEBUG cic.cs.unb.ca.jnetpcap.FlowGenerator    FlagFIN current has 1551 flow
2022-02-02 15:23:44 DEBUG cic.cs.unb.ca.jnetpcap.FlowGenerator    FlagFIN current has 1562 flow
2022-02-02 15:23:56 DEBUG cic.cs.unb.ca.jnetpcap.FlowGenerator    FlagFIN current has 1568 flow
2022-02-02 15:23:56 DEBUG cic.cs.unb.ca.jnetpcap.FlowGenerator    FlagFIN current has 1567 flow
2022-02-02 15:23:56 DEBUG cic.cs.unb.ca.jnetpcap.FlowGenerator    FlagFIN current has 1571 flow
2022-02-02 15:24:25 DEBUG cic.cs.unb.ca.jnetpcap.FlowGenerator    FlagFIN current has 1571 flow
2022-02-02 15:24:25 DEBUG cic.cs.unb.ca.jnetpcap.FlowGenerator    FlagFIN current has 1571 flow
2022-02-02 15:24:25 DEBUG cic.cs.unb.ca.jnetpcap.FlowGenerator    FlagFIN current has 1571 flow
2022-02-02 15:24:25 DEBUG cic.cs.unb.ca.jnetpcap.FlowGenerator    FlagFIN current has 1571 flow
2022-02-02 15:24:25 DEBUG cic.cs.unb.ca.jnetpcap.FlowGenerator    FlagFIN current has 1571 flow
2022-02-02 15:24:25 DEBUG cic.cs.unb.ca.jnetpcap.FlowGenerator    FlagFIN current has 1571 flow
2022-02-02 15:24:25 DEBUG cic.cs.unb.ca.jnetpcap.FlowGenerator    FlagFIN current has 1570 flow
2022-02-02 15:24:25 DEBUG cic.cs.unb.ca.jnetpcap.FlowGenerator    FlagFIN current has 1575 flow
2022-02-02 15:24:51 DEBUG cic.cs.unb.ca.jnetpcap.FlowGenerator    FlagFIN current has 1584 flow
2022-02-02 15:24:55 DEBUG cic.cs.unb.ca.jnetpcap.FlowGenerator    FlagFIN current has 1590 flow
2022-02-02 15:25:32 DEBUG cic.cs.unb.ca.jnetpcap.FlowGenerator    FlagFIN current has 1592 flow
2022-02-02 15:25:32 DEBUG cic.cs.unb.ca.jnetpcap.FlowGenerator    FlagFIN current has 1591 flow
2022-02-02 15:25:38 DEBUG cic.cs.unb.ca.jnetpcap.FlowGenerator    FlagFIN current has 1594 flow
2022-02-02 15:25:45 DEBUG cic.cs.unb.ca.jnetpcap.FlowGenerator    FlagFIN current has 1600 flow
2022-02-02 15:25:45 DEBUG cic.cs.unb.ca.jnetpcap.FlowGenerator    FlagFIN current has 1600 flow
2022-02-02 15:26:14 DEBUG cic.cs.unb.ca.jnetpcap.FlowGenerator    FlagFIN current has 1642 flow
2022-02-02 15:26:14 DEBUG cic.cs.unb.ca.jnetpcap.FlowGenerator    FlagFIN current has 1648 flow
2022-02-02 15:26:14 DEBUG cic.cs.unb.ca.jnetpcap.FlowGenerator    FlagFIN current has 1648 flow
2022-02-02 15:26:14 DEBUG cic.cs.unb.ca.jnetpcap.FlowGenerator    FlagFIN current has 1648 flow
2022-02-02 15:26:27 DEBUG cic.cs.unb.ca.jnetpcap.FlowGenerator    FlagFIN current has 1651 flow
2022-02-02 15:26:27 DEBUG cic.cs.unb.ca.jnetpcap.FlowGenerator    FlagFIN current has 1651 flow
2022-02-02 15:26:27 DEBUG cic.cs.unb.ca.jnetpcap.FlowGenerator    FlagFIN current has 1652 flow
2022-02-02 15:26:27 DEBUG cic.cs.unb.ca.jnetpcap.FlowGenerator    FlagFIN current has 1655 flow
2022-02-02 15:26:27 DEBUG cic.cs.unb.ca.jnetpcap.FlowGenerator    FlagFIN current has 1655 flow
2022-02-02 15:26:35 DEBUG cic.cs.unb.ca.jnetpcap.FlowGenerator    FlagFIN current has 1659 flow
2022-02-02 15:26:35 DEBUG cic.cs.unb.ca.jnetpcap.FlowGenerator    FlagFIN current has 1659 flow
2022-02-02 15:27:10 DEBUG cic.cs.unb.ca.jnetpcap.FlowGenerator    FlagFIN current has 1678 flow
2022-02-02 15:27:10 DEBUG cic.cs.unb.ca.jnetpcap.FlowGenerator    FlagFIN current has 1680 flow
2022-02-02 15:27:10 DEBUG cic.cs.unb.ca.jnetpcap.FlowGenerator    FlagFIN current has 1680 flow
2022-02-02 15:27:10 DEBUG cic.cs.unb.ca.jnetpcap.FlowGenerator    FlagFIN current has 1680 flow
2022-02-02 15:27:10 DEBUG cic.cs.unb.ca.jnetpcap.FlowGenerator    FlagFIN current has 1680 flow
2022-02-02 15:27:10 DEBUG cic.cs.unb.ca.jnetpcap.FlowGenerator    FlagFIN current has 1680 flow
2022-02-02 15:27:10 DEBUG cic.cs.unb.ca.jnetpcap.FlowGenerator    FlagFIN current has 1680 flow
2022-02-02 15:27:16 DEBUG cic.cs.unb.ca.jnetpcap.FlowGenerator    FlagFIN current has 1680 flow
2022-02-02 15:27:16 DEBUG cic.cs.unb.ca.jnetpcap.FlowGenerator    FlagFIN current has 1680 flow
2022-02-02 15:27:38 DEBUG cic.cs.unb.ca.jnetpcap.FlowGenerator    FlagFIN current has 1682 flow
2022-02-02 15:27:38 DEBUG cic.cs.unb.ca.jnetpcap.FlowGenerator    FlagFIN current has 1682 flow
2022-02-02 15:27:40 DEBUG cic.cs.unb.ca.jnetpcap.FlowGenerator    FlagFIN current has 1682 flow
2022-02-02 15:27:46 DEBUG cic.cs.unb.ca.jnetpcap.FlowGenerator    FlagFIN current has 1686 flow
2022-02-02 15:27:46 DEBUG cic.cs.unb.ca.jnetpcap.FlowGenerator    FlagFIN current has 1685 flow
2022-02-02 15:27:46 DEBUG cic.cs.unb.ca.jnetpcap.FlowGenerator    FlagFIN current has 1685 flow
2022-02-02 15:27:46 DEBUG cic.cs.unb.ca.jnetpcap.FlowGenerator    FlagFIN current has 1685 flow
2022-02-02 15:28:22 DEBUG cic.cs.unb.ca.jnetpcap.FlowGenerator    FlagFIN current has 1691 flow
2022-02-02 15:28:22 DEBUG cic.cs.unb.ca.jnetpcap.FlowGenerator    FlagFIN current has 1692 flow
2022-02-02 15:28:22 DEBUG cic.cs.unb.ca.jnetpcap.FlowGenerator    FlagFIN current has 1694 flow
2022-02-02 15:28:22 DEBUG cic.cs.unb.ca.jnetpcap.FlowGenerator    FlagFIN current has 1693 flow
2022-02-02 15:28:22 DEBUG cic.cs.unb.ca.jnetpcap.FlowGenerator    FlagFIN current has 1692 flow
2022-02-02 15:28:22 DEBUG cic.cs.unb.ca.jnetpcap.FlowGenerator    FlagFIN current has 1691 flow
2022-02-02 15:28:22 DEBUG cic.cs.unb.ca.jnetpcap.FlowGenerator    FlagFIN current has 1690 flow
2022-02-02 15:28:22 DEBUG cic.cs.unb.ca.jnetpcap.FlowGenerator    FlagFIN current has 1689 flow
2022-02-02 15:28:22 DEBUG cic.cs.unb.ca.jnetpcap.FlowGenerator    FlagFIN current has 1688 flow
2022-02-02 15:28:22 DEBUG cic.cs.unb.ca.jnetpcap.FlowGenerator    FlagFIN current has 1687 flow
2022-02-02 15:28:22 DEBUG cic.cs.unb.ca.jnetpcap.FlowGenerator    FlagFIN current has 1686 flow
2022-02-02 15:28:22 DEBUG cic.cs.unb.ca.jnetpcap.FlowGenerator    FlagFIN current has 1688 flow
2022-02-02 15:28:22 DEBUG cic.cs.unb.ca.jnetpcap.FlowGenerator    FlagFIN current has 1694 flow
2022-02-02 15:28:22 DEBUG cic.cs.unb.ca.jnetpcap.FlowGenerator    FlagFIN current has 1694 flow
2022-02-02 15:28:27 DEBUG cic.cs.unb.ca.jnetpcap.FlowGenerator    FlagFIN current has 1696 flow
2022-02-02 15:28:28 DEBUG cic.cs.unb.ca.jnetpcap.FlowGenerator    FlagFIN current has 1696 flow
2022-02-02 15:28:29 DEBUG cic.cs.unb.ca.jnetpcap.FlowGenerator    FlagFIN current has 1698 flow
2022-02-02 15:28:29 DEBUG cic.cs.unb.ca.jnetpcap.FlowGenerator    FlagFIN current has 1698 flow
2022-02-02 15:28:49 DEBUG cic.cs.unb.ca.jnetpcap.FlowGenerator    FlagFIN current has 1713 flow
2022-02-02 15:28:49 DEBUG cic.cs.unb.ca.jnetpcap.FlowGenerator    FlagFIN current has 1712 flow
2022-02-02 15:28:49 DEBUG cic.cs.unb.ca.jnetpcap.FlowGenerator    FlagFIN current has 1713 flow
2022-02-02 15:29:07 DEBUG cic.cs.unb.ca.jnetpcap.FlowGenerator    FlagFIN current has 1723 flow
2022-02-02 15:29:07 DEBUG cic.cs.unb.ca.jnetpcap.FlowGenerator    FlagFIN current has 1722 flow
2022-02-02 15:29:07 DEBUG cic.cs.unb.ca.jnetpcap.FlowGenerator    FlagFIN current has 1725 flow
2022-02-02 15:29:20 DEBUG cic.cs.unb.ca.jnetpcap.FlowGenerator    FlagFIN current has 1725 flow
2022-02-02 15:29:24 DEBUG cic.cs.unb.ca.jnetpcap.FlowGenerator    FlagFIN current has 1726 flow
2022-02-02 15:29:44 DEBUG cic.cs.unb.ca.jnetpcap.FlowGenerator    FlagFIN current has 1727 flow
2022-02-02 15:29:44 DEBUG cic.cs.unb.ca.jnetpcap.FlowGenerator    FlagFIN current has 1726 flow
2022-02-02 15:29:44 DEBUG cic.cs.unb.ca.jnetpcap.FlowGenerator    FlagFIN current has 1725 flow
2022-02-02 15:29:44 DEBUG cic.cs.unb.ca.jnetpcap.FlowGenerator    FlagFIN current has 1724 flow
2022-02-02 15:29:44 DEBUG cic.cs.unb.ca.jnetpcap.FlowGenerator    FlagFIN current has 1723 flow
2022-02-02 15:29:44 DEBUG cic.cs.unb.ca.jnetpcap.FlowGenerator    FlagFIN current has 1722 flow
2022-02-02 15:29:44 DEBUG cic.cs.unb.ca.jnetpcap.FlowGenerator    FlagFIN current has 1729 flow
2022-02-02 15:29:49 DEBUG cic.cs.unb.ca.jnetpcap.FlowGenerator    FlagFIN current has 1735 flow
2022-02-02 15:30:00 DEBUG cic.cs.unb.ca.jnetpcap.FlowGenerator    FlagFIN current has 1736 flow
2022-02-02 15:30:29 DEBUG cic.cs.unb.ca.jnetpcap.FlowGenerator    FlagFIN current has 1744 flow
2022-02-02 15:30:29 DEBUG cic.cs.unb.ca.jnetpcap.FlowGenerator    FlagFIN current has 1744 flow
2022-02-02 15:30:29 DEBUG cic.cs.unb.ca.jnetpcap.FlowGenerator    FlagFIN current has 1744 flow
2022-02-02 15:30:29 DEBUG cic.cs.unb.ca.jnetpcap.FlowGenerator    FlagFIN current has 1744 flow
2022-02-02 15:30:29 DEBUG cic.cs.unb.ca.jnetpcap.FlowGenerator    FlagFIN current has 1746 flow
2022-02-02 15:30:29 DEBUG cic.cs.unb.ca.jnetpcap.FlowGenerator    FlagFIN current has 1746 flow
2022-02-02 15:30:31 DEBUG cic.cs.unb.ca.jnetpcap.FlowGenerator    Timeout current has 1750 flow
2022-02-02 15:30:31 DEBUG cic.cs.unb.ca.jnetpcap.FlowGenerator    Timeout current has 1750 flow
2022-02-02 15:30:31 DEBUG cic.cs.unb.ca.jnetpcap.FlowGenerator    Timeout current has 1750 flow
2022-02-02 15:30:49 DEBUG cic.cs.unb.ca.jnetpcap.FlowGenerator    Timeout current has 1750 flow
2022-02-02 15:30:49 DEBUG cic.cs.unb.ca.jnetpcap.FlowGenerator    Timeout current has 1750 flow
2022-02-02 15:30:49 DEBUG cic.cs.unb.ca.jnetpcap.FlowGenerator    FlagFIN current has 1750 flow
2022-02-02 15:30:49 DEBUG cic.cs.unb.ca.jnetpcap.FlowGenerator    FlagFIN current has 1749 flow
2022-02-02 15:30:49 DEBUG cic.cs.unb.ca.jnetpcap.FlowGenerator    FlagFIN current has 1749 flow
2022-02-02 15:30:49 DEBUG cic.cs.unb.ca.jnetpcap.FlowGenerator    FlagFIN current has 1750 flow
2022-02-02 15:30:49 DEBUG cic.cs.unb.ca.jnetpcap.FlowGenerator    Timeout current has 1750 flow
2022-02-02 15:30:49 DEBUG cic.cs.unb.ca.jnetpcap.FlowGenerator    Timeout current has 1750 flow
2022-02-02 15:30:49 DEBUG cic.cs.unb.ca.jnetpcap.FlowGenerator    FlagFIN current has 1750 flow
2022-02-02 15:30:49 DEBUG cic.cs.unb.ca.jnetpcap.FlowGenerator    FlagFIN current has 1750 flow
2022-02-02 15:31:01 DEBUG cic.cs.unb.ca.jnetpcap.FlowGenerator    FlagFIN current has 1752 flow
2022-02-02 15:31:01 DEBUG cic.cs.unb.ca.jnetpcap.FlowGenerator    FlagFIN current has 1752 flow
2022-02-02 15:31:01 DEBUG cic.cs.unb.ca.jnetpcap.FlowGenerator    FlagFIN current has 1751 flow
2022-02-02 15:31:18 DEBUG cic.cs.unb.ca.jnetpcap.FlowGenerator    FlagFIN current has 1759 flow
2022-02-02 15:31:18 DEBUG cic.cs.unb.ca.jnetpcap.FlowGenerator    FlagFIN current has 1759 flow
2022-02-02 15:31:19 DEBUG cic.cs.unb.ca.jnetpcap.FlowGenerator    FlagFIN current has 1760 flow
2022-02-02 15:31:31 DEBUG cic.cs.unb.ca.jnetpcap.FlowGenerator    FlagFIN current has 1763 flow
2022-02-02 15:31:31 DEBUG cic.cs.unb.ca.jnetpcap.FlowGenerator    FlagFIN current has 1762 flow
2022-02-02 15:31:31 DEBUG cic.cs.unb.ca.jnetpcap.FlowGenerator    FlagFIN current has 1763 flow
2022-02-02 15:32:10 DEBUG cic.cs.unb.ca.jnetpcap.FlowGenerator    FlagFIN current has 1773 flow
2022-02-02 15:32:40 DEBUG cic.cs.unb.ca.jnetpcap.FlowGenerator    FlagFIN current has 1774 flow
2022-02-02 15:32:40 DEBUG cic.cs.unb.ca.jnetpcap.FlowGenerator    FlagFIN current has 1774 flow
2022-02-02 15:33:11 DEBUG cic.cs.unb.ca.jnetpcap.FlowGenerator    FlagFIN current has 1784 flow
2022-02-02 15:34:40 DEBUG cic.cs.unb.ca.jnetpcap.FlowGenerator    FlagFIN current has 1791 flow
2022-02-02 15:34:40 DEBUG cic.cs.unb.ca.jnetpcap.FlowGenerator    FlagFIN current has 1791 flow
2022-02-02 15:35:10 DEBUG cic.cs.unb.ca.jnetpcap.FlowGenerator    FlagFIN current has 1795 flow
2022-02-02 15:36:02 DEBUG cic.cs.unb.ca.jnetpcap.FlowGenerator    FlagFIN current has 1798 flow
2022-02-02 15:36:40 DEBUG cic.cs.unb.ca.jnetpcap.FlowGenerator    Timeout current has 1800 flow
2022-02-02 15:36:40 DEBUG cic.cs.unb.ca.jnetpcap.FlowGenerator    Timeout current has 1800 flow
2022-02-02 15:37:04 DEBUG cic.cs.unb.ca.jnetpcap.FlowGenerator    FlagFIN current has 1803 flow
2022-02-02 15:37:04 DEBUG cic.cs.unb.ca.jnetpcap.FlowGenerator    FlagFIN current has 1803 flow
2022-02-02 15:39:11 DEBUG cic.cs.unb.ca.jnetpcap.FlowGenerator    FlagFIN current has 1817 flow
2022-02-02 15:40:12 DEBUG cic.cs.unb.ca.jnetpcap.FlowGenerator    FlagFIN current has 1819 flow
2022-02-02 15:41:58 DEBUG cic.cs.unb.ca.jnetpcap.FlowGenerator    FlagFIN current has 1830 flow
2022-02-02 15:42:12 DEBUG cic.cs.unb.ca.jnetpcap.FlowGenerator    FlagFIN current has 1833 flow
2022-02-02 15:45:15 DEBUG cic.cs.unb.ca.jnetpcap.FlowGenerator    FlagFIN current has 1848 flow
2022-02-02 15:45:39 DEBUG cic.cs.unb.ca.jnetpcap.FlowGenerator    FlagFIN current has 1849 flow
2022-02-02 15:45:50 DEBUG cic.cs.unb.ca.jnetpcap.FlowGenerator    Timeout current has 1850 flow
2022-02-02 15:46:15 DEBUG cic.cs.unb.ca.jnetpcap.FlowGenerator    Timeout current has 1850 flow
2022-02-02 15:46:15 DEBUG cic.cs.unb.ca.jnetpcap.FlowGenerator    Timeout current has 1850 flow
2022-02-02 15:46:15 DEBUG cic.cs.unb.ca.jnetpcap.FlowGenerator    Timeout current has 1850 flow
2022-02-02 15:46:15 DEBUG cic.cs.unb.ca.jnetpcap.FlowGenerator    FlagFIN current has 1850 flow
2022-02-02 15:46:46 DEBUG cic.cs.unb.ca.jnetpcap.FlowGenerator    FlagFIN current has 1853 flow
2022-02-02 15:46:46 DEBUG cic.cs.unb.ca.jnetpcap.FlowGenerator    FlagFIN current has 1853 flow
2022-02-02 15:46:56 DEBUG cic.cs.unb.ca.jnetpcap.FlowGenerator    FlagFIN current has 1853 flow
2022-02-02 15:46:56 DEBUG cic.cs.unb.ca.jnetpcap.FlowGenerator    FlagFIN current has 1853 flow
2022-02-02 15:47:06 DEBUG cic.cs.unb.ca.jnetpcap.FlowGenerator    FlagFIN current has 1858 flow
2022-02-02 15:47:06 DEBUG cic.cs.unb.ca.jnetpcap.FlowGenerator    FlagFIN current has 1858 flow
2022-02-02 15:47:17 DEBUG cic.cs.unb.ca.jnetpcap.FlowGenerator    FlagFIN current has 1859 flow
2022-02-02 15:47:17 DEBUG cic.cs.unb.ca.jnetpcap.FlowGenerator    FlagFIN current has 1859 flow
2022-02-02 15:48:17 DEBUG cic.cs.unb.ca.jnetpcap.FlowGenerator    FlagFIN current has 1863 flow
2022-02-02 15:49:17 DEBUG cic.cs.unb.ca.jnetpcap.FlowGenerator    FlagFIN current has 1871 flow
2022-02-02 15:49:17 DEBUG cic.cs.unb.ca.jnetpcap.FlowGenerator    FlagFIN current has 1871 flow
2022-02-02 15:50:18 DEBUG cic.cs.unb.ca.jnetpcap.FlowGenerator    FlagFIN current has 1877 flow
2022-02-02 15:50:49 DEBUG cic.cs.unb.ca.jnetpcap.FlowGenerator    FlagFIN current has 1887 flow
2022-02-02 15:51:14 DEBUG cic.cs.unb.ca.jnetpcap.FlowGenerator    FlagFIN current has 1893 flow
2022-02-02 15:51:26 DEBUG cic.cs.unb.ca.jnetpcap.FlowGenerator    FlagFIN current has 1894 flow
