2021-08-23 11:12:23 - open wlan0 fail -> wlan0: You don't have permission to capture on that device (socket: Operation not permitted)
2021-08-23 11:15:51 - Pcap is listening...
2021-08-23 11:26:37 - Pcap stop listening
2021-08-23 11:26:37 - path:/root/PycharmProjects/final_IDS/CICFlowMeter-4.0/bin/data/daily/2021-08-23_Flow.csv
2021-08-23 12:06:12 - Pcap is listening...
2021-08-23 13:55:33 - Pcap stop listening
2021-08-23 13:55:33 - path:/root/PycharmProjects/final_IDS/CICFlowMeter-4.0/bin/data/daily/2021-08-23_Flow.csv
2021-08-23 13:59:03 - Pcap is listening...
2021-08-23 21:31:01 - Pcap is listening...
2021-10-12 18:50:15 - Pcap is listening...
2021-10-13 00:47:47 - Pcap is listening...
2021-10-13 00:50:43 - Pcap stop listening
2021-10-13 00:50:43 - path:/root/PycharmProjects/final_IDS/CICFlowMeter-4.0/bin/data/daily/2021-10-13_Flow.csv
2021-10-13 00:50:45 - Pcap is listening...
2021-10-13 00:53:06 - Pcap is listening...
2021-10-13 00:59:48 - Pcap stop listening
2021-10-13 00:59:48 - path:/root/PycharmProjects/final_IDS/CICFlowMeter-4.0/bin/data/daily/2021-10-13_Flow.csv
2021-10-19 21:12:27 - Pcap is listening...
2021-10-19 21:18:02 - Pcap is listening...
2021-10-20 12:11:26 - Pcap is listening...
2021-10-25 00:25:09 - Pcap is listening...
2021-10-25 00:29:06 - Pcap stop listening
2021-10-25 00:29:06 - path:/root/PycharmProjects/final_IDS/CICFlowMeter-4.0/bin/data/daily/2021-10-25_Flow.csv
2021-10-25 00:29:07 - Pcap is listening...
2021-10-25 00:30:21 - Pcap is listening...
2021-10-25 13:21:15 - Pcap is listening...
2021-10-25 13:25:43 - Pcap stop listening
2021-10-25 13:25:43 - path:/root/PycharmProjects/final_IDS/CICFlowMeter-4.0/bin/data/daily/2021-10-25_Flow.csv
2021-10-25 14:45:09 - Pcap is listening...
2021-10-25 14:55:06 - Pcap stop listening
2021-10-25 14:55:06 - path:/root/PycharmProjects/final_IDS/CICFlowMeter-4.0/bin/data/daily/2021-10-25_Flow.csv
2021-10-25 22:20:30 - Pcap is listening...
2021-10-28 23:26:53 - Pcap is listening...
2021-10-29 11:44:27 - Pcap is listening...
2021-10-29 12:32:59 - Pcap stop listening
2021-10-29 12:32:59 - path:/root/PycharmProjects/final_IDS/CICFlowMeter-4.0/bin/data/daily/2021-10-29_Flow.csv
2021-10-29 14:32:37 - Pcap is listening...
2021-10-30 21:51:40 - Pcap is listening...
2021-10-31 00:27:50 - Pcap stop listening
2021-10-31 00:27:51 - path:/root/PycharmProjects/final_IDS/CICFlowMeter-4.0/bin/data/daily/2021-10-31_Flow.csv
2021-10-31 00:31:55 - Pcap is listening...
2021-11-01 00:02:59 - Pcap is listening...
2021-11-01 12:39:42 - Pcap is listening...
2021-11-01 12:47:11 - Pcap stop listening
2021-11-01 12:47:12 - path:/root/PycharmProjects/final_IDS/CICFlowMeter-4.0/bin/data/daily/2021-11-01_Flow.csv
2021-11-01 12:47:15 - Pcap is listening...
2021-11-01 13:05:05 - Pcap is listening...
2021-11-03 15:56:50 - Pcap is listening...
2021-11-03 20:37:13 - Pcap stop listening
2021-11-03 20:37:13 - path:/root/PycharmProjects/final_IDS/CICFlowMeter-4.0/bin/data/daily/2021-11-03_Flow.csv
2021-11-03 23:29:10 - Pcap is listening...
2021-11-03 23:33:53 - Pcap stop listening
2021-11-03 23:33:53 - path:/root/PycharmProjects/final_IDS/CICFlowMeter-4.0/bin/data/daily/2021-11-03_Flow.csv
2021-11-03 23:33:54 - Pcap is listening...
2021-11-03 23:33:59 - Pcap stop listening
2021-11-03 23:33:59 - path:/root/PycharmProjects/final_IDS/CICFlowMeter-4.0/bin/data/daily/2021-11-03_Flow.csv
2021-11-03 23:34:00 - Pcap is listening...
2021-11-03 23:34:11 - Pcap stop listening
2021-11-03 23:34:11 - path:/root/PycharmProjects/final_IDS/CICFlowMeter-4.0/bin/data/daily/2021-11-03_Flow.csv
2021-11-03 23:34:12 - Pcap is listening...
2021-11-03 23:35:07 - Pcap is listening...
2021-11-03 23:37:31 - Pcap is listening...
2021-11-03 23:38:59 - Pcap is listening...
2021-11-05 23:48:15 - Pcap is listening...
2021-11-06 13:17:32 - Pcap is listening...
2021-11-18 11:33:41 - Pcap is listening...
2021-11-18 11:44:28 - Pcap stop listening
2021-11-18 11:44:28 - path:/root/PycharmProjects/final_IDS/CICFlowMeter-4.0/bin/data/daily/2021-11-18_Flow.csv
2021-11-18 11:44:29 - Pcap is listening...
2021-11-18 11:45:13 - Pcap is listening...
2021-11-18 13:11:12 - Pcap stop listening
2021-11-18 13:11:12 - path:/root/PycharmProjects/final_IDS/CICFlowMeter-4.0/bin/data/daily/2021-11-18_Flow.csv
2021-11-18 13:20:00 - Pcap is listening...
2021-11-18 14:09:36 - Pcap stop listening
2021-11-18 14:09:36 - path:/root/PycharmProjects/final_IDS/CICFlowMeter-4.0/bin/data/daily/2021-11-18_Flow.csv
2021-11-22 22:13:41 - Pcap is listening...
2021-11-22 22:25:19 - Pcap is listening...
2021-11-22 22:28:09 - Pcap stop listening
2021-11-22 22:28:09 - path:/root/PycharmProjects/final_IDS/CICFlowMeter-4.0/bin/data/daily/2021-11-22_Flow.csv
2021-11-22 22:28:11 - Pcap is listening...
2021-11-22 22:28:26 - Pcap is listening...
2021-11-22 22:30:11 - Pcap is listening...
2021-11-22 22:41:12 - Pcap stop listening
2021-11-22 22:41:12 - path:/root/PycharmProjects/final_IDS/CICFlowMeter-4.0/bin/data/daily/2021-11-22_Flow.csv
2021-11-22 22:41:51 - Pcap is listening...
2021-11-22 22:46:09 - Pcap is listening...
2021-12-18 02:51:24 - Pcap is listening...
2021-12-18 11:34:25 - Pcap is listening...
2021-12-18 11:38:03 - Pcap stop listening
2021-12-18 11:38:03 - path:/root/PycharmProjects/final_IDS/CICFlowMeter-4.0/bin/data/daily/2021-12-18_Flow.csv
2021-12-18 11:38:04 - Pcap is listening...
2021-12-18 11:38:57 - Pcap is listening...
2021-12-18 11:48:21 - Pcap is listening...
2021-12-20 12:55:14 - Pcap is listening...
2021-12-20 12:57:32 - Pcap stop listening
2021-12-20 12:57:33 - path:/root/PycharmProjects/final_IDS/CICFlowMeter-4.0/bin/data/daily/2021-12-20_Flow.csv
2021-12-20 12:57:36 - Pcap is listening...
2021-12-20 14:21:44 - Pcap is listening...
2021-12-26 01:05:45 - Pcap is listening...
2021-12-26 01:21:44 - Pcap stop listening
2021-12-26 01:21:44 - path:/root/PycharmProjects/final_IDS/CICFlowMeter-4.0/bin/data/daily/2021-12-26_Flow.csv
2021-12-26 01:21:45 - Pcap is listening...
2021-12-26 01:22:29 - Pcap is listening...
2021-12-26 01:35:13 - Pcap is listening...
2021-12-26 19:32:22 - Pcap is listening...
2021-12-29 22:32:04 - Pcap is listening...
2021-12-29 22:34:00 - Pcap is listening...
2021-12-29 22:41:26 - Pcap is listening...
2021-12-30 12:32:58 - Pcap is listening...
2021-12-31 01:22:21 - Pcap is listening...
2021-12-31 02:59:01 - Pcap is listening...
2021-12-31 23:04:15 - Pcap is listening...
2022-01-02 22:43:41 - Pcap is listening...
2022-01-02 22:51:12 - Pcap stop listening
2022-01-02 22:51:13 - path:/root/PycharmProjects/final_IDS/CICFlowMeter-4.0/bin/data/daily/2022-01-02_Flow.csv
2022-01-02 22:51:14 - Pcap is listening...
2022-01-02 23:07:15 - Pcap is listening...
2022-01-02 23:13:42 - Pcap stop listening
2022-01-02 23:13:42 - path:/root/PycharmProjects/final_IDS/CICFlowMeter-4.0/bin/data/daily/2022-01-02_Flow.csv
2022-01-02 23:13:44 - Pcap is listening...
2022-01-02 23:16:33 - Pcap is listening...
2022-01-02 23:19:44 - Pcap is listening...
2022-01-02 23:20:44 - Pcap stop listening
2022-01-02 23:20:44 - path:/root/PycharmProjects/final_IDS/CICFlowMeter-4.0/bin/data/daily/2022-01-02_Flow.csv
2022-01-02 23:20:49 - Pcap is listening...
2022-01-03 14:42:28 - Pcap is listening...
2022-01-03 14:50:07 - Pcap is listening...
2022-01-03 15:33:46 - Pcap stop listening
2022-01-03 15:33:46 - path:/root/PycharmProjects/final_IDS/CICFlowMeter-4.0/bin/data/daily/2022-01-03_Flow.csv
2022-01-03 15:41:23 - Pcap is listening...
2022-01-03 20:38:15 - Pcap stop listening
2022-01-03 20:38:15 - path:/root/PycharmProjects/final_IDS/CICFlowMeter-4.0/bin/data/daily/2022-01-03_Flow.csv
2022-01-03 22:43:30 - Pcap is listening...
2022-01-03 22:46:02 - Pcap is listening...
2022-01-03 22:47:15 - Pcap is listening...
2022-01-03 22:47:35 - Pcap stop listening
2022-01-03 22:47:35 - path:/root/PycharmProjects/final_IDS/CICFlowMeter-4.0/bin/data/daily/2022-01-03_Flow.csv
2022-01-03 22:47:41 - Pcap is listening...
2022-01-05 21:44:43 - Pcap is listening...
2022-01-05 21:46:11 - Pcap stop listening
2022-01-05 21:46:12 - path:/root/PycharmProjects/final_IDS/CICFlowMeter-4.0/bin/data/daily/2022-01-05_Flow.csv
2022-01-05 21:46:43 - Pcap is listening...
2022-01-05 21:48:15 - Pcap stop listening
2022-01-05 21:48:15 - path:/root/PycharmProjects/final_IDS/CICFlowMeter-4.0/bin/data/daily/2022-01-05_Flow.csv
2022-01-05 21:48:20 - Pcap is listening...
2022-01-17 13:58:47 - Pcap is listening...
2022-02-01 23:43:07 - Pcap is listening...
2022-02-01 23:45:13 - Pcap is listening...
2022-02-01 23:45:57 - Pcap stop listening
2022-02-01 23:45:57 - path:/root/PycharmProjects/final_IDS/CICFlowMeter-4.0/bin/data/daily/2022-02-01_Flow.csv
2022-02-01 23:45:58 - Pcap is listening...
2022-02-01 23:47:36 - Pcap is listening...
2022-02-01 23:50:10 - Pcap is listening...
2022-02-01 23:52:09 - Pcap is listening...
2022-02-02 14:05:25 - Pcap is listening...
2022-02-02 14:07:02 - Pcap is listening...
2022-02-02 14:09:56 - Pcap is listening...
2022-02-02 14:10:05 - Pcap stop listening
2022-02-02 14:10:05 - path:/root/PycharmProjects/final_IDS/CICFlowMeter-4.0/bin/data/daily/2022-02-02_Flow.csv
2022-02-02 14:10:06 - Pcap is listening...
2022-02-02 14:18:59 - Pcap is listening...
2022-02-02 14:26:03 - Pcap is listening...
2022-02-07 10:13:06 - Pcap is listening...
2022-02-15 13:17:53 - Pcap is listening...
2022-02-15 13:19:47 - Pcap is listening...
2022-02-15 20:56:31 - Pcap is listening...
2022-02-15 21:01:15 - Pcap is listening...
2022-02-15 21:01:52 - Pcap is listening...
2022-02-15 21:04:06 - Pcap is listening...
2022-02-21 01:05:35 - Pcap is listening...
2022-02-21 10:53:13 - Pcap is listening...
2022-02-21 10:55:03 - Pcap is listening...
2022-02-21 10:58:31 - Pcap is listening...
2022-02-21 14:50:45 - Pcap stop listening
2022-02-21 14:50:45 - path:/home/eyolin/dev/IDS/CICFlowMeter-4.0/bin/data/daily/2022-02-21_Flow.csv
2022-02-21 14:50:50 - Pcap is listening...
2022-02-21 15:34:39 - Pcap stop listening
2022-02-21 15:34:39 - path:/home/eyolin/dev/IDS/CICFlowMeter-4.0/bin/data/daily/2022-02-21_Flow.csv
2022-02-21 15:34:44 - Pcap is listening...
2022-02-21 22:00:28 - Pcap stop listening
2022-02-21 22:00:29 - path:/home/eyolin/dev/IDS/CICFlowMeter-4.0/bin/data/daily/2022-02-21_Flow.csv
2022-02-21 22:00:35 - Pcap is listening...
2022-02-22 13:22:11 - Pcap is listening...
2022-02-23 10:57:07 - Pcap is listening...
2022-02-23 14:04:17 - Pcap stop listening
2022-02-23 14:04:17 - path:/home/eyolin/dev/IDS/CICFlowMeter-4.0/bin/data/daily/2022-02-23_Flow.csv
2022-02-23 14:04:23 - Pcap is listening...
2022-02-23 14:20:20 - Pcap stop listening
2022-02-23 14:20:20 - path:/home/eyolin/dev/IDS/CICFlowMeter-4.0/bin/data/daily/2022-02-23_Flow.csv
2022-02-23 14:20:24 - Pcap is listening...
2022-02-23 15:44:46 - Pcap stop listening
2022-02-23 15:44:46 - path:/home/eyolin/dev/IDS/CICFlowMeter-4.0/bin/data/daily/2022-02-23_Flow.csv
2022-02-23 15:44:52 - Pcap is listening...
2022-02-23 22:14:19 - Pcap is listening...
2022-02-24 11:04:31 - Pcap is listening...
2022-02-24 14:40:34 - Pcap stop listening
2022-02-24 14:40:34 - path:/home/eyolin/dev/IDS/CICFlowMeter-4.0/bin/data/daily/2022-02-24_Flow.csv
2022-02-24 15:48:31 - path:/home/eyolin/dev/IDS/CICFlowMeter-4.0/bin/data/daily/2022-02-24_Flow.csv
2022-02-24 15:48:35 - Pcap is listening...
2022-02-24 22:55:40 - Pcap is listening...
2022-02-24 22:58:49 - Pcap is listening...
2022-02-24 23:02:02 - Pcap is listening...
2022-02-25 11:04:05 - Pcap is listening...
2022-02-25 11:07:56 - Pcap is listening...
2022-02-25 11:10:40 - Pcap is listening...
2022-02-28 10:15:20 - Pcap is listening...
2022-02-28 10:18:42 - Pcap stop listening
2022-02-28 10:18:42 - path:/home/eyolin/dev/IDS/CICFlowMeter-4.0/bin/data/daily/2022-02-28_Flow.csv
2022-02-28 10:18:44 - Pcap is listening...
2022-02-28 10:18:58 - Pcap is listening...
2022-02-28 10:43:51 - Pcap is listening...
2022-03-01 13:12:02 - Pcap is listening...
2022-03-01 13:21:54 - Pcap is listening...
2022-03-04 13:45:14 - Pcap is listening...
2022-03-04 13:48:33 - Pcap is listening...
2022-03-04 13:52:43 - Pcap is listening...
2022-03-04 13:53:28 - Pcap is listening...
2022-03-04 13:55:14 - Pcap is listening...
2022-03-07 15:44:41 - Pcap is listening...
2022-03-09 11:22:01 - Pcap is listening...
2022-03-14 13:46:31 - Pcap is listening...
2022-03-17 10:11:34 - Pcap is listening...
2022-03-17 10:33:32 - Pcap stop listening
2022-03-17 10:33:32 - path:/home/eyolin/dev/IDS/CICFlowMeter-4.0/bin/data/daily/2022-03-17_Flow.csv
2022-03-17 10:33:53 - Pcap is listening...
2022-03-17 10:52:02 - Pcap stop listening
2022-03-17 10:52:02 - path:/home/eyolin/dev/IDS/CICFlowMeter-4.0/bin/data/daily/2022-03-17_Flow.csv
2022-03-17 10:52:06 - Pcap is listening...
2022-03-17 10:52:49 - Pcap stop listening
2022-03-17 10:52:49 - path:/home/eyolin/dev/IDS/CICFlowMeter-4.0/bin/data/daily/2022-03-17_Flow.csv
2022-03-17 10:52:53 - Pcap is listening...
2022-03-17 11:02:13 - Pcap stop listening
2022-03-17 11:02:13 - path:/home/eyolin/dev/IDS/CICFlowMeter-4.0/bin/data/daily/2022-03-17_Flow.csv
2022-03-17 11:02:18 - Pcap is listening...
2022-03-18 16:48:56 - Pcap is listening...
2022-03-29 15:29:23 - Pcap is listening...
